<?xml version="1.0" encoding="UTF-8"?>
<coverage generated="1529193643673" clover="3.2.0">
  <project timestamp="1529193643673" name="All files">
    <metrics statements="801" coveredstatements="722" conditionals="384" coveredconditionals="283" methods="273" coveredmethods="229" elements="1458" coveredelements="1234" complexity="0" loc="801" ncloc="801" packages="19" files="49" classes="49">
      <package name="actions">
        <metrics statements="53" coveredstatements="48" conditionals="6" coveredconditionals="4" methods="8" coveredmethods="8"/>
        <file name="authActions.js" path="/Users/gabrielmicah/Desktop/projects/event-manager/client/src/actions/authActions.js">
          <metrics statements="18" coveredstatements="13" conditionals="6" coveredconditionals="4" methods="8" coveredmethods="8"/>
          <line num="7" count="16" type="stmt"/>
          <line num="9" count="16" type="stmt"/>
          <line num="14" count="16" type="stmt"/>
          <line num="19" count="16" type="stmt"/>
          <line num="20" count="2" type="stmt"/>
          <line num="21" count="2" type="stmt"/>
          <line num="22" count="2" type="stmt"/>
          <line num="25" count="16" type="stmt"/>
          <line num="27" count="16" type="stmt"/>
          <line num="28" count="1" type="stmt"/>
          <line num="29" count="1" type="cond" truecount="1" falsecount="1"/>
          <line num="30" count="0" type="stmt"/>
          <line num="31" count="0" type="stmt"/>
          <line num="32" count="0" type="stmt"/>
          <line num="33" count="0" type="stmt"/>
          <line num="34" count="1" type="cond" truecount="3" falsecount="1"/>
          <line num="35" count="0" type="stmt"/>
          <line num="39" count="16" type="stmt"/>
        </file>
        <file name="index.js" path="/Users/gabrielmicah/Desktop/projects/event-manager/client/src/actions/index.js">
          <metrics statements="35" coveredstatements="35" conditionals="0" coveredconditionals="0" methods="0" coveredmethods="0"/>
          <line num="4" count="28" type="stmt"/>
          <line num="10" count="28" type="stmt"/>
          <line num="16" count="28" type="stmt"/>
          <line num="23" count="28" type="stmt"/>
          <line num="30" count="28" type="stmt"/>
          <line num="37" count="28" type="stmt"/>
          <line num="43" count="28" type="stmt"/>
          <line num="49" count="28" type="stmt"/>
          <line num="55" count="28" type="stmt"/>
          <line num="62" count="28" type="stmt"/>
          <line num="69" count="28" type="stmt"/>
          <line num="75" count="28" type="stmt"/>
          <line num="81" count="28" type="stmt"/>
          <line num="87" count="28" type="stmt"/>
          <line num="93" count="28" type="stmt"/>
          <line num="99" count="28" type="stmt"/>
          <line num="106" count="28" type="stmt"/>
          <line num="112" count="28" type="stmt"/>
          <line num="118" count="28" type="stmt"/>
          <line num="124" count="28" type="stmt"/>
          <line num="126" count="28" type="stmt"/>
          <line num="127" count="28" type="stmt"/>
          <line num="128" count="28" type="stmt"/>
          <line num="130" count="28" type="stmt"/>
          <line num="131" count="28" type="stmt"/>
          <line num="132" count="28" type="stmt"/>
          <line num="134" count="28" type="stmt"/>
          <line num="135" count="28" type="stmt"/>
          <line num="137" count="28" type="stmt"/>
          <line num="138" count="28" type="stmt"/>
          <line num="139" count="28" type="stmt"/>
          <line num="140" count="28" type="stmt"/>
          <line num="141" count="28" type="stmt"/>
          <line num="142" count="28" type="stmt"/>
          <line num="144" count="28" type="stmt"/>
        </file>
      </package>
      <package name="actions.center-actions">
        <metrics statements="55" coveredstatements="50" conditionals="20" coveredconditionals="14" methods="23" coveredmethods="22"/>
        <file name="activeCenterAction.js" path="/Users/gabrielmicah/Desktop/projects/event-manager/client/src/actions/center-actions/activeCenterAction.js">
          <metrics statements="16" coveredstatements="15" conditionals="7" coveredconditionals="5" methods="7" coveredmethods="7"/>
          <line num="4" count="5" type="stmt"/>
          <line num="6" count="5" type="cond" truecount="0" falsecount="1"/>
          <line num="7" count="5" type="cond" truecount="3" falsecount="1"/>
          <line num="9" count="2" type="stmt"/>
          <line num="15" count="2" type="stmt"/>
          <line num="20" count="1" type="stmt"/>
          <line num="25" count="0" type="stmt"/>
          <line num="29" count="5" type="stmt"/>
          <line num="30" count="4" type="cond" truecount="2" falsecount="0"/>
          <line num="31" count="2" type="stmt"/>
          <line num="32" count="2" type="stmt"/>
          <line num="35" count="1" type="stmt"/>
          <line num="38" count="1" type="stmt"/>
          <line num="39" count="1" type="stmt"/>
          <line num="43" count="5" type="stmt"/>
          <line num="44" count="1" type="stmt"/>
        </file>
        <file name="deleteCenterAction.js" path="/Users/gabrielmicah/Desktop/projects/event-manager/client/src/actions/center-actions/deleteCenterAction.js">
          <metrics statements="8" coveredstatements="8" conditionals="0" coveredconditionals="0" methods="5" coveredmethods="5"/>
          <line num="4" count="5" type="stmt"/>
          <line num="9" count="5" type="stmt"/>
          <line num="10" count="2" type="stmt"/>
          <line num="11" count="2" type="stmt"/>
          <line num="12" count="2" type="stmt"/>
          <line num="15" count="1" type="stmt"/>
          <line num="18" count="1" type="stmt"/>
          <line num="19" count="1" type="stmt"/>
        </file>
        <file name="fetchCenterAction.js" path="/Users/gabrielmicah/Desktop/projects/event-manager/client/src/actions/center-actions/fetchCenterAction.js">
          <metrics statements="29" coveredstatements="25" conditionals="13" coveredconditionals="9" methods="10" coveredmethods="9"/>
          <line num="14" count="11" type="stmt"/>
          <line num="16" count="11" type="cond" truecount="0" falsecount="1"/>
          <line num="17" count="10" type="cond" truecount="4" falsecount="1"/>
          <line num="19" count="2" type="stmt"/>
          <line num="25" count="3" type="stmt"/>
          <line num="30" count="2" type="stmt"/>
          <line num="36" count="3" type="stmt"/>
          <line num="41" count="0" type="stmt"/>
          <line num="45" count="11" type="cond" truecount="1" falsecount="0"/>
          <line num="46" count="3" type="cond" truecount="2" falsecount="0"/>
          <line num="48" count="1" type="stmt"/>
          <line num="51" count="2" type="stmt"/>
          <line num="58" count="11" type="stmt"/>
          <line num="59" count="1" type="stmt"/>
          <line num="60" count="1" type="stmt"/>
          <line num="63" count="1" type="stmt"/>
          <line num="64" count="1" type="stmt"/>
          <line num="65" count="1" type="stmt"/>
          <line num="66" count="1" type="stmt"/>
          <line num="69" count="0" type="stmt"/>
          <line num="70" count="0" type="stmt"/>
          <line num="74" count="11" type="stmt"/>
          <line num="75" count="2" type="stmt"/>
          <line num="76" count="2" type="stmt"/>
          <line num="79" count="1" type="cond" truecount="1" falsecount="1"/>
          <line num="80" count="0" type="stmt"/>
          <line num="82" count="1" type="stmt"/>
          <line num="86" count="1" type="cond" truecount="1" falsecount="1"/>
          <line num="87" count="1" type="stmt"/>
        </file>
        <file name="fetchCenterRelatedTo.js" path="/Users/gabrielmicah/Desktop/projects/event-manager/client/src/actions/center-actions/fetchCenterRelatedTo.js">
          <metrics statements="2" coveredstatements="2" conditionals="0" coveredconditionals="0" methods="1" coveredmethods="1"/>
          <line num="3" count="5" type="stmt"/>
          <line num="4" count="2" type="stmt"/>
        </file>
      </package>
      <package name="components">
        <metrics statements="9" coveredstatements="9" conditionals="0" coveredconditionals="0" methods="6" coveredmethods="6"/>
        <file name="App.jsx" path="/Users/gabrielmicah/Desktop/projects/event-manager/client/src/components/App.jsx">
          <metrics statements="1" coveredstatements="1" conditionals="0" coveredconditionals="0" methods="1" coveredmethods="1"/>
          <line num="12" count="1" type="stmt"/>
        </file>
        <file name="HomePage.jsx" path="/Users/gabrielmicah/Desktop/projects/event-manager/client/src/components/HomePage.jsx">
          <metrics statements="1" coveredstatements="1" conditionals="0" coveredconditionals="0" methods="1" coveredmethods="1"/>
          <line num="19" count="1" type="stmt"/>
        </file>
        <file name="Main.jsx" path="/Users/gabrielmicah/Desktop/projects/event-manager/client/src/components/Main.jsx">
          <metrics statements="1" coveredstatements="1" conditionals="0" coveredconditionals="0" methods="1" coveredmethods="1"/>
          <line num="21" count="1" type="stmt"/>
        </file>
        <file name="NoMatch.jsx" path="/Users/gabrielmicah/Desktop/projects/event-manager/client/src/components/NoMatch.jsx">
          <metrics statements="1" coveredstatements="1" conditionals="0" coveredconditionals="0" methods="1" coveredmethods="1"/>
          <line num="17" count="1" type="stmt"/>
        </file>
        <file name="loader.jsx" path="/Users/gabrielmicah/Desktop/projects/event-manager/client/src/components/loader.jsx">
          <metrics statements="5" coveredstatements="5" conditionals="0" coveredconditionals="0" methods="2" coveredmethods="2"/>
          <line num="3" count="12" type="stmt"/>
          <line num="4" count="1" type="stmt"/>
          <line num="9" count="12" type="stmt"/>
          <line num="10" count="1" type="stmt"/>
          <line num="63" count="12" type="stmt"/>
        </file>
      </package>
      <package name="components.authentication">
        <metrics statements="44" coveredstatements="44" conditionals="30" coveredconditionals="24" methods="5" coveredmethods="5"/>
        <file name="AuthFooter.jsx" path="/Users/gabrielmicah/Desktop/projects/event-manager/client/src/components/authentication/AuthFooter.jsx">
          <metrics statements="1" coveredstatements="1" conditionals="0" coveredconditionals="0" methods="1" coveredmethods="1"/>
          <line num="12" count="1" type="stmt"/>
        </file>
        <file name="AuthHeader.jsx" path="/Users/gabrielmicah/Desktop/projects/event-manager/client/src/components/authentication/AuthHeader.jsx">
          <metrics statements="1" coveredstatements="1" conditionals="0" coveredconditionals="0" methods="1" coveredmethods="1"/>
          <line num="12" count="1" type="stmt"/>
        </file>
        <file name="setAuthenticationToken.js" path="/Users/gabrielmicah/Desktop/projects/event-manager/client/src/components/authentication/setAuthenticationToken.js">
          <metrics statements="4" coveredstatements="4" conditionals="2" coveredconditionals="2" methods="1" coveredmethods="1"/>
          <line num="3" count="29" type="stmt"/>
          <line num="4" count="7" type="cond" truecount="2" falsecount="0"/>
          <line num="5" count="1" type="stmt"/>
          <line num="7" count="6" type="stmt"/>
        </file>
        <file name="validateInput.js" path="/Users/gabrielmicah/Desktop/projects/event-manager/client/src/components/authentication/validateInput.js">
          <metrics statements="38" coveredstatements="38" conditionals="28" coveredconditionals="22" methods="2" coveredmethods="2"/>
          <line num="6" count="7" type="stmt"/>
          <line num="7" count="7" type="stmt"/>
          <line num="10" count="4" type="stmt"/>
          <line num="11" count="4" type="stmt"/>
          <line num="12" count="4" type="cond" truecount="1" falsecount="1"/>
          <line num="13" count="4" type="stmt"/>
          <line num="15" count="4" type="cond" truecount="1" falsecount="1"/>
          <line num="16" count="4" type="stmt"/>
          <line num="19" count="4" type="cond" truecount="2" falsecount="0"/>
          <line num="20" count="1" type="stmt"/>
          <line num="21" count="3" type="cond" truecount="2" falsecount="0"/>
          <line num="22" count="1" type="stmt"/>
          <line num="25" count="4" type="cond" truecount="2" falsecount="0"/>
          <line num="26" count="3" type="stmt"/>
          <line num="27" count="1" type="cond" truecount="1" falsecount="1"/>
          <line num="28" count="1" type="stmt"/>
          <line num="31" count="4" type="cond" truecount="2" falsecount="0"/>
          <line num="32" count="3" type="stmt"/>
          <line num="33" count="1" type="cond" truecount="1" falsecount="1"/>
          <line num="34" count="1" type="stmt"/>
          <line num="40" count="4" type="cond" truecount="2" falsecount="0"/>
          <line num="41" count="3" type="stmt"/>
          <line num="44" count="4" type="cond" truecount="2" falsecount="0"/>
          <line num="45" count="1" type="stmt"/>
          <line num="47" count="4" type="stmt"/>
          <line num="49" count="4" type="stmt"/>
          <line num="56" count="3" type="stmt"/>
          <line num="57" count="3" type="stmt"/>
          <line num="58" count="3" type="cond" truecount="2" falsecount="0"/>
          <line num="59" count="2" type="stmt"/>
          <line num="62" count="3" type="cond" truecount="1" falsecount="1"/>
          <line num="63" count="3" type="stmt"/>
          <line num="66" count="3" type="cond" truecount="2" falsecount="0"/>
          <line num="67" count="2" type="stmt"/>
          <line num="68" count="1" type="cond" truecount="1" falsecount="1"/>
          <line num="69" count="1" type="stmt"/>
          <line num="74" count="3" type="stmt"/>
          <line num="76" count="3" type="stmt"/>
        </file>
      </package>
      <package name="components.authentication.signin">
        <metrics statements="30" coveredstatements="24" conditionals="18" coveredconditionals="12" methods="10" coveredmethods="8"/>
        <file name="SignIn.jsx" path="/Users/gabrielmicah/Desktop/projects/event-manager/client/src/components/authentication/signin/SignIn.jsx">
          <metrics statements="1" coveredstatements="1" conditionals="0" coveredconditionals="0" methods="1" coveredmethods="1"/>
          <line num="17" count="1" type="stmt"/>
        </file>
        <file name="SignInForm.jsx" path="/Users/gabrielmicah/Desktop/projects/event-manager/client/src/components/authentication/signin/SignInForm.jsx">
          <metrics statements="29" coveredstatements="23" conditionals="18" coveredconditionals="12" methods="9" coveredmethods="7"/>
          <line num="20" count="5" type="stmt"/>
          <line num="21" count="5" type="stmt"/>
          <line num="29" count="5" type="stmt"/>
          <line num="30" count="5" type="stmt"/>
          <line num="39" count="2" type="cond" truecount="2" falsecount="0"/>
          <line num="40" count="1" type="stmt"/>
          <line num="41" count="1" type="stmt"/>
          <line num="42" count="1" type="stmt"/>
          <line num="47" count="1" type="stmt"/>
          <line num="56" count="1" type="stmt"/>
          <line num="57" count="1" type="cond" truecount="1" falsecount="1"/>
          <line num="58" count="1" type="stmt"/>
          <line num="60" count="1" type="stmt"/>
          <line num="69" count="1" type="stmt"/>
          <line num="70" count="1" type="cond" truecount="1" falsecount="1"/>
          <line num="71" count="0" type="stmt"/>
          <line num="72" count="0" type="stmt"/>
          <line num="75" count="0" type="cond" truecount="0" falsecount="2"/>
          <line num="76" count="0" type="stmt"/>
          <line num="81" count="0" type="stmt"/>
          <line num="90" count="0" type="stmt"/>
          <line num="104" count="11" type="stmt"/>
          <line num="105" count="11" type="stmt"/>
          <line num="107" count="11" type="cond" truecount="2" falsecount="0"/>
          <line num="108" count="1" type="stmt"/>
          <line num="111" count="10" type="stmt"/>
          <line num="190" count="4" type="stmt"/>
          <line num="194" count="4" type="stmt"/>
          <line num="195" count="1" type="stmt"/>
        </file>
      </package>
      <package name="components.authentication.signout">
        <metrics statements="7" coveredstatements="7" conditionals="2" coveredconditionals="1" methods="5" coveredmethods="4"/>
        <file name="SignOut.jsx" path="/Users/gabrielmicah/Desktop/projects/event-manager/client/src/components/authentication/signout/SignOut.jsx">
          <metrics statements="7" coveredstatements="7" conditionals="2" coveredconditionals="1" methods="5" coveredmethods="4"/>
          <line num="15" count="2" type="stmt"/>
          <line num="24" count="1" type="cond" truecount="1" falsecount="1"/>
          <line num="25" count="1" type="stmt"/>
          <line num="35" count="3" type="stmt"/>
          <line num="41" count="3" type="stmt"/>
          <line num="45" count="3" type="stmt"/>
          <line num="46" count="1" type="stmt"/>
        </file>
      </package>
      <package name="components.authentication.signup">
        <metrics statements="40" coveredstatements="31" conditionals="30" coveredconditionals="23" methods="13" coveredmethods="9"/>
        <file name="SignUp.jsx" path="/Users/gabrielmicah/Desktop/projects/event-manager/client/src/components/authentication/signup/SignUp.jsx">
          <metrics statements="9" coveredstatements="9" conditionals="4" coveredconditionals="4" methods="5" coveredmethods="4"/>
          <line num="20" count="2" type="stmt"/>
          <line num="21" count="2" type="stmt"/>
          <line num="31" count="2" type="cond" truecount="2" falsecount="0"/>
          <line num="32" count="1" type="stmt"/>
          <line num="41" count="6" type="cond" truecount="2" falsecount="0"/>
          <line num="42" count="3" type="stmt"/>
          <line num="44" count="3" type="stmt"/>
          <line num="65" count="3" type="stmt"/>
          <line num="69" count="3" type="stmt"/>
        </file>
        <file name="SignUpForm.jsx" path="/Users/gabrielmicah/Desktop/projects/event-manager/client/src/components/authentication/signup/SignUpForm.jsx">
          <metrics statements="31" coveredstatements="22" conditionals="26" coveredconditionals="19" methods="8" coveredmethods="5"/>
          <line num="17" count="1" type="stmt"/>
          <line num="18" count="1" type="stmt"/>
          <line num="32" count="1" type="stmt"/>
          <line num="33" count="1" type="stmt"/>
          <line num="42" count="2" type="cond" truecount="2" falsecount="0"/>
          <line num="43" count="1" type="stmt"/>
          <line num="44" count="1" type="stmt"/>
          <line num="45" count="1" type="stmt"/>
          <line num="50" count="1" type="stmt"/>
          <line num="59" count="2" type="stmt"/>
          <line num="60" count="2" type="cond" truecount="1" falsecount="1"/>
          <line num="61" count="2" type="stmt"/>
          <line num="63" count="2" type="stmt"/>
          <line num="72" count="1" type="stmt"/>
          <line num="74" count="1" type="cond" truecount="1" falsecount="1"/>
          <line num="75" count="0" type="stmt"/>
          <line num="80" count="0" type="stmt"/>
          <line num="83" count="0" type="stmt"/>
          <line num="89" count="0" type="stmt"/>
          <line num="90" count="0" type="stmt"/>
          <line num="91" count="0" type="cond" truecount="0" falsecount="2"/>
          <line num="92" count="0" type="stmt"/>
          <line num="97" count="0" type="stmt"/>
          <line num="104" count="0" type="stmt"/>
          <line num="116" count="10" type="stmt"/>
          <line num="117" count="10" type="stmt"/>
          <line num="118" count="10" type="cond" truecount="2" falsecount="0"/>
          <line num="119" count="2" type="stmt"/>
          <line num="122" count="8" type="stmt"/>
          <line num="123" count="8" type="stmt"/>
          <line num="236" count="4" type="stmt"/>
        </file>
      </package>
      <package name="components.bodyComponents">
        <metrics statements="63" coveredstatements="57" conditionals="34" coveredconditionals="27" methods="28" coveredmethods="21"/>
        <file name="IndexCenterCardHolder.jsx" path="/Users/gabrielmicah/Desktop/projects/event-manager/client/src/components/bodyComponents/IndexCenterCardHolder.jsx">
          <metrics statements="32" coveredstatements="27" conditionals="16" coveredconditionals="11" methods="13" coveredmethods="10"/>
          <line num="29" count="4" type="stmt"/>
          <line num="30" count="4" type="stmt"/>
          <line num="31" count="4" type="stmt"/>
          <line num="42" count="4" type="stmt"/>
          <line num="43" count="4" type="stmt"/>
          <line num="54" count="1" type="stmt"/>
          <line num="55" count="1" type="stmt"/>
          <line num="57" count="1" type="cond" truecount="1" falsecount="1"/>
          <line num="58" count="1" type="stmt"/>
          <line num="74" count="3" type="stmt"/>
          <line num="75" count="3" type="stmt"/>
          <line num="76" count="0" type="stmt"/>
          <line num="78" count="0" type="stmt"/>
          <line num="80" count="0" type="stmt"/>
          <line num="94" count="1" type="stmt"/>
          <line num="95" count="1" type="stmt"/>
          <line num="109" count="4" type="stmt"/>
          <line num="111" count="4" type="cond" truecount="3" falsecount="1"/>
          <line num="112" count="4" type="cond" truecount="2" falsecount="0"/>
          <line num="113" count="2" type="stmt"/>
          <line num="115" count="2" type="cond" truecount="1" falsecount="1"/>
          <line num="116" count="0" type="stmt"/>
          <line num="118" count="0" type="stmt"/>
          <line num="133" count="3" type="stmt"/>
          <line num="134" count="3" type="cond" truecount="1" falsecount="1"/>
          <line num="135" count="3" type="stmt"/>
          <line num="148" count="7" type="stmt"/>
          <line num="149" count="7" type="stmt"/>
          <line num="171" count="4" type="stmt"/>
          <line num="177" count="4" type="stmt"/>
          <line num="178" count="1" type="stmt"/>
          <line num="184" count="4" type="stmt"/>
        </file>
        <file name="MyEventCardHolder.jsx" path="/Users/gabrielmicah/Desktop/projects/event-manager/client/src/components/bodyComponents/MyEventCardHolder.jsx">
          <metrics statements="23" coveredstatements="22" conditionals="14" coveredconditionals="12" methods="11" coveredmethods="8"/>
          <line num="26" count="4" type="stmt"/>
          <line num="27" count="4" type="stmt"/>
          <line num="39" count="4" type="stmt"/>
          <line num="40" count="4" type="stmt"/>
          <line num="49" count="3" type="cond" truecount="2" falsecount="0"/>
          <line num="52" count="1" type="stmt"/>
          <line num="53" count="1" type="stmt"/>
          <line num="55" count="1" type="stmt"/>
          <line num="65" count="2" type="stmt"/>
          <line num="77" count="1" type="stmt"/>
          <line num="78" count="1" type="stmt"/>
          <line num="86" count="6" type="stmt"/>
          <line num="87" count="6" type="cond" truecount="2" falsecount="0"/>
          <line num="88" count="4" type="stmt"/>
          <line num="101" count="6" type="stmt"/>
          <line num="102" count="6" type="cond" truecount="2" falsecount="0"/>
          <line num="103" count="2" type="stmt"/>
          <line num="104" count="4" type="stmt"/>
          <line num="117" count="10" type="stmt"/>
          <line num="118" count="10" type="stmt"/>
          <line num="140" count="0" type="stmt"/>
          <line num="154" count="4" type="stmt"/>
          <line num="160" count="4" type="stmt"/>
        </file>
        <file name="MyEvents.jsx" path="/Users/gabrielmicah/Desktop/projects/event-manager/client/src/components/bodyComponents/MyEvents.jsx">
          <metrics statements="8" coveredstatements="8" conditionals="4" coveredconditionals="4" methods="4" coveredmethods="3"/>
          <line num="20" count="2" type="stmt"/>
          <line num="21" count="2" type="stmt"/>
          <line num="31" count="2" type="cond" truecount="2" falsecount="0"/>
          <line num="32" count="1" type="stmt"/>
          <line num="41" count="2" type="cond" truecount="2" falsecount="0"/>
          <line num="42" count="1" type="stmt"/>
          <line num="45" count="1" type="stmt"/>
          <line num="59" count="3" type="stmt"/>
        </file>
      </package>
      <package name="components.bodyComponents.eventsCard">
        <metrics statements="37" coveredstatements="32" conditionals="24" coveredconditionals="19" methods="18" coveredmethods="12"/>
        <file name="EventCard.jsx" path="/Users/gabrielmicah/Desktop/projects/event-manager/client/src/components/bodyComponents/eventsCard/EventCard.jsx">
          <metrics statements="37" coveredstatements="32" conditionals="24" coveredconditionals="19" methods="18" coveredmethods="12"/>
          <line num="37" count="9" type="stmt"/>
          <line num="38" count="9" type="stmt"/>
          <line num="43" count="9" type="stmt"/>
          <line num="44" count="9" type="stmt"/>
          <line num="52" count="9" type="stmt"/>
          <line num="53" count="9" type="stmt"/>
          <line num="61" count="9" type="stmt"/>
          <line num="71" count="1" type="stmt"/>
          <line num="79" count="1" type="stmt"/>
          <line num="87" count="1" type="stmt"/>
          <line num="88" count="1" type="stmt"/>
          <line num="97" count="1" type="stmt"/>
          <line num="98" count="1" type="cond" truecount="0" falsecount="2"/>
          <line num="99" count="0" type="stmt"/>
          <line num="109" count="11" type="cond" truecount="1" falsecount="1"/>
          <line num="110" count="11" type="stmt"/>
          <line num="127" count="0" type="stmt"/>
          <line num="131" count="0" type="stmt"/>
          <line num="148" count="20" type="stmt"/>
          <line num="149" count="20" type="cond" truecount="2" falsecount="0"/>
          <line num="154" count="11" type="stmt"/>
          <line num="175" count="20" type="stmt"/>
          <line num="180" count="0" type="stmt"/>
          <line num="186" count="0" type="stmt"/>
          <line num="190" count="20" type="stmt"/>
          <line num="208" count="20" type="stmt"/>
          <line num="210" count="20" type="stmt"/>
          <line num="212" count="20" type="stmt"/>
          <line num="224" count="20" type="stmt"/>
          <line num="226" count="20" type="stmt"/>
          <line num="227" count="20" type="stmt"/>
          <line num="230" count="20" type="cond" truecount="2" falsecount="0"/>
          <line num="232" count="20" type="cond" truecount="2" falsecount="0"/>
          <line num="238" count="20" type="stmt"/>
          <line num="309" count="12" type="stmt"/>
          <line num="313" count="12" type="stmt"/>
          <line num="317" count="12" type="stmt"/>
        </file>
      </package>
      <package name="components.bodyComponents.floatingActionButton">
        <metrics statements="8" coveredstatements="8" conditionals="4" coveredconditionals="3" methods="4" coveredmethods="4"/>
        <file name="FloatingActionButton.jsx" path="/Users/gabrielmicah/Desktop/projects/event-manager/client/src/components/bodyComponents/floatingActionButton/FloatingActionButton.jsx">
          <metrics statements="8" coveredstatements="8" conditionals="4" coveredconditionals="3" methods="4" coveredmethods="4"/>
          <line num="13" count="2" type="stmt"/>
          <line num="21" count="1" type="stmt"/>
          <line num="38" count="2" type="cond" truecount="2" falsecount="0"/>
          <line num="39" count="1" type="stmt"/>
          <line num="40" count="1" type="cond" truecount="1" falsecount="1"/>
          <line num="42" count="1" type="stmt"/>
          <line num="48" count="1" type="stmt"/>
          <line num="52" count="7" type="stmt"/>
        </file>
      </package>
      <package name="components.bodyComponents.footer">
        <metrics statements="4" coveredstatements="4" conditionals="0" coveredconditionals="0" methods="3" coveredmethods="3"/>
        <file name="CallToAction.jsx" path="/Users/gabrielmicah/Desktop/projects/event-manager/client/src/components/bodyComponents/footer/CallToAction.jsx">
          <metrics statements="2" coveredstatements="2" conditionals="0" coveredconditionals="0" methods="2" coveredmethods="2"/>
          <line num="13" count="1" type="stmt"/>
          <line num="21" count="1" type="stmt"/>
        </file>
        <file name="Footer.jsx" path="/Users/gabrielmicah/Desktop/projects/event-manager/client/src/components/bodyComponents/footer/Footer.jsx">
          <metrics statements="2" coveredstatements="2" conditionals="0" coveredconditionals="0" methods="1" coveredmethods="1"/>
          <line num="13" count="1" type="stmt"/>
          <line num="14" count="1" type="stmt"/>
        </file>
      </package>
      <package name="components.bodyComponents.headNav">
        <metrics statements="81" coveredstatements="69" conditionals="20" coveredconditionals="16" methods="45" coveredmethods="35"/>
        <file name="fixedNav.jsx" path="/Users/gabrielmicah/Desktop/projects/event-manager/client/src/components/bodyComponents/headNav/fixedNav.jsx">
          <metrics statements="22" coveredstatements="19" conditionals="6" coveredconditionals="4" methods="14" coveredmethods="11"/>
          <line num="32" count="7" type="stmt"/>
          <line num="36" count="7" type="stmt"/>
          <line num="52" count="7" type="stmt"/>
          <line num="53" count="7" type="stmt"/>
          <line num="61" count="7" type="stmt"/>
          <line num="69" count="1" type="stmt"/>
          <line num="77" count="1" type="stmt"/>
          <line num="85" count="1" type="stmt"/>
          <line num="86" count="1" type="stmt"/>
          <line num="87" count="1" type="stmt"/>
          <line num="95" count="9" type="stmt"/>
          <line num="99" count="0" type="stmt"/>
          <line num="123" count="10" type="cond" truecount="2" falsecount="0"/>
          <line num="124" count="2" type="stmt"/>
          <line num="141" count="8" type="stmt"/>
          <line num="177" count="1" type="stmt"/>
          <line num="183" count="0" type="stmt"/>
          <line num="186" count="0" type="stmt"/>
          <line num="223" count="9" type="stmt"/>
          <line num="252" count="7" type="stmt"/>
          <line num="256" count="7" type="stmt"/>
          <line num="257" count="1" type="stmt"/>
        </file>
        <file name="headbanner.jsx" path="/Users/gabrielmicah/Desktop/projects/event-manager/client/src/components/bodyComponents/headNav/headbanner.jsx">
          <metrics statements="40" coveredstatements="34" conditionals="8" coveredconditionals="6" methods="18" coveredmethods="14"/>
          <line num="25" count="4" type="stmt"/>
          <line num="44" count="8" type="stmt"/>
          <line num="45" count="8" type="stmt"/>
          <line num="49" count="8" type="stmt"/>
          <line num="50" count="8" type="stmt"/>
          <line num="51" count="8" type="stmt"/>
          <line num="59" count="8" type="stmt"/>
          <line num="60" count="8" type="stmt"/>
          <line num="69" count="1" type="stmt"/>
          <line num="70" count="1" type="stmt"/>
          <line num="78" count="9" type="stmt"/>
          <line num="79" count="9" type="stmt"/>
          <line num="80" count="9" type="stmt"/>
          <line num="81" count="9" type="stmt"/>
          <line num="82" count="9" type="stmt"/>
          <line num="86" count="9" type="cond" truecount="1" falsecount="1"/>
          <line num="87" count="0" type="stmt"/>
          <line num="89" count="9" type="stmt"/>
          <line num="99" count="1" type="stmt"/>
          <line num="107" count="1" type="stmt"/>
          <line num="117" count="12" type="cond" truecount="2" falsecount="0"/>
          <line num="118" count="3" type="stmt"/>
          <line num="130" count="9" type="stmt"/>
          <line num="163" count="1" type="stmt"/>
          <line num="164" count="1" type="stmt"/>
          <line num="165" count="1" type="stmt"/>
          <line num="173" count="8" type="stmt"/>
          <line num="174" count="8" type="stmt"/>
          <line num="177" count="0" type="stmt"/>
          <line num="183" count="0" type="stmt"/>
          <line num="185" count="8" type="stmt"/>
          <line num="193" count="10" type="stmt"/>
          <line num="199" count="0" type="stmt"/>
          <line num="202" count="0" type="stmt"/>
          <line num="240" count="10" type="stmt"/>
          <line num="253" count="0" type="stmt"/>
          <line num="293" count="4" type="stmt"/>
          <line num="297" count="4" type="stmt"/>
          <line num="302" count="4" type="stmt"/>
          <line num="303" count="1" type="stmt"/>
        </file>
        <file name="nav.jsx" path="/Users/gabrielmicah/Desktop/projects/event-manager/client/src/components/bodyComponents/headNav/nav.jsx">
          <metrics statements="19" coveredstatements="16" conditionals="6" coveredconditionals="6" methods="13" coveredmethods="10"/>
          <line num="43" count="6" type="stmt"/>
          <line num="44" count="6" type="stmt"/>
          <line num="52" count="6" type="stmt"/>
          <line num="60" count="1" type="stmt"/>
          <line num="68" count="1" type="stmt"/>
          <line num="76" count="1" type="stmt"/>
          <line num="77" count="1" type="stmt"/>
          <line num="78" count="1" type="stmt"/>
          <line num="88" count="10" type="cond" truecount="2" falsecount="0"/>
          <line num="89" count="3" type="stmt"/>
          <line num="97" count="7" type="stmt"/>
          <line num="130" count="8" type="stmt"/>
          <line num="136" count="0" type="stmt"/>
          <line num="139" count="0" type="stmt"/>
          <line num="176" count="8" type="stmt"/>
          <line num="188" count="0" type="stmt"/>
          <line num="208" count="4" type="stmt"/>
          <line num="212" count="4" type="stmt"/>
          <line num="213" count="1" type="stmt"/>
        </file>
      </package>
      <package name="components.centerComponent.allCenters">
        <metrics statements="53" coveredstatements="47" conditionals="31" coveredconditionals="23" methods="20" coveredmethods="15"/>
        <file name="AllCenters.jsx" path="/Users/gabrielmicah/Desktop/projects/event-manager/client/src/components/centerComponent/allCenters/AllCenters.jsx">
          <metrics statements="40" coveredstatements="34" conditionals="20" coveredconditionals="15" methods="15" coveredmethods="10"/>
          <line num="29" count="1" type="stmt"/>
          <line num="30" count="1" type="stmt"/>
          <line num="31" count="1" type="stmt"/>
          <line num="35" count="1" type="stmt"/>
          <line num="43" count="1" type="stmt"/>
          <line num="44" count="1" type="stmt"/>
          <line num="55" count="6" type="stmt"/>
          <line num="56" count="6" type="stmt"/>
          <line num="60" count="6" type="cond" truecount="2" falsecount="0"/>
          <line num="61" count="2" type="stmt"/>
          <line num="62" count="2" type="stmt"/>
          <line num="63" count="2" type="stmt"/>
          <line num="65" count="2" type="cond" truecount="1" falsecount="1"/>
          <line num="69" count="6" type="cond" truecount="1" falsecount="1"/>
          <line num="70" count="6" type="stmt"/>
          <line num="87" count="1" type="stmt"/>
          <line num="88" count="1" type="stmt"/>
          <line num="96" count="12" type="stmt"/>
          <line num="97" count="12" type="stmt"/>
          <line num="98" count="0" type="stmt"/>
          <line num="100" count="0" type="stmt"/>
          <line num="102" count="0" type="stmt"/>
          <line num="116" count="1" type="stmt"/>
          <line num="117" count="1" type="stmt"/>
          <line num="131" count="15" type="stmt"/>
          <line num="133" count="15" type="cond" truecount="4" falsecount="0"/>
          <line num="134" count="12" type="cond" truecount="1" falsecount="1"/>
          <line num="135" count="0" type="stmt"/>
          <line num="137" count="12" type="cond" truecount="1" falsecount="1"/>
          <line num="138" count="12" type="stmt"/>
          <line num="140" count="0" type="stmt"/>
          <line num="155" count="13" type="stmt"/>
          <line num="156" count="13" type="cond" truecount="1" falsecount="1"/>
          <line num="157" count="13" type="stmt"/>
          <line num="170" count="15" type="stmt"/>
          <line num="171" count="15" type="stmt"/>
          <line num="199" count="4" type="stmt"/>
          <line num="206" count="4" type="stmt"/>
          <line num="210" count="4" type="stmt"/>
          <line num="211" count="0" type="stmt"/>
        </file>
        <file name="SearchFasterForm.jsx" path="/Users/gabrielmicah/Desktop/projects/event-manager/client/src/components/centerComponent/allCenters/SearchFasterForm.jsx">
          <metrics statements="12" coveredstatements="12" conditionals="11" coveredconditionals="8" methods="4" coveredmethods="4"/>
          <line num="18" count="1" type="stmt"/>
          <line num="19" count="1" type="stmt"/>
          <line num="24" count="1" type="stmt"/>
          <line num="25" count="1" type="stmt"/>
          <line num="34" count="1" type="stmt"/>
          <line num="45" count="1" type="stmt"/>
          <line num="46" count="1" type="stmt"/>
          <line num="50" count="1" type="cond" truecount="2" falsecount="3"/>
          <line num="51" count="1" type="stmt"/>
          <line num="62" count="3" type="stmt"/>
          <line num="64" count="3" type="stmt"/>
          <line num="115" count="7" type="stmt"/>
        </file>
        <file name="index.jsx" path="/Users/gabrielmicah/Desktop/projects/event-manager/client/src/components/centerComponent/allCenters/index.jsx">
          <metrics statements="1" coveredstatements="1" conditionals="0" coveredconditionals="0" methods="1" coveredmethods="1"/>
          <line num="20" count="1" type="stmt"/>
        </file>
      </package>
      <package name="components.centerComponent.centerCard">
        <metrics statements="8" coveredstatements="8" conditionals="2" coveredconditionals="1" methods="4" coveredmethods="4"/>
        <file name="CenterCard.jsx" path="/Users/gabrielmicah/Desktop/projects/event-manager/client/src/components/centerComponent/centerCard/CenterCard.jsx">
          <metrics statements="8" coveredstatements="8" conditionals="2" coveredconditionals="1" methods="4" coveredmethods="4"/>
          <line num="8" count="13" type="stmt"/>
          <line num="18" count="1" type="stmt"/>
          <line num="19" count="1" type="stmt"/>
          <line num="27" count="1" type="stmt"/>
          <line num="36" count="1" type="stmt"/>
          <line num="50" count="1" type="stmt"/>
          <line num="51" count="1" type="stmt"/>
          <line num="88" count="13" type="stmt"/>
        </file>
      </package>
      <package name="components.centerComponent.centerDetail">
        <metrics statements="89" coveredstatements="78" conditionals="42" coveredconditionals="24" methods="38" coveredmethods="33"/>
        <file name="CenterDetail.jsx" path="/Users/gabrielmicah/Desktop/projects/event-manager/client/src/components/centerComponent/centerDetail/CenterDetail.jsx">
          <metrics statements="47" coveredstatements="39" conditionals="26" coveredconditionals="13" methods="16" coveredmethods="14"/>
          <line num="31" count="4" type="stmt"/>
          <line num="42" count="1" type="stmt"/>
          <line num="44" count="1" type="stmt"/>
          <line num="55" count="1" type="stmt"/>
          <line num="56" count="1" type="stmt"/>
          <line num="64" count="1" type="stmt"/>
          <line num="65" count="1" type="stmt"/>
          <line num="66" count="1" type="stmt"/>
          <line num="67" count="1" type="stmt"/>
          <line num="68" count="1" type="cond" truecount="1" falsecount="1"/>
          <line num="69" count="1" type="stmt"/>
          <line num="79" count="2" type="stmt"/>
          <line num="80" count="2" type="cond" truecount="2" falsecount="0"/>
          <line num="81" count="2" type="cond" truecount="2" falsecount="0"/>
          <line num="83" count="2" type="cond" truecount="1" falsecount="1"/>
          <line num="84" count="0" type="stmt"/>
          <line num="87" count="2" type="cond" truecount="2" falsecount="0"/>
          <line num="88" count="1" type="cond" truecount="1" falsecount="1"/>
          <line num="89" count="0" type="stmt"/>
          <line num="90" count="0" type="stmt"/>
          <line num="92" count="1" type="stmt"/>
          <line num="104" count="1" type="stmt"/>
          <line num="112" count="1" type="stmt"/>
          <line num="113" count="1" type="stmt"/>
          <line num="121" count="1" type="stmt"/>
          <line num="129" count="0" type="stmt"/>
          <line num="137" count="0" type="stmt"/>
          <line num="145" count="1" type="stmt"/>
          <line num="149" count="1" type="cond" truecount="1" falsecount="1"/>
          <line num="150" count="1" type="stmt"/>
          <line num="180" count="1" type="stmt"/>
          <line num="181" count="1" type="cond" truecount="1" falsecount="1"/>
          <line num="182" count="1" type="stmt"/>
          <line num="192" count="1" type="cond" truecount="1" falsecount="1"/>
          <line num="193" count="1" type="stmt"/>
          <line num="208" count="1" type="stmt"/>
          <line num="209" count="13" type="stmt"/>
          <line num="218" count="8" type="stmt"/>
          <line num="219" count="8" type="cond" truecount="1" falsecount="1"/>
          <line num="230" count="0" type="stmt"/>
          <line num="232" count="0" type="stmt"/>
          <line num="240" count="0" type="stmt"/>
          <line num="335" count="8" type="stmt"/>
          <line num="339" count="4" type="stmt"/>
          <line num="345" count="4" type="stmt"/>
          <line num="350" count="4" type="stmt"/>
          <line num="351" count="1" type="stmt"/>
        </file>
        <file name="CurrentEventForCenter.jsx" path="/Users/gabrielmicah/Desktop/projects/event-manager/client/src/components/centerComponent/centerDetail/CurrentEventForCenter.jsx">
          <metrics statements="23" coveredstatements="21" conditionals="8" coveredconditionals="6" methods="11" coveredmethods="9"/>
          <line num="18" count="2" type="stmt"/>
          <line num="19" count="2" type="stmt"/>
          <line num="23" count="2" type="stmt"/>
          <line num="24" count="2" type="stmt"/>
          <line num="28" count="1" type="stmt"/>
          <line num="32" count="1" type="stmt"/>
          <line num="36" count="13" type="stmt"/>
          <line num="41" count="0" type="stmt"/>
          <line num="51" count="13" type="stmt"/>
          <line num="64" count="13" type="stmt"/>
          <line num="65" count="12" type="stmt"/>
          <line num="81" count="13" type="cond" truecount="1" falsecount="1"/>
          <line num="82" count="13" type="stmt"/>
          <line num="89" count="0" type="stmt"/>
          <line num="112" count="4" type="stmt"/>
          <line num="114" count="4" type="cond" truecount="2" falsecount="0"/>
          <line num="115" count="3" type="stmt"/>
          <line num="116" count="12" type="stmt"/>
          <line num="132" count="1" type="stmt"/>
          <line num="139" count="4" type="stmt"/>
          <line num="150" count="5" type="stmt"/>
          <line num="154" count="5" type="stmt"/>
          <line num="155" count="1" type="stmt"/>
        </file>
        <file name="RecommCenter.jsx" path="/Users/gabrielmicah/Desktop/projects/event-manager/client/src/components/centerComponent/centerDetail/RecommCenter.jsx">
          <metrics statements="17" coveredstatements="16" conditionals="8" coveredconditionals="5" methods="9" coveredmethods="8"/>
          <line num="20" count="1" type="stmt"/>
          <line num="21" count="1" type="stmt"/>
          <line num="22" count="1" type="stmt"/>
          <line num="36" count="1" type="stmt"/>
          <line num="45" count="1" type="stmt"/>
          <line num="54" count="2" type="stmt"/>
          <line num="56" count="0" type="stmt"/>
          <line num="59" count="2" type="stmt"/>
          <line num="72" count="5" type="cond" truecount="2" falsecount="0"/>
          <line num="73" count="2" type="stmt"/>
          <line num="74" count="8" type="stmt"/>
          <line num="76" count="8" type="stmt"/>
          <line num="83" count="3" type="stmt"/>
          <line num="95" count="4" type="stmt"/>
          <line num="96" count="4" type="stmt"/>
          <line num="97" count="4" type="stmt"/>
          <line num="113" count="5" type="stmt"/>
        </file>
        <file name="index.jsx" path="/Users/gabrielmicah/Desktop/projects/event-manager/client/src/components/centerComponent/centerDetail/index.jsx">
          <metrics statements="2" coveredstatements="2" conditionals="0" coveredconditionals="0" methods="2" coveredmethods="2"/>
          <line num="19" count="1" type="stmt"/>
          <line num="66" count="1" type="stmt"/>
        </file>
      </package>
      <package name="components.form">
        <metrics statements="6" coveredstatements="6" conditionals="5" coveredconditionals="5" methods="1" coveredmethods="1"/>
        <file name="formInput.jsx" path="/Users/gabrielmicah/Desktop/projects/event-manager/client/src/components/form/formInput.jsx">
          <metrics statements="6" coveredstatements="6" conditionals="5" coveredconditionals="5" methods="1" coveredmethods="1"/>
          <line num="4" count="18" type="stmt"/>
          <line num="7" count="20" type="stmt"/>
          <line num="23" count="18" type="stmt"/>
          <line num="24" count="18" type="stmt"/>
          <line num="25" count="18" type="stmt"/>
          <line num="27" count="18" type="stmt"/>
        </file>
      </package>
      <package name="components.modals">
        <metrics statements="118" coveredstatements="113" conditionals="62" coveredconditionals="45" methods="33" coveredmethods="31"/>
        <file name="CenterModal.jsx" path="/Users/gabrielmicah/Desktop/projects/event-manager/client/src/components/modals/CenterModal.jsx">
          <metrics statements="1" coveredstatements="1" conditionals="0" coveredconditionals="0" methods="1" coveredmethods="1"/>
          <line num="13" count="1" type="stmt"/>
        </file>
        <file name="EventModal.jsx" path="/Users/gabrielmicah/Desktop/projects/event-manager/client/src/components/modals/EventModal.jsx">
          <metrics statements="61" coveredstatements="57" conditionals="38" coveredconditionals="27" methods="16" coveredmethods="16"/>
          <line num="18" count="5" type="stmt"/>
          <line num="26" count="1" type="stmt"/>
          <line num="28" count="1" type="stmt"/>
          <line num="29" count="1" type="stmt"/>
          <line num="30" count="1" type="stmt"/>
          <line num="31" count="1" type="stmt"/>
          <line num="33" count="1" type="stmt"/>
          <line num="49" count="1" type="stmt"/>
          <line num="50" count="1" type="stmt"/>
          <line num="51" count="1" type="stmt"/>
          <line num="52" count="1" type="stmt"/>
          <line num="53" count="1" type="stmt"/>
          <line num="54" count="1" type="stmt"/>
          <line num="55" count="1" type="stmt"/>
          <line num="56" count="1" type="stmt"/>
          <line num="60" count="1" type="cond" truecount="1" falsecount="1"/>
          <line num="61" count="1" type="cond" truecount="1" falsecount="1"/>
          <line num="68" count="1" type="stmt"/>
          <line num="69" count="1" type="stmt"/>
          <line num="80" count="0" type="stmt"/>
          <line num="88" count="1" type="stmt"/>
          <line num="92" count="1" type="cond" truecount="1" falsecount="1"/>
          <line num="93" count="1" type="cond" truecount="1" falsecount="1"/>
          <line num="94" count="1" type="cond" truecount="1" falsecount="1"/>
          <line num="98" count="1" type="stmt"/>
          <line num="99" count="1" type="cond" truecount="1" falsecount="1"/>
          <line num="100" count="0" type="stmt"/>
          <line num="102" count="1" type="stmt"/>
          <line num="106" count="1" type="cond" truecount="1" falsecount="1"/>
          <line num="107" count="1" type="stmt"/>
          <line num="112" count="1" type="stmt"/>
          <line num="116" count="0" type="stmt"/>
          <line num="123" count="1" type="cond" truecount="1" falsecount="1"/>
          <line num="124" count="1" type="stmt"/>
          <line num="129" count="1" type="stmt"/>
          <line num="133" count="0" type="stmt"/>
          <line num="140" count="1" type="stmt"/>
          <line num="144" count="1" type="stmt"/>
          <line num="148" count="2" type="cond" truecount="2" falsecount="0"/>
          <line num="149" count="1" type="stmt"/>
          <line num="150" count="1" type="stmt"/>
          <line num="151" count="1" type="stmt"/>
          <line num="156" count="1" type="stmt"/>
          <line num="161" count="1" type="stmt"/>
          <line num="165" count="3" type="stmt"/>
          <line num="166" count="3" type="cond" truecount="4" falsecount="0"/>
          <line num="168" count="2" type="cond" truecount="2" falsecount="0"/>
          <line num="169" count="1" type="stmt"/>
          <line num="173" count="1" type="stmt"/>
          <line num="176" count="1" type="stmt"/>
          <line num="181" count="1" type="stmt"/>
          <line num="182" count="1" type="cond" truecount="1" falsecount="1"/>
          <line num="183" count="1" type="stmt"/>
          <line num="186" count="1" type="stmt"/>
          <line num="199" count="16" type="stmt"/>
          <line num="200" count="16" type="stmt"/>
          <line num="219" count="16" type="stmt"/>
          <line num="340" count="5" type="stmt"/>
          <line num="341" count="1" type="stmt"/>
          <line num="348" count="5" type="stmt"/>
          <line num="349" count="1" type="stmt"/>
        </file>
        <file name="SearchModal.jsx" path="/Users/gabrielmicah/Desktop/projects/event-manager/client/src/components/modals/SearchModal.jsx">
          <metrics statements="36" coveredstatements="35" conditionals="10" coveredconditionals="7" methods="12" coveredmethods="10"/>
          <line num="25" count="1" type="stmt"/>
          <line num="26" count="1" type="stmt"/>
          <line num="27" count="1" type="stmt"/>
          <line num="31" count="1" type="stmt"/>
          <line num="39" count="1" type="stmt"/>
          <line num="40" count="1" type="stmt"/>
          <line num="41" count="1" type="stmt"/>
          <line num="42" count="1" type="stmt"/>
          <line num="52" count="1" type="cond" truecount="1" falsecount="1"/>
          <line num="53" count="1" type="stmt"/>
          <line num="54" count="1" type="stmt"/>
          <line num="56" count="1" type="cond" truecount="1" falsecount="1"/>
          <line num="57" count="1" type="stmt"/>
          <line num="58" count="1" type="stmt"/>
          <line num="68" count="1" type="stmt"/>
          <line num="69" count="1" type="stmt"/>
          <line num="70" count="1" type="cond" truecount="1" falsecount="1"/>
          <line num="71" count="1" type="stmt"/>
          <line num="72" count="1" type="stmt"/>
          <line num="73" count="1" type="stmt"/>
          <line num="82" count="3" type="stmt"/>
          <line num="83" count="3" type="cond" truecount="2" falsecount="0"/>
          <line num="84" count="1" type="stmt"/>
          <line num="85" count="1" type="stmt"/>
          <line num="88" count="2" type="stmt"/>
          <line num="96" count="3" type="stmt"/>
          <line num="97" count="3" type="cond" truecount="2" falsecount="0"/>
          <line num="98" count="2" type="stmt"/>
          <line num="99" count="2" type="stmt"/>
          <line num="101" count="2" type="stmt"/>
          <line num="106" count="1" type="stmt"/>
          <line num="114" count="3" type="stmt"/>
          <line num="164" count="8" type="stmt"/>
          <line num="169" count="8" type="stmt"/>
          <line num="174" count="8" type="stmt"/>
          <line num="175" count="0" type="stmt"/>
        </file>
        <file name="index.jsx" path="/Users/gabrielmicah/Desktop/projects/event-manager/client/src/components/modals/index.jsx">
          <metrics statements="2" coveredstatements="2" conditionals="0" coveredconditionals="0" methods="2" coveredmethods="2"/>
          <line num="15" count="1" type="stmt"/>
          <line num="40" count="1" type="stmt"/>
        </file>
        <file name="validateInput.js" path="/Users/gabrielmicah/Desktop/projects/event-manager/client/src/components/modals/validateInput.js">
          <metrics statements="18" coveredstatements="18" conditionals="14" coveredconditionals="11" methods="2" coveredmethods="2"/>
          <line num="5" count="4" type="stmt"/>
          <line num="7" count="4" type="cond" truecount="2" falsecount="0"/>
          <line num="8" count="3" type="stmt"/>
          <line num="11" count="4" type="cond" truecount="2" falsecount="0"/>
          <line num="12" count="1" type="stmt"/>
          <line num="14" count="4" type="cond" truecount="2" falsecount="0"/>
          <line num="15" count="3" type="stmt"/>
          <line num="18" count="4" type="stmt"/>
          <line num="25" count="4" type="stmt"/>
          <line num="27" count="4" type="cond" truecount="1" falsecount="1"/>
          <line num="28" count="4" type="stmt"/>
          <line num="31" count="4" type="cond" truecount="1" falsecount="1"/>
          <line num="32" count="4" type="stmt"/>
          <line num="35" count="4" type="cond" truecount="1" falsecount="1"/>
          <line num="36" count="4" type="stmt"/>
          <line num="39" count="4" type="cond" truecount="2" falsecount="0"/>
          <line num="40" count="1" type="stmt"/>
          <line num="43" count="4" type="stmt"/>
        </file>
      </package>
      <package name="helpers">
        <metrics statements="3" coveredstatements="3" conditionals="0" coveredconditionals="0" methods="3" coveredmethods="3"/>
        <file name="index.js" path="/Users/gabrielmicah/Desktop/projects/event-manager/client/src/helpers/index.js">
          <metrics statements="3" coveredstatements="3" conditionals="0" coveredconditionals="0" methods="3" coveredmethods="3"/>
          <line num="12" count="2" type="stmt"/>
          <line num="22" count="11" type="stmt"/>
          <line num="32" count="2" type="stmt"/>
        </file>
      </package>
      <package name="reducers">
        <metrics statements="93" coveredstatements="84" conditionals="54" coveredconditionals="42" methods="6" coveredmethods="5"/>
        <file name="activeCenterReducer.js" path="/Users/gabrielmicah/Desktop/projects/event-manager/client/src/reducers/activeCenterReducer.js">
          <metrics statements="12" coveredstatements="11" conditionals="9" coveredconditionals="7" methods="1" coveredmethods="1"/>
          <line num="12" count="46" type="cond" truecount="6" falsecount="1"/>
          <line num="14" count="1" type="stmt"/>
          <line num="17" count="1" type="stmt"/>
          <line num="23" count="1" type="stmt"/>
          <line num="28" count="1" type="stmt"/>
          <line num="31" count="1" type="stmt"/>
          <line num="32" count="1" type="stmt"/>
          <line num="33" count="1" type="stmt"/>
          <line num="36" count="1" type="stmt"/>
          <line num="40" count="1" type="stmt"/>
          <line num="43" count="0" type="stmt"/>
          <line num="46" count="41" type="stmt"/>
        </file>
        <file name="authReducer.js" path="/Users/gabrielmicah/Desktop/projects/event-manager/client/src/reducers/authReducer.js">
          <metrics statements="6" coveredstatements="5" conditionals="6" coveredconditionals="4" methods="1" coveredmethods="1"/>
          <line num="4" count="4" type="stmt"/>
          <line num="16" count="46" type="cond" truecount="3" falsecount="1"/>
          <line num="18" count="0" type="stmt"/>
          <line num="21" count="1" type="stmt"/>
          <line num="28" count="1" type="stmt"/>
          <line num="36" count="44" type="stmt"/>
        </file>
        <file name="centerReducer.js" path="/Users/gabrielmicah/Desktop/projects/event-manager/client/src/reducers/centerReducer.js">
          <metrics statements="25" coveredstatements="25" conditionals="16" coveredconditionals="15" methods="1" coveredmethods="1"/>
          <line num="16" count="4" type="stmt"/>
          <line num="21" count="46" type="cond" truecount="10" falsecount="0"/>
          <line num="23" count="1" type="stmt"/>
          <line num="24" count="1" type="stmt"/>
          <line num="25" count="1" type="stmt"/>
          <line num="28" count="1" type="stmt"/>
          <line num="29" count="1" type="stmt"/>
          <line num="30" count="1" type="stmt"/>
          <line num="33" count="1" type="stmt"/>
          <line num="34" count="1" type="stmt"/>
          <line num="37" count="1" type="stmt"/>
          <line num="40" count="1" type="stmt"/>
          <line num="47" count="1" type="stmt"/>
          <line num="53" count="2" type="stmt"/>
          <line num="57" count="2" type="stmt"/>
          <line num="58" count="2" type="stmt"/>
          <line num="59" count="2" type="stmt"/>
          <line num="63" count="2" type="cond" truecount="2" falsecount="0"/>
          <line num="64" count="1" type="stmt"/>
          <line num="66" count="2" type="stmt"/>
          <line num="69" count="2" type="cond" truecount="2" falsecount="0"/>
          <line num="70" count="1" type="stmt"/>
          <line num="72" count="1" type="stmt"/>
          <line num="76" count="1" type="stmt"/>
          <line num="82" count="35" type="stmt"/>
        </file>
        <file name="eventReducer.js" path="/Users/gabrielmicah/Desktop/projects/event-manager/client/src/reducers/eventReducer.js">
          <metrics statements="50" coveredstatements="43" conditionals="23" coveredconditionals="16" methods="3" coveredmethods="2"/>
          <line num="19" count="4" type="stmt"/>
          <line num="21" count="4" type="stmt"/>
          <line num="29" count="46" type="cond" truecount="13" falsecount="2"/>
          <line num="31" count="4" type="stmt"/>
          <line num="32" count="4" type="stmt"/>
          <line num="35" count="2" type="stmt"/>
          <line num="36" count="2" type="stmt"/>
          <line num="38" count="2" type="stmt"/>
          <line num="39" count="2" type="stmt"/>
          <line num="41" count="2" type="stmt"/>
          <line num="42" count="2" type="stmt"/>
          <line num="45" count="0" type="stmt"/>
          <line num="49" count="0" type="stmt"/>
          <line num="52" count="1" type="stmt"/>
          <line num="59" count="1" type="stmt"/>
          <line num="63" count="1" type="stmt"/>
          <line num="64" count="0" type="cond" truecount="0" falsecount="2"/>
          <line num="65" count="0" type="stmt"/>
          <line num="68" count="1" type="stmt"/>
          <line num="69" count="1" type="stmt"/>
          <line num="70" count="1" type="stmt"/>
          <line num="72" count="1" type="stmt"/>
          <line num="75" count="1" type="stmt"/>
          <line num="79" count="1" type="stmt"/>
          <line num="82" count="1" type="stmt"/>
          <line num="83" count="1" type="stmt"/>
          <line num="84" count="4" type="stmt"/>
          <line num="85" count="1" type="stmt"/>
          <line num="86" count="1" type="stmt"/>
          <line num="87" count="1" type="stmt"/>
          <line num="89" count="1" type="stmt"/>
          <line num="92" count="1" type="stmt"/>
          <line num="98" count="1" type="stmt"/>
          <line num="102" count="1" type="stmt"/>
          <line num="105" count="1" type="stmt"/>
          <line num="111" count="1" type="stmt"/>
          <line num="118" count="1" type="stmt"/>
          <line num="119" count="1" type="stmt"/>
          <line num="121" count="1" type="stmt"/>
          <line num="125" count="1" type="stmt"/>
          <line num="129" count="1" type="cond" truecount="1" falsecount="1"/>
          <line num="133" count="0" type="stmt"/>
          <line num="135" count="1" type="stmt"/>
          <line num="138" count="1" type="stmt"/>
          <line num="139" count="1" type="cond" truecount="1" falsecount="1"/>
          <line num="140" count="1" type="stmt"/>
          <line num="142" count="0" type="stmt"/>
          <line num="144" count="1" type="stmt"/>
          <line num="147" count="0" type="stmt"/>
          <line num="150" count="30" type="stmt"/>
        </file>
      </package>
    </metrics>
  </project>
</coverage>
