{"/Users/gabrielmicah/Desktop/projects/event-manager/client/src/actions/authActions.js": {"path":"/Users/gabrielmicah/Desktop/projects/event-manager/client/src/actions/authActions.js","statementMap":{"0":{"start":{"line":7,"column":12},"end":{"line":7,"column":26}},"1":{"start":{"line":9,"column":26},"end":{"line":12,"column":2}},"2":{"start":{"line":9,"column":33},"end":{"line":12,"column":1}},"3":{"start":{"line":14,"column":23},"end":{"line":17,"column":2}},"4":{"start":{"line":14,"column":33},"end":{"line":17,"column":1}},"5":{"start":{"line":19,"column":23},"end":{"line":23,"column":1}},"6":{"start":{"line":20,"column":2},"end":{"line":20,"column":38}},"7":{"start":{"line":21,"column":2},"end":{"line":21,"column":31}},"8":{"start":{"line":22,"column":2},"end":{"line":22,"column":29}},"9":{"start":{"line":25,"column":26},"end":{"line":25,"column":75}},"10":{"start":{"line":25,"column":38},"end":{"line":25,"column":75}},"11":{"start":{"line":25,"column":50},"end":{"line":25,"column":75}},"12":{"start":{"line":27,"column":26},"end":{"line":37,"column":4}},"13":{"start":{"line":27,"column":38},"end":{"line":37,"column":4}},"14":{"start":{"line":28,"column":2},"end":{"line":37,"column":4}},"15":{"start":{"line":29,"column":4},"end":{"line":36,"column":5}},"16":{"start":{"line":30,"column":24},"end":{"line":30,"column":32}},"17":{"start":{"line":31,"column":6},"end":{"line":31,"column":46}},"18":{"start":{"line":32,"column":6},"end":{"line":32,"column":35}},"19":{"start":{"line":33,"column":6},"end":{"line":33,"column":45}},"20":{"start":{"line":34,"column":11},"end":{"line":36,"column":5}},"21":{"start":{"line":35,"column":6},"end":{"line":35,"column":19}},"22":{"start":{"line":39,"column":0},"end":{"line":45,"column":2}}},"fnMap":{"0":{"name":"(anonymous_0)","decl":{"start":{"line":9,"column":26},"end":{"line":9,"column":27}},"loc":{"start":{"line":9,"column":33},"end":{"line":12,"column":1}},"line":9},"1":{"name":"(anonymous_1)","decl":{"start":{"line":14,"column":23},"end":{"line":14,"column":24}},"loc":{"start":{"line":14,"column":33},"end":{"line":17,"column":1}},"line":14},"2":{"name":"(anonymous_2)","decl":{"start":{"line":19,"column":23},"end":{"line":19,"column":24}},"loc":{"start":{"line":19,"column":29},"end":{"line":23,"column":1}},"line":19},"3":{"name":"(anonymous_3)","decl":{"start":{"line":25,"column":26},"end":{"line":25,"column":27}},"loc":{"start":{"line":25,"column":38},"end":{"line":25,"column":75}},"line":25},"4":{"name":"(anonymous_4)","decl":{"start":{"line":25,"column":38},"end":{"line":25,"column":39}},"loc":{"start":{"line":25,"column":50},"end":{"line":25,"column":75}},"line":25},"5":{"name":"(anonymous_5)","decl":{"start":{"line":27,"column":26},"end":{"line":27,"column":27}},"loc":{"start":{"line":27,"column":38},"end":{"line":37,"column":4}},"line":27},"6":{"name":"(anonymous_6)","decl":{"start":{"line":27,"column":38},"end":{"line":27,"column":39}},"loc":{"start":{"line":28,"column":2},"end":{"line":37,"column":4}},"line":28},"7":{"name":"(anonymous_7)","decl":{"start":{"line":28,"column":53},"end":{"line":28,"column":54}},"loc":{"start":{"line":28,"column":62},"end":{"line":37,"column":3}},"line":28}},"branchMap":{"0":{"loc":{"start":{"line":29,"column":4},"end":{"line":36,"column":5}},"type":"if","locations":[{"start":{"line":29,"column":4},"end":{"line":36,"column":5}},{"start":{"line":29,"column":4},"end":{"line":36,"column":5}}],"line":29},"1":{"loc":{"start":{"line":34,"column":11},"end":{"line":36,"column":5}},"type":"if","locations":[{"start":{"line":34,"column":11},"end":{"line":36,"column":5}},{"start":{"line":34,"column":11},"end":{"line":36,"column":5}}],"line":34},"2":{"loc":{"start":{"line":34,"column":15},"end":{"line":34,"column":73}},"type":"binary-expr","locations":[{"start":{"line":34,"column":15},"end":{"line":34,"column":42}},{"start":{"line":34,"column":46},"end":{"line":34,"column":73}}],"line":34}},"s":{"0":16,"1":16,"2":3,"3":16,"4":1,"5":16,"6":2,"7":2,"8":2,"9":16,"10":1,"11":1,"12":16,"13":1,"14":1,"15":1,"16":0,"17":0,"18":0,"19":0,"20":1,"21":0,"22":16},"f":{"0":3,"1":1,"2":2,"3":1,"4":1,"5":1,"6":1,"7":1},"b":{"0":[0,1],"1":[0,1],"2":[1,1]},"_coverageSchema":"332fd63041d2c1bcb487cc26dd0d5f7d97098a6c","hash":"257f1fcdcb5038bc64769f1e0b0621e567ae85cd"}
,"/Users/gabrielmicah/Desktop/projects/event-manager/client/src/actions/index.js": {"path":"/Users/gabrielmicah/Desktop/projects/event-manager/client/src/actions/index.js","statementMap":{"0":{"start":{"line":4,"column":24},"end":{"line":4,"column":34}},"1":{"start":{"line":10,"column":24},"end":{"line":10,"column":34}},"2":{"start":{"line":16,"column":27},"end":{"line":16,"column":40}},"3":{"start":{"line":23,"column":34},"end":{"line":23,"column":54}},"4":{"start":{"line":30,"column":34},"end":{"line":30,"column":54}},"5":{"start":{"line":37,"column":34},"end":{"line":37,"column":54}},"6":{"start":{"line":43,"column":29},"end":{"line":43,"column":44}},"7":{"start":{"line":49,"column":35},"end":{"line":49,"column":56}},"8":{"start":{"line":55,"column":29},"end":{"line":55,"column":44}},"9":{"start":{"line":62,"column":37},"end":{"line":62,"column":60}},"10":{"start":{"line":69,"column":35},"end":{"line":69,"column":56}},"11":{"start":{"line":75,"column":27},"end":{"line":75,"column":40}},"12":{"start":{"line":81,"column":35},"end":{"line":81,"column":56}},"13":{"start":{"line":87,"column":28},"end":{"line":87,"column":42}},"14":{"start":{"line":93,"column":25},"end":{"line":93,"column":36}},"15":{"start":{"line":99,"column":33},"end":{"line":99,"column":52}},"16":{"start":{"line":106,"column":34},"end":{"line":106,"column":54}},"17":{"start":{"line":112,"column":26},"end":{"line":112,"column":38}},"18":{"start":{"line":118,"column":34},"end":{"line":118,"column":54}},"19":{"start":{"line":124,"column":28},"end":{"line":124,"column":42}},"20":{"start":{"line":126,"column":38},"end":{"line":126,"column":62}},"21":{"start":{"line":127,"column":38},"end":{"line":127,"column":62}},"22":{"start":{"line":128,"column":38},"end":{"line":128,"column":62}},"23":{"start":{"line":130,"column":39},"end":{"line":130,"column":64}},"24":{"start":{"line":131,"column":39},"end":{"line":131,"column":64}},"25":{"start":{"line":132,"column":39},"end":{"line":132,"column":64}},"26":{"start":{"line":134,"column":35},"end":{"line":134,"column":56}},"27":{"start":{"line":135,"column":42},"end":{"line":135,"column":70}},"28":{"start":{"line":137,"column":34},"end":{"line":137,"column":54}},"29":{"start":{"line":138,"column":41},"end":{"line":138,"column":68}},"30":{"start":{"line":139,"column":30},"end":{"line":139,"column":46}},"31":{"start":{"line":140,"column":38},"end":{"line":140,"column":62}},"32":{"start":{"line":141,"column":35},"end":{"line":141,"column":56}},"33":{"start":{"line":142,"column":25},"end":{"line":142,"column":36}},"34":{"start":{"line":144,"column":33},"end":{"line":144,"column":65}}},"fnMap":{},"branchMap":{},"s":{"0":28,"1":28,"2":28,"3":28,"4":28,"5":28,"6":28,"7":28,"8":28,"9":28,"10":28,"11":28,"12":28,"13":28,"14":28,"15":28,"16":28,"17":28,"18":28,"19":28,"20":28,"21":28,"22":28,"23":28,"24":28,"25":28,"26":28,"27":28,"28":28,"29":28,"30":28,"31":28,"32":28,"33":28,"34":28},"f":{},"b":{},"_coverageSchema":"332fd63041d2c1bcb487cc26dd0d5f7d97098a6c","hash":"f247936f64920f00ab46fed7c898e04640a0bcf3"}
,"/Users/gabrielmicah/Desktop/projects/event-manager/client/src/actions/center-actions/activeCenterAction.js": {"path":"/Users/gabrielmicah/Desktop/projects/event-manager/client/src/actions/center-actions/activeCenterAction.js","statementMap":{"0":{"start":{"line":4,"column":12},"end":{"line":4,"column":29}},"1":{"start":{"line":6,"column":35},"end":{"line":27,"column":1}},"2":{"start":{"line":7,"column":2},"end":{"line":26,"column":3}},"3":{"start":{"line":9,"column":6},"end":{"line":12,"column":8}},"4":{"start":{"line":15,"column":6},"end":{"line":17,"column":8}},"5":{"start":{"line":20,"column":6},"end":{"line":22,"column":8}},"6":{"start":{"line":25,"column":6},"end":{"line":25,"column":18}},"7":{"start":{"line":29,"column":33},"end":{"line":41,"column":1}},"8":{"start":{"line":30,"column":2},"end":{"line":30,"column":68}},"9":{"start":{"line":30,"column":11},"end":{"line":30,"column":68}},"10":{"start":{"line":31,"column":2},"end":{"line":40,"column":9}},"11":{"start":{"line":32,"column":4},"end":{"line":40,"column":8}},"12":{"start":{"line":35,"column":8},"end":{"line":35,"column":67}},"13":{"start":{"line":38,"column":8},"end":{"line":38,"column":70}},"14":{"start":{"line":39,"column":8},"end":{"line":39,"column":62}},"15":{"start":{"line":43,"column":39},"end":{"line":44,"column":60}},"16":{"start":{"line":43,"column":45},"end":{"line":44,"column":60}},"17":{"start":{"line":44,"column":2},"end":{"line":44,"column":60}}},"fnMap":{"0":{"name":"(anonymous_0)","decl":{"start":{"line":6,"column":35},"end":{"line":6,"column":36}},"loc":{"start":{"line":6,"column":64},"end":{"line":27,"column":1}},"line":6},"1":{"name":"(anonymous_1)","decl":{"start":{"line":29,"column":33},"end":{"line":29,"column":34}},"loc":{"start":{"line":29,"column":41},"end":{"line":41,"column":1}},"line":29},"2":{"name":"(anonymous_2)","decl":{"start":{"line":31,"column":9},"end":{"line":31,"column":10}},"loc":{"start":{"line":32,"column":4},"end":{"line":40,"column":8}},"line":32},"3":{"name":"(anonymous_3)","decl":{"start":{"line":34,"column":12},"end":{"line":34,"column":13}},"loc":{"start":{"line":34,"column":26},"end":{"line":36,"column":7}},"line":34},"4":{"name":"(anonymous_4)","decl":{"start":{"line":37,"column":13},"end":{"line":37,"column":14}},"loc":{"start":{"line":37,"column":22},"end":{"line":40,"column":7}},"line":37},"5":{"name":"(anonymous_5)","decl":{"start":{"line":43,"column":39},"end":{"line":43,"column":40}},"loc":{"start":{"line":43,"column":45},"end":{"line":44,"column":60}},"line":43},"6":{"name":"(anonymous_6)","decl":{"start":{"line":43,"column":45},"end":{"line":43,"column":46}},"loc":{"start":{"line":44,"column":2},"end":{"line":44,"column":60}},"line":44}},"branchMap":{"0":{"loc":{"start":{"line":6,"column":42},"end":{"line":6,"column":59}},"type":"default-arg","locations":[{"start":{"line":6,"column":55},"end":{"line":6,"column":59}}],"line":6},"1":{"loc":{"start":{"line":7,"column":2},"end":{"line":26,"column":3}},"type":"switch","locations":[{"start":{"line":8,"column":4},"end":{"line":12,"column":8}},{"start":{"line":14,"column":4},"end":{"line":17,"column":8}},{"start":{"line":19,"column":4},"end":{"line":22,"column":8}},{"start":{"line":24,"column":4},"end":{"line":25,"column":18}}],"line":7},"2":{"loc":{"start":{"line":30,"column":2},"end":{"line":30,"column":68}},"type":"if","locations":[{"start":{"line":30,"column":2},"end":{"line":30,"column":68}},{"start":{"line":30,"column":2},"end":{"line":30,"column":68}}],"line":30}},"s":{"0":5,"1":5,"2":5,"3":2,"4":2,"5":1,"6":0,"7":5,"8":4,"9":2,"10":2,"11":2,"12":1,"13":1,"14":1,"15":5,"16":3,"17":1},"f":{"0":5,"1":4,"2":2,"3":1,"4":1,"5":3,"6":1},"b":{"0":[0],"1":[2,2,1,0],"2":[2,2]},"_coverageSchema":"332fd63041d2c1bcb487cc26dd0d5f7d97098a6c","hash":"90dc2a971b3b25dbe9f56a37a47f1ef480401397"}
,"/Users/gabrielmicah/Desktop/projects/event-manager/client/src/actions/center-actions/deleteCenterAction.js": {"path":"/Users/gabrielmicah/Desktop/projects/event-manager/client/src/actions/center-actions/deleteCenterAction.js","statementMap":{"0":{"start":{"line":4,"column":28},"end":{"line":7,"column":2}},"1":{"start":{"line":4,"column":37},"end":{"line":7,"column":1}},"2":{"start":{"line":9,"column":35},"end":{"line":21,"column":1}},"3":{"start":{"line":10,"column":12},"end":{"line":10,"column":30}},"4":{"start":{"line":11,"column":2},"end":{"line":20,"column":9}},"5":{"start":{"line":12,"column":4},"end":{"line":20,"column":8}},"6":{"start":{"line":15,"column":8},"end":{"line":15,"column":37}},"7":{"start":{"line":18,"column":8},"end":{"line":18,"column":66}},"8":{"start":{"line":19,"column":8},"end":{"line":19,"column":19}}},"fnMap":{"0":{"name":"(anonymous_0)","decl":{"start":{"line":4,"column":28},"end":{"line":4,"column":29}},"loc":{"start":{"line":4,"column":37},"end":{"line":7,"column":1}},"line":4},"1":{"name":"(anonymous_1)","decl":{"start":{"line":9,"column":35},"end":{"line":9,"column":36}},"loc":{"start":{"line":9,"column":43},"end":{"line":21,"column":1}},"line":9},"2":{"name":"(anonymous_2)","decl":{"start":{"line":11,"column":9},"end":{"line":11,"column":10}},"loc":{"start":{"line":12,"column":4},"end":{"line":20,"column":8}},"line":12},"3":{"name":"(anonymous_3)","decl":{"start":{"line":14,"column":12},"end":{"line":14,"column":13}},"loc":{"start":{"line":14,"column":26},"end":{"line":16,"column":7}},"line":14},"4":{"name":"(anonymous_4)","decl":{"start":{"line":17,"column":13},"end":{"line":17,"column":14}},"loc":{"start":{"line":17,"column":22},"end":{"line":20,"column":7}},"line":17}},"branchMap":{},"s":{"0":5,"1":2,"2":5,"3":2,"4":2,"5":2,"6":1,"7":1,"8":1},"f":{"0":2,"1":2,"2":2,"3":1,"4":1},"b":{},"_coverageSchema":"332fd63041d2c1bcb487cc26dd0d5f7d97098a6c","hash":"4a78cab91a0afb60fae101545e918e5cba341032"}
,"/Users/gabrielmicah/Desktop/projects/event-manager/client/src/actions/center-actions/fetchCenterAction.js": {"path":"/Users/gabrielmicah/Desktop/projects/event-manager/client/src/actions/center-actions/fetchCenterAction.js","statementMap":{"0":{"start":{"line":14,"column":12},"end":{"line":14,"column":29}},"1":{"start":{"line":16,"column":36},"end":{"line":43,"column":1}},"2":{"start":{"line":17,"column":2},"end":{"line":42,"column":3}},"3":{"start":{"line":19,"column":6},"end":{"line":22,"column":8}},"4":{"start":{"line":25,"column":6},"end":{"line":27,"column":8}},"5":{"start":{"line":30,"column":6},"end":{"line":33,"column":8}},"6":{"start":{"line":36,"column":6},"end":{"line":38,"column":8}},"7":{"start":{"line":41,"column":6},"end":{"line":41,"column":18}},"8":{"start":{"line":45,"column":36},"end":{"line":56,"column":1}},"9":{"start":{"line":46,"column":2},"end":{"line":55,"column":3}},"10":{"start":{"line":48,"column":6},"end":{"line":48,"column":50}},"11":{"start":{"line":51,"column":6},"end":{"line":54,"column":8}},"12":{"start":{"line":58,"column":34},"end":{"line":72,"column":1}},"13":{"start":{"line":58,"column":40},"end":{"line":72,"column":1}},"14":{"start":{"line":59,"column":2},"end":{"line":59,"column":26}},"15":{"start":{"line":60,"column":2},"end":{"line":71,"column":7}},"16":{"start":{"line":63,"column":6},"end":{"line":63,"column":31}},"17":{"start":{"line":64,"column":6},"end":{"line":64,"column":28}},"18":{"start":{"line":65,"column":6},"end":{"line":65,"column":60}},"19":{"start":{"line":66,"column":6},"end":{"line":66,"column":30}},"20":{"start":{"line":69,"column":6},"end":{"line":69,"column":63}},"21":{"start":{"line":70,"column":6},"end":{"line":70,"column":16}},"22":{"start":{"line":74,"column":31},"end":{"line":90,"column":1}},"23":{"start":{"line":74,"column":41},"end":{"line":90,"column":1}},"24":{"start":{"line":75,"column":2},"end":{"line":75,"column":66}},"25":{"start":{"line":76,"column":2},"end":{"line":89,"column":7}},"26":{"start":{"line":79,"column":6},"end":{"line":83,"column":7}},"27":{"start":{"line":80,"column":8},"end":{"line":80,"column":72}},"28":{"start":{"line":82,"column":8},"end":{"line":82,"column":72}},"29":{"start":{"line":86,"column":6},"end":{"line":88,"column":7}},"30":{"start":{"line":87,"column":8},"end":{"line":87,"column":72}}},"fnMap":{"0":{"name":"(anonymous_0)","decl":{"start":{"line":16,"column":36},"end":{"line":16,"column":37}},"loc":{"start":{"line":16,"column":65},"end":{"line":43,"column":1}},"line":16},"1":{"name":"(anonymous_1)","decl":{"start":{"line":45,"column":36},"end":{"line":45,"column":37}},"loc":{"start":{"line":45,"column":72},"end":{"line":56,"column":1}},"line":45},"2":{"name":"(anonymous_2)","decl":{"start":{"line":58,"column":34},"end":{"line":58,"column":35}},"loc":{"start":{"line":58,"column":40},"end":{"line":72,"column":1}},"line":58},"3":{"name":"(anonymous_3)","decl":{"start":{"line":58,"column":40},"end":{"line":58,"column":41}},"loc":{"start":{"line":58,"column":54},"end":{"line":72,"column":1}},"line":58},"4":{"name":"(anonymous_4)","decl":{"start":{"line":62,"column":10},"end":{"line":62,"column":11}},"loc":{"start":{"line":62,"column":24},"end":{"line":67,"column":5}},"line":62},"5":{"name":"(anonymous_5)","decl":{"start":{"line":68,"column":11},"end":{"line":68,"column":12}},"loc":{"start":{"line":68,"column":20},"end":{"line":71,"column":5}},"line":68},"6":{"name":"(anonymous_6)","decl":{"start":{"line":74,"column":31},"end":{"line":74,"column":32}},"loc":{"start":{"line":74,"column":41},"end":{"line":90,"column":1}},"line":74},"7":{"name":"(anonymous_7)","decl":{"start":{"line":74,"column":41},"end":{"line":74,"column":42}},"loc":{"start":{"line":74,"column":55},"end":{"line":90,"column":1}},"line":74},"8":{"name":"(anonymous_8)","decl":{"start":{"line":78,"column":10},"end":{"line":78,"column":11}},"loc":{"start":{"line":78,"column":24},"end":{"line":84,"column":5}},"line":78},"9":{"name":"(anonymous_9)","decl":{"start":{"line":85,"column":11},"end":{"line":85,"column":12}},"loc":{"start":{"line":85,"column":20},"end":{"line":89,"column":5}},"line":85}},"branchMap":{"0":{"loc":{"start":{"line":16,"column":43},"end":{"line":16,"column":60}},"type":"default-arg","locations":[{"start":{"line":16,"column":56},"end":{"line":16,"column":60}}],"line":16},"1":{"loc":{"start":{"line":17,"column":2},"end":{"line":42,"column":3}},"type":"switch","locations":[{"start":{"line":18,"column":4},"end":{"line":22,"column":8}},{"start":{"line":24,"column":4},"end":{"line":27,"column":8}},{"start":{"line":29,"column":4},"end":{"line":33,"column":8}},{"start":{"line":35,"column":4},"end":{"line":38,"column":8}},{"start":{"line":40,"column":4},"end":{"line":41,"column":18}}],"line":17},"2":{"loc":{"start":{"line":45,"column":50},"end":{"line":45,"column":67}},"type":"default-arg","locations":[{"start":{"line":45,"column":63},"end":{"line":45,"column":67}}],"line":45},"3":{"loc":{"start":{"line":46,"column":2},"end":{"line":55,"column":3}},"type":"switch","locations":[{"start":{"line":47,"column":4},"end":{"line":48,"column":50}},{"start":{"line":50,"column":4},"end":{"line":54,"column":8}}],"line":46},"4":{"loc":{"start":{"line":79,"column":6},"end":{"line":83,"column":7}},"type":"if","locations":[{"start":{"line":79,"column":6},"end":{"line":83,"column":7}},{"start":{"line":79,"column":6},"end":{"line":83,"column":7}}],"line":79},"5":{"loc":{"start":{"line":86,"column":6},"end":{"line":88,"column":7}},"type":"if","locations":[{"start":{"line":86,"column":6},"end":{"line":88,"column":7}},{"start":{"line":86,"column":6},"end":{"line":88,"column":7}}],"line":86}},"s":{"0":11,"1":11,"2":10,"3":2,"4":3,"5":2,"6":3,"7":0,"8":11,"9":3,"10":1,"11":2,"12":11,"13":6,"14":1,"15":1,"16":1,"17":1,"18":1,"19":1,"20":0,"21":0,"22":11,"23":4,"24":2,"25":2,"26":1,"27":0,"28":1,"29":1,"30":1},"f":{"0":10,"1":3,"2":6,"3":1,"4":1,"5":0,"6":4,"7":2,"8":1,"9":1},"b":{"0":[0],"1":[2,3,2,3,0],"2":[2],"3":[1,2],"4":[0,1],"5":[1,0]},"_coverageSchema":"332fd63041d2c1bcb487cc26dd0d5f7d97098a6c","hash":"18810cd8917140f4c293a3dff4a43f4b968d96d8"}
,"/Users/gabrielmicah/Desktop/projects/event-manager/client/src/actions/center-actions/fetchCenterRelatedTo.js": {"path":"/Users/gabrielmicah/Desktop/projects/event-manager/client/src/actions/center-actions/fetchCenterRelatedTo.js","statementMap":{"0":{"start":{"line":3,"column":36},"end":{"line":4,"column":71}},"1":{"start":{"line":4,"column":2},"end":{"line":4,"column":71}}},"fnMap":{"0":{"name":"(anonymous_0)","decl":{"start":{"line":3,"column":36},"end":{"line":3,"column":37}},"loc":{"start":{"line":4,"column":2},"end":{"line":4,"column":71}},"line":4}},"branchMap":{},"s":{"0":5,"1":2},"f":{"0":2},"b":{},"_coverageSchema":"332fd63041d2c1bcb487cc26dd0d5f7d97098a6c","hash":"2f408f043bf967aaca105bba784282d5d103339b"}
,"/Users/gabrielmicah/Desktop/projects/event-manager/client/src/components/App.jsx": {"path":"/Users/gabrielmicah/Desktop/projects/event-manager/client/src/components/App.jsx","statementMap":{"0":{"start":{"line":12,"column":4},"end":{"line":16,"column":6}}},"fnMap":{"0":{"name":"(anonymous_0)","decl":{"start":{"line":11,"column":2},"end":{"line":11,"column":3}},"loc":{"start":{"line":11,"column":11},"end":{"line":17,"column":3}},"line":11}},"branchMap":{},"s":{"0":1},"f":{"0":1},"b":{},"_coverageSchema":"332fd63041d2c1bcb487cc26dd0d5f7d97098a6c","hash":"b09d6f3393ed29a588f86ccd7bb88a053b629ac8"}
,"/Users/gabrielmicah/Desktop/projects/event-manager/client/src/components/HomePage.jsx": {"path":"/Users/gabrielmicah/Desktop/projects/event-manager/client/src/components/HomePage.jsx","statementMap":{"0":{"start":{"line":19,"column":4},"end":{"line":31,"column":6}}},"fnMap":{"0":{"name":"(anonymous_0)","decl":{"start":{"line":18,"column":2},"end":{"line":18,"column":3}},"loc":{"start":{"line":18,"column":11},"end":{"line":32,"column":3}},"line":18}},"branchMap":{},"s":{"0":1},"f":{"0":1},"b":{},"_coverageSchema":"332fd63041d2c1bcb487cc26dd0d5f7d97098a6c","hash":"15530a290fd5317f4587f1cf225ba43edb148c91"}
,"/Users/gabrielmicah/Desktop/projects/event-manager/client/src/components/Main.jsx": {"path":"/Users/gabrielmicah/Desktop/projects/event-manager/client/src/components/Main.jsx","statementMap":{"0":{"start":{"line":21,"column":4},"end":{"line":32,"column":6}}},"fnMap":{"0":{"name":"(anonymous_0)","decl":{"start":{"line":20,"column":2},"end":{"line":20,"column":3}},"loc":{"start":{"line":20,"column":11},"end":{"line":33,"column":3}},"line":20}},"branchMap":{},"s":{"0":1},"f":{"0":1},"b":{},"_coverageSchema":"332fd63041d2c1bcb487cc26dd0d5f7d97098a6c","hash":"72deae6e6d744de211a42650d5728961d228d38e"}
,"/Users/gabrielmicah/Desktop/projects/event-manager/client/src/components/NoMatch.jsx": {"path":"/Users/gabrielmicah/Desktop/projects/event-manager/client/src/components/NoMatch.jsx","statementMap":{"0":{"start":{"line":17,"column":4},"end":{"line":62,"column":6}}},"fnMap":{"0":{"name":"(anonymous_0)","decl":{"start":{"line":16,"column":2},"end":{"line":16,"column":3}},"loc":{"start":{"line":16,"column":11},"end":{"line":63,"column":3}},"line":16}},"branchMap":{},"s":{"0":1},"f":{"0":1},"b":{},"_coverageSchema":"332fd63041d2c1bcb487cc26dd0d5f7d97098a6c","hash":"91e8f146bf1d5c11156313a7cc64985de18b7b58"}
,"/Users/gabrielmicah/Desktop/projects/event-manager/client/src/components/loader.jsx": {"path":"/Users/gabrielmicah/Desktop/projects/event-manager/client/src/components/loader.jsx","statementMap":{"0":{"start":{"line":3,"column":28},"end":{"line":7,"column":1}},"1":{"start":{"line":4,"column":2},"end":{"line":6,"column":8}},"2":{"start":{"line":9,"column":23},"end":{"line":61,"column":1}},"3":{"start":{"line":10,"column":2},"end":{"line":60,"column":8}},"4":{"start":{"line":63,"column":0},"end":{"line":66,"column":2}}},"fnMap":{"0":{"name":"(anonymous_0)","decl":{"start":{"line":3,"column":28},"end":{"line":3,"column":29}},"loc":{"start":{"line":4,"column":2},"end":{"line":6,"column":8}},"line":4},"1":{"name":"(anonymous_1)","decl":{"start":{"line":9,"column":23},"end":{"line":9,"column":24}},"loc":{"start":{"line":10,"column":2},"end":{"line":60,"column":8}},"line":10}},"branchMap":{},"s":{"0":12,"1":1,"2":12,"3":1,"4":12},"f":{"0":1,"1":1},"b":{},"_coverageSchema":"332fd63041d2c1bcb487cc26dd0d5f7d97098a6c","hash":"bf83516714e36ff99bcd9c383abcf7a39cde596d"}
,"/Users/gabrielmicah/Desktop/projects/event-manager/client/src/components/authentication/AuthFooter.jsx": {"path":"/Users/gabrielmicah/Desktop/projects/event-manager/client/src/components/authentication/AuthFooter.jsx","statementMap":{"0":{"start":{"line":12,"column":4},"end":{"line":26,"column":6}}},"fnMap":{"0":{"name":"(anonymous_0)","decl":{"start":{"line":11,"column":2},"end":{"line":11,"column":3}},"loc":{"start":{"line":11,"column":11},"end":{"line":27,"column":3}},"line":11}},"branchMap":{},"s":{"0":1},"f":{"0":1},"b":{},"_coverageSchema":"332fd63041d2c1bcb487cc26dd0d5f7d97098a6c","hash":"7135bb3153fe67a06b1ce98b17cbfc761af709c3"}
,"/Users/gabrielmicah/Desktop/projects/event-manager/client/src/components/authentication/AuthHeader.jsx": {"path":"/Users/gabrielmicah/Desktop/projects/event-manager/client/src/components/authentication/AuthHeader.jsx","statementMap":{"0":{"start":{"line":12,"column":4},"end":{"line":22,"column":6}}},"fnMap":{"0":{"name":"(anonymous_0)","decl":{"start":{"line":11,"column":2},"end":{"line":11,"column":3}},"loc":{"start":{"line":11,"column":11},"end":{"line":23,"column":3}},"line":11}},"branchMap":{},"s":{"0":1},"f":{"0":1},"b":{},"_coverageSchema":"332fd63041d2c1bcb487cc26dd0d5f7d97098a6c","hash":"402775ee27414c2c75550dcc2dc021680e21791f"}
,"/Users/gabrielmicah/Desktop/projects/event-manager/client/src/components/authentication/setAuthenticationToken.js": {"path":"/Users/gabrielmicah/Desktop/projects/event-manager/client/src/components/authentication/setAuthenticationToken.js","statementMap":{"0":{"start":{"line":3,"column":30},"end":{"line":9,"column":1}},"1":{"start":{"line":4,"column":2},"end":{"line":8,"column":3}},"2":{"start":{"line":5,"column":4},"end":{"line":5,"column":56}},"3":{"start":{"line":7,"column":4},"end":{"line":7,"column":55}}},"fnMap":{"0":{"name":"(anonymous_0)","decl":{"start":{"line":3,"column":30},"end":{"line":3,"column":31}},"loc":{"start":{"line":3,"column":41},"end":{"line":9,"column":1}},"line":3}},"branchMap":{"0":{"loc":{"start":{"line":4,"column":2},"end":{"line":8,"column":3}},"type":"if","locations":[{"start":{"line":4,"column":2},"end":{"line":8,"column":3}},{"start":{"line":4,"column":2},"end":{"line":8,"column":3}}],"line":4}},"s":{"0":29,"1":7,"2":1,"3":6},"f":{"0":7},"b":{"0":[1,6]},"_coverageSchema":"332fd63041d2c1bcb487cc26dd0d5f7d97098a6c","hash":"d16bf59ce36a8bbf30c762f1a13f840dc1866d80"}
,"/Users/gabrielmicah/Desktop/projects/event-manager/client/src/components/authentication/validateInput.js": {"path":"/Users/gabrielmicah/Desktop/projects/event-manager/client/src/components/authentication/validateInput.js","statementMap":{"0":{"start":{"line":6,"column":18},"end":{"line":6,"column":19}},"1":{"start":{"line":7,"column":22},"end":{"line":7,"column":23}},"2":{"start":{"line":10,"column":19},"end":{"line":10,"column":29}},"3":{"start":{"line":11,"column":2},"end":{"line":11,"column":14}},"4":{"start":{"line":12,"column":2},"end":{"line":14,"column":3}},"5":{"start":{"line":13,"column":4},"end":{"line":13,"column":44}},"6":{"start":{"line":15,"column":2},"end":{"line":17,"column":3}},"7":{"start":{"line":16,"column":4},"end":{"line":16,"column":38}},"8":{"start":{"line":19,"column":2},"end":{"line":23,"column":3}},"9":{"start":{"line":20,"column":4},"end":{"line":20,"column":48}},"10":{"start":{"line":21,"column":9},"end":{"line":23,"column":3}},"11":{"start":{"line":22,"column":4},"end":{"line":22,"column":81}},"12":{"start":{"line":25,"column":2},"end":{"line":29,"column":3}},"13":{"start":{"line":26,"column":4},"end":{"line":26,"column":47}},"14":{"start":{"line":27,"column":9},"end":{"line":29,"column":3}},"15":{"start":{"line":28,"column":4},"end":{"line":28,"column":79}},"16":{"start":{"line":31,"column":2},"end":{"line":38,"column":3}},"17":{"start":{"line":32,"column":4},"end":{"line":32,"column":47}},"18":{"start":{"line":33,"column":9},"end":{"line":38,"column":3}},"19":{"start":{"line":34,"column":4},"end":{"line":37,"column":20}},"20":{"start":{"line":40,"column":2},"end":{"line":42,"column":3}},"21":{"start":{"line":41,"column":4},"end":{"line":41,"column":54}},"22":{"start":{"line":44,"column":2},"end":{"line":46,"column":3}},"23":{"start":{"line":45,"column":4},"end":{"line":45,"column":51}},"24":{"start":{"line":47,"column":2},"end":{"line":47,"column":29}},"25":{"start":{"line":49,"column":2},"end":{"line":52,"column":4}},"26":{"start":{"line":56,"column":19},"end":{"line":56,"column":29}},"27":{"start":{"line":57,"column":2},"end":{"line":57,"column":14}},"28":{"start":{"line":58,"column":2},"end":{"line":60,"column":3}},"29":{"start":{"line":59,"column":4},"end":{"line":59,"column":44}},"30":{"start":{"line":62,"column":2},"end":{"line":64,"column":3}},"31":{"start":{"line":63,"column":4},"end":{"line":63,"column":38}},"32":{"start":{"line":66,"column":2},"end":{"line":73,"column":3}},"33":{"start":{"line":67,"column":4},"end":{"line":67,"column":47}},"34":{"start":{"line":68,"column":9},"end":{"line":73,"column":3}},"35":{"start":{"line":69,"column":4},"end":{"line":72,"column":20}},"36":{"start":{"line":74,"column":2},"end":{"line":74,"column":29}},"37":{"start":{"line":76,"column":2},"end":{"line":79,"column":4}}},"fnMap":{"0":{"name":"validateSignUpInput","decl":{"start":{"line":9,"column":16},"end":{"line":9,"column":35}},"loc":{"start":{"line":9,"column":48},"end":{"line":53,"column":1}},"line":9},"1":{"name":"validateSignInInput","decl":{"start":{"line":55,"column":16},"end":{"line":55,"column":35}},"loc":{"start":{"line":55,"column":48},"end":{"line":80,"column":1}},"line":55}},"branchMap":{"0":{"loc":{"start":{"line":12,"column":2},"end":{"line":14,"column":3}},"type":"if","locations":[{"start":{"line":12,"column":2},"end":{"line":14,"column":3}},{"start":{"line":12,"column":2},"end":{"line":14,"column":3}}],"line":12},"1":{"loc":{"start":{"line":15,"column":2},"end":{"line":17,"column":3}},"type":"if","locations":[{"start":{"line":15,"column":2},"end":{"line":17,"column":3}},{"start":{"line":15,"column":2},"end":{"line":17,"column":3}}],"line":15},"2":{"loc":{"start":{"line":19,"column":2},"end":{"line":23,"column":3}},"type":"if","locations":[{"start":{"line":19,"column":2},"end":{"line":23,"column":3}},{"start":{"line":19,"column":2},"end":{"line":23,"column":3}}],"line":19},"3":{"loc":{"start":{"line":21,"column":9},"end":{"line":23,"column":3}},"type":"if","locations":[{"start":{"line":21,"column":9},"end":{"line":23,"column":3}},{"start":{"line":21,"column":9},"end":{"line":23,"column":3}}],"line":21},"4":{"loc":{"start":{"line":25,"column":2},"end":{"line":29,"column":3}},"type":"if","locations":[{"start":{"line":25,"column":2},"end":{"line":29,"column":3}},{"start":{"line":25,"column":2},"end":{"line":29,"column":3}}],"line":25},"5":{"loc":{"start":{"line":27,"column":9},"end":{"line":29,"column":3}},"type":"if","locations":[{"start":{"line":27,"column":9},"end":{"line":29,"column":3}},{"start":{"line":27,"column":9},"end":{"line":29,"column":3}}],"line":27},"6":{"loc":{"start":{"line":31,"column":2},"end":{"line":38,"column":3}},"type":"if","locations":[{"start":{"line":31,"column":2},"end":{"line":38,"column":3}},{"start":{"line":31,"column":2},"end":{"line":38,"column":3}}],"line":31},"7":{"loc":{"start":{"line":33,"column":9},"end":{"line":38,"column":3}},"type":"if","locations":[{"start":{"line":33,"column":9},"end":{"line":38,"column":3}},{"start":{"line":33,"column":9},"end":{"line":38,"column":3}}],"line":33},"8":{"loc":{"start":{"line":40,"column":2},"end":{"line":42,"column":3}},"type":"if","locations":[{"start":{"line":40,"column":2},"end":{"line":42,"column":3}},{"start":{"line":40,"column":2},"end":{"line":42,"column":3}}],"line":40},"9":{"loc":{"start":{"line":44,"column":2},"end":{"line":46,"column":3}},"type":"if","locations":[{"start":{"line":44,"column":2},"end":{"line":46,"column":3}},{"start":{"line":44,"column":2},"end":{"line":46,"column":3}}],"line":44},"10":{"loc":{"start":{"line":58,"column":2},"end":{"line":60,"column":3}},"type":"if","locations":[{"start":{"line":58,"column":2},"end":{"line":60,"column":3}},{"start":{"line":58,"column":2},"end":{"line":60,"column":3}}],"line":58},"11":{"loc":{"start":{"line":62,"column":2},"end":{"line":64,"column":3}},"type":"if","locations":[{"start":{"line":62,"column":2},"end":{"line":64,"column":3}},{"start":{"line":62,"column":2},"end":{"line":64,"column":3}}],"line":62},"12":{"loc":{"start":{"line":66,"column":2},"end":{"line":73,"column":3}},"type":"if","locations":[{"start":{"line":66,"column":2},"end":{"line":73,"column":3}},{"start":{"line":66,"column":2},"end":{"line":73,"column":3}}],"line":66},"13":{"loc":{"start":{"line":68,"column":9},"end":{"line":73,"column":3}},"type":"if","locations":[{"start":{"line":68,"column":9},"end":{"line":73,"column":3}},{"start":{"line":68,"column":9},"end":{"line":73,"column":3}}],"line":68}},"s":{"0":7,"1":7,"2":4,"3":4,"4":4,"5":4,"6":4,"7":4,"8":4,"9":1,"10":3,"11":1,"12":4,"13":3,"14":1,"15":1,"16":4,"17":3,"18":1,"19":1,"20":4,"21":3,"22":4,"23":1,"24":4,"25":4,"26":3,"27":3,"28":3,"29":2,"30":3,"31":3,"32":3,"33":2,"34":1,"35":1,"36":3,"37":3},"f":{"0":4,"1":3},"b":{"0":[4,0],"1":[4,0],"2":[1,3],"3":[1,2],"4":[3,1],"5":[1,0],"6":[3,1],"7":[1,0],"8":[3,1],"9":[1,3],"10":[2,1],"11":[3,0],"12":[2,1],"13":[1,0]},"_coverageSchema":"332fd63041d2c1bcb487cc26dd0d5f7d97098a6c","hash":"18b787ec31fd4c9d0bcf09b8d1f3723707c3977e"}
,"/Users/gabrielmicah/Desktop/projects/event-manager/client/src/components/authentication/signin/SignIn.jsx": {"path":"/Users/gabrielmicah/Desktop/projects/event-manager/client/src/components/authentication/signin/SignIn.jsx","statementMap":{"0":{"start":{"line":17,"column":4},"end":{"line":35,"column":6}}},"fnMap":{"0":{"name":"(anonymous_0)","decl":{"start":{"line":16,"column":2},"end":{"line":16,"column":3}},"loc":{"start":{"line":16,"column":11},"end":{"line":36,"column":3}},"line":16}},"branchMap":{},"s":{"0":1},"f":{"0":1},"b":{},"_coverageSchema":"332fd63041d2c1bcb487cc26dd0d5f7d97098a6c","hash":"24a8171414d0d0a4887a13639168ac8c85f676f7"}
,"/Users/gabrielmicah/Desktop/projects/event-manager/client/src/components/authentication/signin/SignInForm.jsx": {"path":"/Users/gabrielmicah/Desktop/projects/event-manager/client/src/components/authentication/signin/SignInForm.jsx","statementMap":{"0":{"start":{"line":20,"column":4},"end":{"line":20,"column":17}},"1":{"start":{"line":21,"column":4},"end":{"line":27,"column":6}},"2":{"start":{"line":29,"column":4},"end":{"line":29,"column":53}},"3":{"start":{"line":30,"column":4},"end":{"line":30,"column":53}},"4":{"start":{"line":39,"column":4},"end":{"line":48,"column":5}},"5":{"start":{"line":40,"column":19},"end":{"line":40,"column":57}},"6":{"start":{"line":41,"column":6},"end":{"line":41,"column":35}},"7":{"start":{"line":42,"column":6},"end":{"line":45,"column":9}},"8":{"start":{"line":47,"column":6},"end":{"line":47,"column":57}},"9":{"start":{"line":56,"column":43},"end":{"line":56,"column":74}},"10":{"start":{"line":57,"column":4},"end":{"line":59,"column":5}},"11":{"start":{"line":58,"column":6},"end":{"line":58,"column":32}},"12":{"start":{"line":60,"column":4},"end":{"line":60,"column":19}},"13":{"start":{"line":69,"column":4},"end":{"line":69,"column":23}},"14":{"start":{"line":70,"column":4},"end":{"line":96,"column":5}},"15":{"start":{"line":71,"column":6},"end":{"line":71,"column":53}},"16":{"start":{"line":72,"column":6},"end":{"line":95,"column":11}},"17":{"start":{"line":75,"column":10},"end":{"line":86,"column":11}},"18":{"start":{"line":76,"column":12},"end":{"line":78,"column":15}},"19":{"start":{"line":81,"column":12},"end":{"line":85,"column":15}},"20":{"start":{"line":90,"column":10},"end":{"line":94,"column":13}},"21":{"start":{"line":104,"column":34},"end":{"line":104,"column":44}},"22":{"start":{"line":105,"column":18},"end":{"line":105,"column":50}},"23":{"start":{"line":107,"column":4},"end":{"line":109,"column":5}},"24":{"start":{"line":108,"column":6},"end":{"line":108,"column":42}},"25":{"start":{"line":111,"column":4},"end":{"line":186,"column":6}},"26":{"start":{"line":190,"column":31},"end":{"line":192,"column":2}},"27":{"start":{"line":190,"column":41},"end":{"line":192,"column":1}},"28":{"start":{"line":194,"column":36},"end":{"line":195,"column":53}},"29":{"start":{"line":195,"column":2},"end":{"line":195,"column":53}}},"fnMap":{"0":{"name":"(anonymous_0)","decl":{"start":{"line":19,"column":2},"end":{"line":19,"column":3}},"loc":{"start":{"line":19,"column":21},"end":{"line":31,"column":3}},"line":19},"1":{"name":"(anonymous_1)","decl":{"start":{"line":38,"column":2},"end":{"line":38,"column":3}},"loc":{"start":{"line":38,"column":18},"end":{"line":49,"column":3}},"line":38},"2":{"name":"(anonymous_2)","decl":{"start":{"line":55,"column":2},"end":{"line":55,"column":3}},"loc":{"start":{"line":55,"column":12},"end":{"line":61,"column":3}},"line":55},"3":{"name":"(anonymous_3)","decl":{"start":{"line":68,"column":2},"end":{"line":68,"column":3}},"loc":{"start":{"line":68,"column":18},"end":{"line":97,"column":3}},"line":68},"4":{"name":"(anonymous_4)","decl":{"start":{"line":74,"column":14},"end":{"line":74,"column":15}},"loc":{"start":{"line":74,"column":23},"end":{"line":87,"column":9}},"line":74},"5":{"name":"(anonymous_5)","decl":{"start":{"line":88,"column":15},"end":{"line":88,"column":16}},"loc":{"start":{"line":88,"column":21},"end":{"line":95,"column":9}},"line":88},"6":{"name":"(anonymous_6)","decl":{"start":{"line":103,"column":2},"end":{"line":103,"column":3}},"loc":{"start":{"line":103,"column":11},"end":{"line":187,"column":3}},"line":103},"7":{"name":"(anonymous_7)","decl":{"start":{"line":190,"column":31},"end":{"line":190,"column":32}},"loc":{"start":{"line":190,"column":41},"end":{"line":192,"column":1}},"line":190},"8":{"name":"(anonymous_8)","decl":{"start":{"line":194,"column":36},"end":{"line":194,"column":37}},"loc":{"start":{"line":195,"column":2},"end":{"line":195,"column":53}},"line":195}},"branchMap":{"0":{"loc":{"start":{"line":39,"column":4},"end":{"line":48,"column":5}},"type":"if","locations":[{"start":{"line":39,"column":4},"end":{"line":48,"column":5}},{"start":{"line":39,"column":4},"end":{"line":48,"column":5}}],"line":39},"1":{"loc":{"start":{"line":57,"column":4},"end":{"line":59,"column":5}},"type":"if","locations":[{"start":{"line":57,"column":4},"end":{"line":59,"column":5}},{"start":{"line":57,"column":4},"end":{"line":59,"column":5}}],"line":57},"2":{"loc":{"start":{"line":70,"column":4},"end":{"line":96,"column":5}},"type":"if","locations":[{"start":{"line":70,"column":4},"end":{"line":96,"column":5}},{"start":{"line":70,"column":4},"end":{"line":96,"column":5}}],"line":70},"3":{"loc":{"start":{"line":75,"column":10},"end":{"line":86,"column":11}},"type":"if","locations":[{"start":{"line":75,"column":10},"end":{"line":86,"column":11}},{"start":{"line":75,"column":10},"end":{"line":86,"column":11}}],"line":75},"4":{"loc":{"start":{"line":107,"column":4},"end":{"line":109,"column":5}},"type":"if","locations":[{"start":{"line":107,"column":4},"end":{"line":109,"column":5}},{"start":{"line":107,"column":4},"end":{"line":109,"column":5}}],"line":107},"5":{"loc":{"start":{"line":129,"column":23},"end":{"line":129,"column":41}},"type":"binary-expr","locations":[{"start":{"line":129,"column":23},"end":{"line":129,"column":35}},{"start":{"line":129,"column":39},"end":{"line":129,"column":41}}],"line":129},"6":{"loc":{"start":{"line":143,"column":23},"end":{"line":143,"column":44}},"type":"binary-expr","locations":[{"start":{"line":143,"column":23},"end":{"line":143,"column":38}},{"start":{"line":143,"column":42},"end":{"line":143,"column":44}}],"line":143},"7":{"loc":{"start":{"line":161,"column":26},"end":{"line":161,"column":53}},"type":"cond-expr","locations":[{"start":{"line":161,"column":38},"end":{"line":161,"column":48}},{"start":{"line":161,"column":51},"end":{"line":161,"column":53}}],"line":161},"8":{"loc":{"start":{"line":163,"column":17},"end":{"line":171,"column":17}},"type":"cond-expr","locations":[{"start":{"line":164,"column":18},"end":{"line":164,"column":27}},{"start":{"line":166,"column":18},"end":{"line":170,"column":20}}],"line":163}},"s":{"0":5,"1":5,"2":5,"3":5,"4":2,"5":1,"6":1,"7":1,"8":1,"9":1,"10":1,"11":1,"12":1,"13":1,"14":1,"15":0,"16":0,"17":0,"18":0,"19":0,"20":0,"21":11,"22":11,"23":11,"24":1,"25":10,"26":4,"27":1,"28":4,"29":1},"f":{"0":5,"1":2,"2":1,"3":1,"4":0,"5":0,"6":11,"7":1,"8":1},"b":{"0":[1,1],"1":[1,0],"2":[0,1],"3":[0,0],"4":[1,10],"5":[10,8],"6":[10,9],"7":[0,10],"8":[10,0]},"_coverageSchema":"332fd63041d2c1bcb487cc26dd0d5f7d97098a6c","hash":"dde77ec427d8493b7a28c62524ac14d2bac1be61"}
,"/Users/gabrielmicah/Desktop/projects/event-manager/client/src/components/authentication/signout/SignOut.jsx": {"path":"/Users/gabrielmicah/Desktop/projects/event-manager/client/src/components/authentication/signout/SignOut.jsx","statementMap":{"0":{"start":{"line":15,"column":4},"end":{"line":15,"column":32}},"1":{"start":{"line":24,"column":4},"end":{"line":26,"column":5}},"2":{"start":{"line":25,"column":6},"end":{"line":25,"column":28}},"3":{"start":{"line":35,"column":4},"end":{"line":37,"column":6}},"4":{"start":{"line":41,"column":24},"end":{"line":43,"column":2}},"5":{"start":{"line":41,"column":34},"end":{"line":43,"column":1}},"6":{"start":{"line":45,"column":34},"end":{"line":46,"column":50}},"7":{"start":{"line":46,"column":2},"end":{"line":46,"column":50}}},"fnMap":{"0":{"name":"(anonymous_0)","decl":{"start":{"line":14,"column":2},"end":{"line":14,"column":3}},"loc":{"start":{"line":14,"column":23},"end":{"line":16,"column":3}},"line":14},"1":{"name":"(anonymous_1)","decl":{"start":{"line":23,"column":2},"end":{"line":23,"column":3}},"loc":{"start":{"line":23,"column":38},"end":{"line":27,"column":3}},"line":23},"2":{"name":"(anonymous_2)","decl":{"start":{"line":34,"column":2},"end":{"line":34,"column":3}},"loc":{"start":{"line":34,"column":11},"end":{"line":38,"column":3}},"line":34},"3":{"name":"(anonymous_3)","decl":{"start":{"line":41,"column":24},"end":{"line":41,"column":25}},"loc":{"start":{"line":41,"column":34},"end":{"line":43,"column":1}},"line":41},"4":{"name":"(anonymous_4)","decl":{"start":{"line":45,"column":34},"end":{"line":45,"column":35}},"loc":{"start":{"line":46,"column":2},"end":{"line":46,"column":50}},"line":46}},"branchMap":{"0":{"loc":{"start":{"line":24,"column":4},"end":{"line":26,"column":5}},"type":"if","locations":[{"start":{"line":24,"column":4},"end":{"line":26,"column":5}},{"start":{"line":24,"column":4},"end":{"line":26,"column":5}}],"line":24}},"s":{"0":2,"1":1,"2":1,"3":3,"4":3,"5":0,"6":3,"7":1},"f":{"0":2,"1":1,"2":3,"3":0,"4":1},"b":{"0":[1,0]},"_coverageSchema":"332fd63041d2c1bcb487cc26dd0d5f7d97098a6c","hash":"0f6f2019a97ac1862cc5d9ebb29aa5012cc71f36"}
,"/Users/gabrielmicah/Desktop/projects/event-manager/client/src/components/authentication/signup/SignUp.jsx": {"path":"/Users/gabrielmicah/Desktop/projects/event-manager/client/src/components/authentication/signup/SignUp.jsx","statementMap":{"0":{"start":{"line":20,"column":4},"end":{"line":20,"column":17}},"1":{"start":{"line":21,"column":4},"end":{"line":23,"column":6}},"2":{"start":{"line":31,"column":4},"end":{"line":33,"column":5}},"3":{"start":{"line":32,"column":6},"end":{"line":32,"column":47}},"4":{"start":{"line":41,"column":4},"end":{"line":43,"column":5}},"5":{"start":{"line":42,"column":6},"end":{"line":42,"column":33}},"6":{"start":{"line":44,"column":4},"end":{"line":61,"column":6}},"7":{"start":{"line":65,"column":24},"end":{"line":67,"column":2}},"8":{"start":{"line":65,"column":34},"end":{"line":67,"column":1}},"9":{"start":{"line":69,"column":34},"end":{"line":71,"column":12}},"10":{"start":{"line":69,"column":46},"end":{"line":71,"column":12}}},"fnMap":{"0":{"name":"(anonymous_0)","decl":{"start":{"line":19,"column":2},"end":{"line":19,"column":3}},"loc":{"start":{"line":19,"column":21},"end":{"line":24,"column":3}},"line":19},"1":{"name":"(anonymous_1)","decl":{"start":{"line":30,"column":2},"end":{"line":30,"column":3}},"loc":{"start":{"line":30,"column":23},"end":{"line":34,"column":3}},"line":30},"2":{"name":"(anonymous_2)","decl":{"start":{"line":40,"column":2},"end":{"line":40,"column":3}},"loc":{"start":{"line":40,"column":11},"end":{"line":62,"column":3}},"line":40},"3":{"name":"(anonymous_3)","decl":{"start":{"line":65,"column":24},"end":{"line":65,"column":25}},"loc":{"start":{"line":65,"column":34},"end":{"line":67,"column":1}},"line":65},"4":{"name":"(anonymous_4)","decl":{"start":{"line":69,"column":34},"end":{"line":69,"column":35}},"loc":{"start":{"line":69,"column":46},"end":{"line":71,"column":12}},"line":69}},"branchMap":{"0":{"loc":{"start":{"line":31,"column":4},"end":{"line":33,"column":5}},"type":"if","locations":[{"start":{"line":31,"column":4},"end":{"line":33,"column":5}},{"start":{"line":31,"column":4},"end":{"line":33,"column":5}}],"line":31},"1":{"loc":{"start":{"line":41,"column":4},"end":{"line":43,"column":5}},"type":"if","locations":[{"start":{"line":41,"column":4},"end":{"line":43,"column":5}},{"start":{"line":41,"column":4},"end":{"line":43,"column":5}}],"line":41}},"s":{"0":2,"1":2,"2":2,"3":1,"4":6,"5":3,"6":3,"7":3,"8":0,"9":3,"10":1},"f":{"0":2,"1":2,"2":6,"3":0,"4":1},"b":{"0":[1,1],"1":[3,3]},"_coverageSchema":"332fd63041d2c1bcb487cc26dd0d5f7d97098a6c","hash":"805664de0623e49f9c02e53d5ae9b046f62f59af"}
,"/Users/gabrielmicah/Desktop/projects/event-manager/client/src/components/authentication/signup/SignUpForm.jsx": {"path":"/Users/gabrielmicah/Desktop/projects/event-manager/client/src/components/authentication/signup/SignUpForm.jsx","statementMap":{"0":{"start":{"line":17,"column":4},"end":{"line":17,"column":17}},"1":{"start":{"line":18,"column":4},"end":{"line":30,"column":6}},"2":{"start":{"line":32,"column":4},"end":{"line":32,"column":53}},"3":{"start":{"line":33,"column":4},"end":{"line":33,"column":53}},"4":{"start":{"line":42,"column":4},"end":{"line":51,"column":5}},"5":{"start":{"line":43,"column":19},"end":{"line":43,"column":55}},"6":{"start":{"line":44,"column":6},"end":{"line":44,"column":35}},"7":{"start":{"line":45,"column":6},"end":{"line":48,"column":9}},"8":{"start":{"line":50,"column":6},"end":{"line":50,"column":57}},"9":{"start":{"line":59,"column":43},"end":{"line":59,"column":74}},"10":{"start":{"line":60,"column":4},"end":{"line":62,"column":5}},"11":{"start":{"line":61,"column":6},"end":{"line":61,"column":32}},"12":{"start":{"line":63,"column":4},"end":{"line":63,"column":19}},"13":{"start":{"line":72,"column":4},"end":{"line":72,"column":23}},"14":{"start":{"line":74,"column":4},"end":{"line":106,"column":5}},"15":{"start":{"line":75,"column":6},"end":{"line":78,"column":9}},"16":{"start":{"line":80,"column":6},"end":{"line":105,"column":11}},"17":{"start":{"line":83,"column":10},"end":{"line":88,"column":13}},"18":{"start":{"line":89,"column":10},"end":{"line":94,"column":19}},"19":{"start":{"line":90,"column":12},"end":{"line":90,"column":65}},"20":{"start":{"line":91,"column":12},"end":{"line":93,"column":13}},"21":{"start":{"line":92,"column":14},"end":{"line":92,"column":48}},"22":{"start":{"line":97,"column":10},"end":{"line":103,"column":13}},"23":{"start":{"line":104,"column":10},"end":{"line":104,"column":59}},"24":{"start":{"line":116,"column":8},"end":{"line":116,"column":18}},"25":{"start":{"line":117,"column":13},"end":{"line":117,"column":22}},"26":{"start":{"line":118,"column":4},"end":{"line":120,"column":5}},"27":{"start":{"line":119,"column":6},"end":{"line":119,"column":34}},"28":{"start":{"line":122,"column":18},"end":{"line":122,"column":50}},"29":{"start":{"line":123,"column":4},"end":{"line":232,"column":6}},"30":{"start":{"line":236,"column":0},"end":{"line":238,"column":2}}},"fnMap":{"0":{"name":"(anonymous_0)","decl":{"start":{"line":16,"column":2},"end":{"line":16,"column":3}},"loc":{"start":{"line":16,"column":21},"end":{"line":34,"column":3}},"line":16},"1":{"name":"(anonymous_1)","decl":{"start":{"line":41,"column":2},"end":{"line":41,"column":3}},"loc":{"start":{"line":41,"column":18},"end":{"line":52,"column":3}},"line":41},"2":{"name":"(anonymous_2)","decl":{"start":{"line":58,"column":2},"end":{"line":58,"column":3}},"loc":{"start":{"line":58,"column":12},"end":{"line":64,"column":3}},"line":58},"3":{"name":"(anonymous_3)","decl":{"start":{"line":71,"column":2},"end":{"line":71,"column":3}},"loc":{"start":{"line":71,"column":18},"end":{"line":107,"column":3}},"line":71},"4":{"name":"(anonymous_4)","decl":{"start":{"line":82,"column":14},"end":{"line":82,"column":15}},"loc":{"start":{"line":82,"column":28},"end":{"line":95,"column":9}},"line":82},"5":{"name":"(anonymous_5)","decl":{"start":{"line":89,"column":22},"end":{"line":89,"column":23}},"loc":{"start":{"line":89,"column":28},"end":{"line":94,"column":11}},"line":89},"6":{"name":"(anonymous_6)","decl":{"start":{"line":96,"column":15},"end":{"line":96,"column":16}},"loc":{"start":{"line":96,"column":33},"end":{"line":105,"column":9}},"line":96},"7":{"name":"(anonymous_7)","decl":{"start":{"line":113,"column":2},"end":{"line":113,"column":3}},"loc":{"start":{"line":113,"column":11},"end":{"line":233,"column":3}},"line":113}},"branchMap":{"0":{"loc":{"start":{"line":42,"column":4},"end":{"line":51,"column":5}},"type":"if","locations":[{"start":{"line":42,"column":4},"end":{"line":51,"column":5}},{"start":{"line":42,"column":4},"end":{"line":51,"column":5}}],"line":42},"1":{"loc":{"start":{"line":60,"column":4},"end":{"line":62,"column":5}},"type":"if","locations":[{"start":{"line":60,"column":4},"end":{"line":62,"column":5}},{"start":{"line":60,"column":4},"end":{"line":62,"column":5}}],"line":60},"2":{"loc":{"start":{"line":74,"column":4},"end":{"line":106,"column":5}},"type":"if","locations":[{"start":{"line":74,"column":4},"end":{"line":106,"column":5}},{"start":{"line":74,"column":4},"end":{"line":106,"column":5}}],"line":74},"3":{"loc":{"start":{"line":91,"column":12},"end":{"line":93,"column":13}},"type":"if","locations":[{"start":{"line":91,"column":12},"end":{"line":93,"column":13}},{"start":{"line":91,"column":12},"end":{"line":93,"column":13}}],"line":91},"4":{"loc":{"start":{"line":118,"column":4},"end":{"line":120,"column":5}},"type":"if","locations":[{"start":{"line":118,"column":4},"end":{"line":120,"column":5}},{"start":{"line":118,"column":4},"end":{"line":120,"column":5}}],"line":118},"5":{"loc":{"start":{"line":150,"column":21},"end":{"line":150,"column":43}},"type":"binary-expr","locations":[{"start":{"line":150,"column":21},"end":{"line":150,"column":37}},{"start":{"line":150,"column":41},"end":{"line":150,"column":43}}],"line":150},"6":{"loc":{"start":{"line":162,"column":21},"end":{"line":162,"column":42}},"type":"binary-expr","locations":[{"start":{"line":162,"column":21},"end":{"line":162,"column":36}},{"start":{"line":162,"column":40},"end":{"line":162,"column":42}}],"line":162},"7":{"loc":{"start":{"line":174,"column":21},"end":{"line":174,"column":65}},"type":"cond-expr","locations":[{"start":{"line":174,"column":30},"end":{"line":174,"column":44}},{"start":{"line":174,"column":47},"end":{"line":174,"column":65}}],"line":174},"8":{"loc":{"start":{"line":174,"column":47},"end":{"line":174,"column":65}},"type":"binary-expr","locations":[{"start":{"line":174,"column":47},"end":{"line":174,"column":59}},{"start":{"line":174,"column":63},"end":{"line":174,"column":65}}],"line":174},"9":{"loc":{"start":{"line":185,"column":21},"end":{"line":185,"column":42}},"type":"binary-expr","locations":[{"start":{"line":185,"column":21},"end":{"line":185,"column":36}},{"start":{"line":185,"column":40},"end":{"line":185,"column":42}}],"line":185},"10":{"loc":{"start":{"line":197,"column":21},"end":{"line":197,"column":49}},"type":"binary-expr","locations":[{"start":{"line":197,"column":21},"end":{"line":197,"column":43}},{"start":{"line":197,"column":47},"end":{"line":197,"column":49}}],"line":197},"11":{"loc":{"start":{"line":211,"column":26},"end":{"line":211,"column":53}},"type":"cond-expr","locations":[{"start":{"line":211,"column":38},"end":{"line":211,"column":48}},{"start":{"line":211,"column":51},"end":{"line":211,"column":53}}],"line":211},"12":{"loc":{"start":{"line":213,"column":17},"end":{"line":217,"column":17}},"type":"cond-expr","locations":[{"start":{"line":214,"column":18},"end":{"line":214,"column":28}},{"start":{"line":216,"column":18},"end":{"line":216,"column":77}}],"line":213}},"s":{"0":1,"1":1,"2":1,"3":1,"4":2,"5":1,"6":1,"7":1,"8":1,"9":2,"10":2,"11":2,"12":2,"13":1,"14":1,"15":0,"16":0,"17":0,"18":0,"19":0,"20":0,"21":0,"22":0,"23":0,"24":10,"25":10,"26":10,"27":2,"28":8,"29":8,"30":4},"f":{"0":1,"1":2,"2":2,"3":1,"4":0,"5":0,"6":0,"7":10},"b":{"0":[1,1],"1":[2,0],"2":[0,1],"3":[0,0],"4":[2,8],"5":[8,7],"6":[8,6],"7":[0,8],"8":[8,6],"9":[8,6],"10":[8,6],"11":[0,8],"12":[8,0]},"_coverageSchema":"332fd63041d2c1bcb487cc26dd0d5f7d97098a6c","hash":"9a4d03a6805b3bf50308297529df922abb7f4bb5"}
,"/Users/gabrielmicah/Desktop/projects/event-manager/client/src/components/bodyComponents/IndexCenterCardHolder.jsx": {"path":"/Users/gabrielmicah/Desktop/projects/event-manager/client/src/components/bodyComponents/IndexCenterCardHolder.jsx","statementMap":{"0":{"start":{"line":29,"column":4},"end":{"line":29,"column":17}},"1":{"start":{"line":30,"column":4},"end":{"line":30,"column":32}},"2":{"start":{"line":31,"column":4},"end":{"line":34,"column":6}},"3":{"start":{"line":42,"column":4},"end":{"line":42,"column":24}},"4":{"start":{"line":43,"column":4},"end":{"line":43,"column":36}},"5":{"start":{"line":54,"column":10},"end":{"line":54,"column":35}},"6":{"start":{"line":55,"column":34},"end":{"line":55,"column":54}},"7":{"start":{"line":57,"column":4},"end":{"line":66,"column":5}},"8":{"start":{"line":58,"column":6},"end":{"line":65,"column":9}},"9":{"start":{"line":74,"column":22},"end":{"line":74,"column":44}},"10":{"start":{"line":75,"column":4},"end":{"line":83,"column":9}},"11":{"start":{"line":76,"column":34},"end":{"line":76,"column":57}},"12":{"start":{"line":78,"column":17},"end":{"line":79,"column":41}},"13":{"start":{"line":80,"column":8},"end":{"line":82,"column":10}},"14":{"start":{"line":94,"column":17},"end":{"line":94,"column":36}},"15":{"start":{"line":95,"column":4},"end":{"line":95,"column":39}},"16":{"start":{"line":109,"column":8},"end":{"line":109,"column":18}},"17":{"start":{"line":111,"column":4},"end":{"line":125,"column":5}},"18":{"start":{"line":112,"column":6},"end":{"line":114,"column":7}},"19":{"start":{"line":113,"column":8},"end":{"line":113,"column":34}},"20":{"start":{"line":115,"column":6},"end":{"line":124,"column":7}},"21":{"start":{"line":116,"column":8},"end":{"line":123,"column":10}},"22":{"start":{"line":118,"column":27},"end":{"line":118,"column":42}},"23":{"start":{"line":133,"column":22},"end":{"line":133,"column":44}},"24":{"start":{"line":134,"column":4},"end":{"line":140,"column":5}},"25":{"start":{"line":135,"column":6},"end":{"line":139,"column":8}},"26":{"start":{"line":148,"column":26},"end":{"line":148,"column":36}},"27":{"start":{"line":149,"column":4},"end":{"line":167,"column":6}},"28":{"start":{"line":171,"column":0},"end":{"line":175,"column":2}},"29":{"start":{"line":177,"column":34},"end":{"line":182,"column":14}},"30":{"start":{"line":178,"column":2},"end":{"line":182,"column":14}},"31":{"start":{"line":184,"column":31},"end":{"line":186,"column":2}},"32":{"start":{"line":184,"column":41},"end":{"line":186,"column":1}}},"fnMap":{"0":{"name":"(anonymous_0)","decl":{"start":{"line":28,"column":2},"end":{"line":28,"column":3}},"loc":{"start":{"line":28,"column":21},"end":{"line":35,"column":3}},"line":28},"1":{"name":"(anonymous_1)","decl":{"start":{"line":41,"column":2},"end":{"line":41,"column":3}},"loc":{"start":{"line":41,"column":22},"end":{"line":44,"column":3}},"line":41},"2":{"name":"(anonymous_2)","decl":{"start":{"line":51,"column":2},"end":{"line":51,"column":3}},"loc":{"start":{"line":51,"column":38},"end":{"line":67,"column":3}},"line":51},"3":{"name":"(anonymous_3)","decl":{"start":{"line":73,"column":2},"end":{"line":73,"column":3}},"loc":{"start":{"line":73,"column":20},"end":{"line":84,"column":3}},"line":73},"4":{"name":"(anonymous_4)","decl":{"start":{"line":76,"column":12},"end":{"line":76,"column":13}},"loc":{"start":{"line":76,"column":34},"end":{"line":76,"column":57}},"line":76},"5":{"name":"(anonymous_5)","decl":{"start":{"line":77,"column":11},"end":{"line":77,"column":12}},"loc":{"start":{"line":77,"column":23},"end":{"line":83,"column":7}},"line":77},"6":{"name":"(anonymous_6)","decl":{"start":{"line":90,"column":2},"end":{"line":90,"column":3}},"loc":{"start":{"line":90,"column":13},"end":{"line":96,"column":3}},"line":90},"7":{"name":"(anonymous_7)","decl":{"start":{"line":102,"column":2},"end":{"line":102,"column":3}},"loc":{"start":{"line":102,"column":23},"end":{"line":126,"column":3}},"line":102},"8":{"name":"(anonymous_8)","decl":{"start":{"line":118,"column":21},"end":{"line":118,"column":22}},"loc":{"start":{"line":118,"column":27},"end":{"line":118,"column":42}},"line":118},"9":{"name":"(anonymous_9)","decl":{"start":{"line":132,"column":2},"end":{"line":132,"column":3}},"loc":{"start":{"line":132,"column":19},"end":{"line":141,"column":3}},"line":132},"10":{"name":"(anonymous_10)","decl":{"start":{"line":147,"column":2},"end":{"line":147,"column":3}},"loc":{"start":{"line":147,"column":11},"end":{"line":168,"column":3}},"line":147},"11":{"name":"(anonymous_11)","decl":{"start":{"line":177,"column":34},"end":{"line":177,"column":35}},"loc":{"start":{"line":178,"column":2},"end":{"line":182,"column":14}},"line":178},"12":{"name":"(anonymous_12)","decl":{"start":{"line":184,"column":31},"end":{"line":184,"column":32}},"loc":{"start":{"line":184,"column":41},"end":{"line":186,"column":1}},"line":184}},"branchMap":{"0":{"loc":{"start":{"line":57,"column":4},"end":{"line":66,"column":5}},"type":"if","locations":[{"start":{"line":57,"column":4},"end":{"line":66,"column":5}},{"start":{"line":57,"column":4},"end":{"line":66,"column":5}}],"line":57},"1":{"loc":{"start":{"line":111,"column":4},"end":{"line":125,"column":5}},"type":"if","locations":[{"start":{"line":111,"column":4},"end":{"line":125,"column":5}},{"start":{"line":111,"column":4},"end":{"line":125,"column":5}}],"line":111},"2":{"loc":{"start":{"line":111,"column":8},"end":{"line":111,"column":36}},"type":"binary-expr","locations":[{"start":{"line":111,"column":8},"end":{"line":111,"column":18}},{"start":{"line":111,"column":22},"end":{"line":111,"column":36}}],"line":111},"3":{"loc":{"start":{"line":112,"column":6},"end":{"line":114,"column":7}},"type":"if","locations":[{"start":{"line":112,"column":6},"end":{"line":114,"column":7}},{"start":{"line":112,"column":6},"end":{"line":114,"column":7}}],"line":112},"4":{"loc":{"start":{"line":115,"column":6},"end":{"line":124,"column":7}},"type":"if","locations":[{"start":{"line":115,"column":6},"end":{"line":124,"column":7}},{"start":{"line":115,"column":6},"end":{"line":124,"column":7}}],"line":115},"5":{"loc":{"start":{"line":134,"column":4},"end":{"line":140,"column":5}},"type":"if","locations":[{"start":{"line":134,"column":4},"end":{"line":140,"column":5}},{"start":{"line":134,"column":4},"end":{"line":140,"column":5}}],"line":134},"6":{"loc":{"start":{"line":152,"column":12},"end":{"line":163,"column":18}},"type":"cond-expr","locations":[{"start":{"line":153,"column":12},"end":{"line":155,"column":18}},{"start":{"line":157,"column":12},"end":{"line":163,"column":18}}],"line":152},"7":{"loc":{"start":{"line":161,"column":15},"end":{"line":161,"column":53}},"type":"cond-expr","locations":[{"start":{"line":161,"column":27},"end":{"line":161,"column":29}},{"start":{"line":161,"column":32},"end":{"line":161,"column":53}}],"line":161}},"s":{"0":4,"1":4,"2":4,"3":4,"4":4,"5":1,"6":1,"7":1,"8":1,"9":3,"10":3,"11":0,"12":0,"13":0,"14":1,"15":1,"16":4,"17":4,"18":4,"19":2,"20":2,"21":0,"22":0,"23":3,"24":3,"25":3,"26":7,"27":7,"28":4,"29":4,"30":1,"31":4,"32":1},"f":{"0":4,"1":4,"2":1,"3":3,"4":0,"5":0,"6":1,"7":4,"8":0,"9":3,"10":7,"11":1,"12":1},"b":{"0":[1,0],"1":[4,0],"2":[4,4],"3":[2,2],"4":[0,2],"5":[3,0],"6":[4,3],"7":[0,3]},"_coverageSchema":"332fd63041d2c1bcb487cc26dd0d5f7d97098a6c","hash":"9b86f074558d38dd5a085b7096ae4ad7bb3ed845"}
,"/Users/gabrielmicah/Desktop/projects/event-manager/client/src/components/bodyComponents/MyEventCardHolder.jsx": {"path":"/Users/gabrielmicah/Desktop/projects/event-manager/client/src/components/bodyComponents/MyEventCardHolder.jsx","statementMap":{"0":{"start":{"line":26,"column":4},"end":{"line":26,"column":17}},"1":{"start":{"line":27,"column":4},"end":{"line":31,"column":6}},"2":{"start":{"line":39,"column":4},"end":{"line":39,"column":24}},"3":{"start":{"line":40,"column":4},"end":{"line":40,"column":71}},"4":{"start":{"line":49,"column":4},"end":{"line":66,"column":5}},"5":{"start":{"line":52,"column":10},"end":{"line":52,"column":44}},"6":{"start":{"line":53,"column":23},"end":{"line":53,"column":52}},"7":{"start":{"line":55,"column":6},"end":{"line":63,"column":9}},"8":{"start":{"line":65,"column":6},"end":{"line":65,"column":42}},"9":{"start":{"line":77,"column":17},"end":{"line":77,"column":36}},"10":{"start":{"line":78,"column":4},"end":{"line":78,"column":69}},"11":{"start":{"line":86,"column":21},"end":{"line":86,"column":31}},"12":{"start":{"line":87,"column":4},"end":{"line":93,"column":5}},"13":{"start":{"line":88,"column":6},"end":{"line":92,"column":8}},"14":{"start":{"line":101,"column":21},"end":{"line":101,"column":31}},"15":{"start":{"line":102,"column":4},"end":{"line":106,"column":5}},"16":{"start":{"line":103,"column":6},"end":{"line":105,"column":9}},"17":{"start":{"line":104,"column":8},"end":{"line":104,"column":60}},"18":{"start":{"line":117,"column":8},"end":{"line":117,"column":18}},"19":{"start":{"line":118,"column":4},"end":{"line":150,"column":6}},"20":{"start":{"line":140,"column":37},"end":{"line":140,"column":52}},"21":{"start":{"line":154,"column":27},"end":{"line":158,"column":12}},"22":{"start":{"line":154,"column":39},"end":{"line":158,"column":12}},"23":{"start":{"line":160,"column":24},"end":{"line":163,"column":2}},"24":{"start":{"line":160,"column":34},"end":{"line":163,"column":1}}},"fnMap":{"0":{"name":"(anonymous_0)","decl":{"start":{"line":25,"column":2},"end":{"line":25,"column":3}},"loc":{"start":{"line":25,"column":21},"end":{"line":32,"column":3}},"line":25},"1":{"name":"(anonymous_1)","decl":{"start":{"line":38,"column":2},"end":{"line":38,"column":3}},"loc":{"start":{"line":38,"column":22},"end":{"line":41,"column":3}},"line":38},"2":{"name":"(anonymous_2)","decl":{"start":{"line":48,"column":2},"end":{"line":48,"column":3}},"loc":{"start":{"line":48,"column":38},"end":{"line":67,"column":3}},"line":48},"3":{"name":"(anonymous_3)","decl":{"start":{"line":73,"column":2},"end":{"line":73,"column":3}},"loc":{"start":{"line":73,"column":13},"end":{"line":79,"column":3}},"line":73},"4":{"name":"(anonymous_4)","decl":{"start":{"line":85,"column":2},"end":{"line":85,"column":3}},"loc":{"start":{"line":85,"column":19},"end":{"line":94,"column":3}},"line":85},"5":{"name":"(anonymous_5)","decl":{"start":{"line":100,"column":2},"end":{"line":100,"column":3}},"loc":{"start":{"line":100,"column":21},"end":{"line":107,"column":3}},"line":100},"6":{"name":"(anonymous_6)","decl":{"start":{"line":103,"column":24},"end":{"line":103,"column":25}},"loc":{"start":{"line":104,"column":8},"end":{"line":104,"column":60}},"line":104},"7":{"name":"(anonymous_7)","decl":{"start":{"line":114,"column":2},"end":{"line":114,"column":3}},"loc":{"start":{"line":114,"column":11},"end":{"line":151,"column":3}},"line":114},"8":{"name":"(anonymous_8)","decl":{"start":{"line":140,"column":31},"end":{"line":140,"column":32}},"loc":{"start":{"line":140,"column":37},"end":{"line":140,"column":52}},"line":140},"9":{"name":"(anonymous_9)","decl":{"start":{"line":154,"column":27},"end":{"line":154,"column":28}},"loc":{"start":{"line":154,"column":39},"end":{"line":158,"column":12}},"line":154},"10":{"name":"(anonymous_10)","decl":{"start":{"line":160,"column":24},"end":{"line":160,"column":25}},"loc":{"start":{"line":160,"column":34},"end":{"line":163,"column":1}},"line":160}},"branchMap":{"0":{"loc":{"start":{"line":49,"column":4},"end":{"line":66,"column":5}},"type":"if","locations":[{"start":{"line":49,"column":4},"end":{"line":66,"column":5}},{"start":{"line":49,"column":4},"end":{"line":66,"column":5}}],"line":49},"1":{"loc":{"start":{"line":87,"column":4},"end":{"line":93,"column":5}},"type":"if","locations":[{"start":{"line":87,"column":4},"end":{"line":93,"column":5}},{"start":{"line":87,"column":4},"end":{"line":93,"column":5}}],"line":87},"2":{"loc":{"start":{"line":102,"column":4},"end":{"line":106,"column":5}},"type":"if","locations":[{"start":{"line":102,"column":4},"end":{"line":106,"column":5}},{"start":{"line":102,"column":4},"end":{"line":106,"column":5}}],"line":102},"3":{"loc":{"start":{"line":125,"column":12},"end":{"line":146,"column":18}},"type":"cond-expr","locations":[{"start":{"line":126,"column":12},"end":{"line":128,"column":18}},{"start":{"line":130,"column":12},"end":{"line":146,"column":18}}],"line":125},"4":{"loc":{"start":{"line":136,"column":16},"end":{"line":144,"column":39}},"type":"cond-expr","locations":[{"start":{"line":137,"column":18},"end":{"line":144,"column":34}},{"start":{"line":144,"column":37},"end":{"line":144,"column":39}}],"line":136},"5":{"loc":{"start":{"line":137,"column":18},"end":{"line":144,"column":34}},"type":"cond-expr","locations":[{"start":{"line":137,"column":34},"end":{"line":137,"column":52}},{"start":{"line":138,"column":18},"end":{"line":144,"column":34}}],"line":137},"6":{"loc":{"start":{"line":138,"column":18},"end":{"line":144,"column":34}},"type":"cond-expr","locations":[{"start":{"line":139,"column":20},"end":{"line":144,"column":29}},{"start":{"line":144,"column":32},"end":{"line":144,"column":34}}],"line":138}},"s":{"0":4,"1":4,"2":4,"3":4,"4":3,"5":1,"6":1,"7":1,"8":2,"9":1,"10":1,"11":6,"12":6,"13":4,"14":6,"15":6,"16":2,"17":4,"18":10,"19":10,"20":0,"21":4,"22":0,"23":4,"24":0},"f":{"0":4,"1":4,"2":3,"3":1,"4":6,"5":6,"6":4,"7":10,"8":0,"9":0,"10":0},"b":{"0":[1,2],"1":[4,2],"2":[2,4],"3":[4,6],"4":[2,4],"5":[0,2],"6":[0,2]},"_coverageSchema":"332fd63041d2c1bcb487cc26dd0d5f7d97098a6c","hash":"fe484fbc1b03b720d5d58a04d00b9fea3013485f"}
,"/Users/gabrielmicah/Desktop/projects/event-manager/client/src/components/bodyComponents/MyEvents.jsx": {"path":"/Users/gabrielmicah/Desktop/projects/event-manager/client/src/components/bodyComponents/MyEvents.jsx","statementMap":{"0":{"start":{"line":20,"column":4},"end":{"line":20,"column":17}},"1":{"start":{"line":21,"column":4},"end":{"line":23,"column":6}},"2":{"start":{"line":31,"column":4},"end":{"line":33,"column":5}},"3":{"start":{"line":32,"column":6},"end":{"line":32,"column":47}},"4":{"start":{"line":41,"column":4},"end":{"line":43,"column":5}},"5":{"start":{"line":42,"column":6},"end":{"line":42,"column":33}},"6":{"start":{"line":45,"column":4},"end":{"line":55,"column":6}},"7":{"start":{"line":59,"column":24},"end":{"line":61,"column":2}},"8":{"start":{"line":59,"column":34},"end":{"line":61,"column":1}}},"fnMap":{"0":{"name":"(anonymous_0)","decl":{"start":{"line":19,"column":2},"end":{"line":19,"column":3}},"loc":{"start":{"line":19,"column":21},"end":{"line":24,"column":3}},"line":19},"1":{"name":"(anonymous_1)","decl":{"start":{"line":30,"column":2},"end":{"line":30,"column":3}},"loc":{"start":{"line":30,"column":23},"end":{"line":34,"column":3}},"line":30},"2":{"name":"(anonymous_2)","decl":{"start":{"line":40,"column":2},"end":{"line":40,"column":3}},"loc":{"start":{"line":40,"column":11},"end":{"line":56,"column":3}},"line":40},"3":{"name":"(anonymous_3)","decl":{"start":{"line":59,"column":24},"end":{"line":59,"column":25}},"loc":{"start":{"line":59,"column":34},"end":{"line":61,"column":1}},"line":59}},"branchMap":{"0":{"loc":{"start":{"line":31,"column":4},"end":{"line":33,"column":5}},"type":"if","locations":[{"start":{"line":31,"column":4},"end":{"line":33,"column":5}},{"start":{"line":31,"column":4},"end":{"line":33,"column":5}}],"line":31},"1":{"loc":{"start":{"line":41,"column":4},"end":{"line":43,"column":5}},"type":"if","locations":[{"start":{"line":41,"column":4},"end":{"line":43,"column":5}},{"start":{"line":41,"column":4},"end":{"line":43,"column":5}}],"line":41}},"s":{"0":2,"1":2,"2":2,"3":1,"4":2,"5":1,"6":1,"7":3,"8":0},"f":{"0":2,"1":2,"2":2,"3":0},"b":{"0":[1,1],"1":[1,1]},"_coverageSchema":"332fd63041d2c1bcb487cc26dd0d5f7d97098a6c","hash":"22b5ed73c10ca0c7f6306b8eb454558674c1dfec"}
,"/Users/gabrielmicah/Desktop/projects/event-manager/client/src/components/bodyComponents/eventsCard/EventCard.jsx": {"path":"/Users/gabrielmicah/Desktop/projects/event-manager/client/src/components/bodyComponents/eventsCard/EventCard.jsx","statementMap":{"0":{"start":{"line":37,"column":4},"end":{"line":37,"column":17}},"1":{"start":{"line":38,"column":4},"end":{"line":41,"column":6}},"2":{"start":{"line":43,"column":4},"end":{"line":43,"column":59}},"3":{"start":{"line":44,"column":4},"end":{"line":44,"column":61}},"4":{"start":{"line":52,"column":4},"end":{"line":52,"column":24}},"5":{"start":{"line":53,"column":4},"end":{"line":53,"column":31}},"6":{"start":{"line":61,"column":4},"end":{"line":63,"column":7}},"7":{"start":{"line":71,"column":4},"end":{"line":71,"column":39}},"8":{"start":{"line":79,"column":4},"end":{"line":79,"column":40}},"9":{"start":{"line":87,"column":4},"end":{"line":87,"column":56}},"10":{"start":{"line":88,"column":4},"end":{"line":88,"column":40}},"11":{"start":{"line":97,"column":4},"end":{"line":101,"column":7}},"12":{"start":{"line":98,"column":6},"end":{"line":100,"column":7}},"13":{"start":{"line":99,"column":8},"end":{"line":99,"column":32}},"14":{"start":{"line":109,"column":4},"end":{"line":138,"column":5}},"15":{"start":{"line":110,"column":6},"end":{"line":137,"column":8}},"16":{"start":{"line":127,"column":27},"end":{"line":127,"column":48}},"17":{"start":{"line":131,"column":27},"end":{"line":131,"column":49}},"18":{"start":{"line":148,"column":24},"end":{"line":148,"column":34}},"19":{"start":{"line":149,"column":4},"end":{"line":166,"column":5}},"20":{"start":{"line":154,"column":6},"end":{"line":165,"column":8}},"21":{"start":{"line":175,"column":20},"end":{"line":188,"column":5}},"22":{"start":{"line":180,"column":23},"end":{"line":180,"column":44}},"23":{"start":{"line":186,"column":23},"end":{"line":186,"column":46}},"24":{"start":{"line":190,"column":4},"end":{"line":200,"column":6}},"25":{"start":{"line":208,"column":21},"end":{"line":208,"column":55}},"26":{"start":{"line":210,"column":4},"end":{"line":210,"column":78}},"27":{"start":{"line":212,"column":6},"end":{"line":212,"column":69}},"28":{"start":{"line":224,"column":8},"end":{"line":224,"column":24}},"29":{"start":{"line":226,"column":4},"end":{"line":226,"column":51}},"30":{"start":{"line":227,"column":4},"end":{"line":227,"column":47}},"31":{"start":{"line":230,"column":6},"end":{"line":230,"column":69}},"32":{"start":{"line":232,"column":6},"end":{"line":236,"column":25}},"33":{"start":{"line":238,"column":4},"end":{"line":305,"column":6}},"34":{"start":{"line":309,"column":0},"end":{"line":311,"column":2}},"35":{"start":{"line":313,"column":24},"end":{"line":315,"column":2}},"36":{"start":{"line":313,"column":34},"end":{"line":315,"column":1}},"37":{"start":{"line":317,"column":27},"end":{"line":323,"column":1}},"38":{"start":{"line":317,"column":39},"end":{"line":323,"column":1}}},"fnMap":{"0":{"name":"(anonymous_0)","decl":{"start":{"line":36,"column":2},"end":{"line":36,"column":3}},"loc":{"start":{"line":36,"column":21},"end":{"line":45,"column":3}},"line":36},"1":{"name":"(anonymous_1)","decl":{"start":{"line":51,"column":2},"end":{"line":51,"column":3}},"loc":{"start":{"line":51,"column":23},"end":{"line":54,"column":3}},"line":51},"2":{"name":"(anonymous_2)","decl":{"start":{"line":60,"column":2},"end":{"line":60,"column":3}},"loc":{"start":{"line":60,"column":22},"end":{"line":64,"column":3}},"line":60},"3":{"name":"(anonymous_3)","decl":{"start":{"line":70,"column":2},"end":{"line":70,"column":3}},"loc":{"start":{"line":70,"column":20},"end":{"line":72,"column":3}},"line":70},"4":{"name":"(anonymous_4)","decl":{"start":{"line":78,"column":2},"end":{"line":78,"column":3}},"loc":{"start":{"line":78,"column":21},"end":{"line":80,"column":3}},"line":78},"5":{"name":"(anonymous_5)","decl":{"start":{"line":86,"column":2},"end":{"line":86,"column":3}},"loc":{"start":{"line":86,"column":19},"end":{"line":89,"column":3}},"line":86},"6":{"name":"(anonymous_6)","decl":{"start":{"line":96,"column":2},"end":{"line":96,"column":3}},"loc":{"start":{"line":96,"column":19},"end":{"line":102,"column":3}},"line":96},"7":{"name":"(anonymous_7)","decl":{"start":{"line":97,"column":43},"end":{"line":97,"column":44}},"loc":{"start":{"line":97,"column":53},"end":{"line":101,"column":5}},"line":97},"8":{"name":"(anonymous_8)","decl":{"start":{"line":108,"column":2},"end":{"line":108,"column":3}},"loc":{"start":{"line":108,"column":13},"end":{"line":139,"column":3}},"line":108},"9":{"name":"(anonymous_9)","decl":{"start":{"line":127,"column":21},"end":{"line":127,"column":22}},"loc":{"start":{"line":127,"column":27},"end":{"line":127,"column":48}},"line":127},"10":{"name":"(anonymous_10)","decl":{"start":{"line":131,"column":21},"end":{"line":131,"column":22}},"loc":{"start":{"line":131,"column":27},"end":{"line":131,"column":49}},"line":131},"11":{"name":"(anonymous_11)","decl":{"start":{"line":147,"column":2},"end":{"line":147,"column":3}},"loc":{"start":{"line":147,"column":38},"end":{"line":167,"column":3}},"line":147},"12":{"name":"(anonymous_12)","decl":{"start":{"line":174,"column":2},"end":{"line":174,"column":3}},"loc":{"start":{"line":174,"column":21},"end":{"line":201,"column":3}},"line":174},"13":{"name":"(anonymous_13)","decl":{"start":{"line":180,"column":17},"end":{"line":180,"column":18}},"loc":{"start":{"line":180,"column":23},"end":{"line":180,"column":44}},"line":180},"14":{"name":"(anonymous_14)","decl":{"start":{"line":186,"column":17},"end":{"line":186,"column":18}},"loc":{"start":{"line":186,"column":23},"end":{"line":186,"column":46}},"line":186},"15":{"name":"(anonymous_15)","decl":{"start":{"line":207,"column":2},"end":{"line":207,"column":3}},"loc":{"start":{"line":207,"column":11},"end":{"line":306,"column":3}},"line":207},"16":{"name":"(anonymous_16)","decl":{"start":{"line":313,"column":24},"end":{"line":313,"column":25}},"loc":{"start":{"line":313,"column":34},"end":{"line":315,"column":1}},"line":313},"17":{"name":"(anonymous_17)","decl":{"start":{"line":317,"column":27},"end":{"line":317,"column":28}},"loc":{"start":{"line":317,"column":39},"end":{"line":323,"column":1}},"line":317}},"branchMap":{"0":{"loc":{"start":{"line":98,"column":6},"end":{"line":100,"column":7}},"type":"if","locations":[{"start":{"line":98,"column":6},"end":{"line":100,"column":7}},{"start":{"line":98,"column":6},"end":{"line":100,"column":7}}],"line":98},"1":{"loc":{"start":{"line":109,"column":4},"end":{"line":138,"column":5}},"type":"if","locations":[{"start":{"line":109,"column":4},"end":{"line":138,"column":5}},{"start":{"line":109,"column":4},"end":{"line":138,"column":5}}],"line":109},"2":{"loc":{"start":{"line":149,"column":4},"end":{"line":166,"column":5}},"type":"if","locations":[{"start":{"line":149,"column":4},"end":{"line":166,"column":5}},{"start":{"line":149,"column":4},"end":{"line":166,"column":5}}],"line":149},"3":{"loc":{"start":{"line":150,"column":6},"end":{"line":152,"column":25}},"type":"binary-expr","locations":[{"start":{"line":150,"column":7},"end":{"line":150,"column":32}},{"start":{"line":151,"column":8},"end":{"line":151,"column":53}},{"start":{"line":152,"column":6},"end":{"line":152,"column":25}}],"line":150},"4":{"loc":{"start":{"line":230,"column":6},"end":{"line":230,"column":69}},"type":"cond-expr","locations":[{"start":{"line":230,"column":30},"end":{"line":230,"column":39}},{"start":{"line":230,"column":42},"end":{"line":230,"column":69}}],"line":230},"5":{"loc":{"start":{"line":232,"column":6},"end":{"line":236,"column":25}},"type":"cond-expr","locations":[{"start":{"line":233,"column":10},"end":{"line":233,"column":23}},{"start":{"line":234,"column":10},"end":{"line":236,"column":25}}],"line":232},"6":{"loc":{"start":{"line":234,"column":10},"end":{"line":236,"column":25}},"type":"cond-expr","locations":[{"start":{"line":235,"column":12},"end":{"line":235,"column":25}},{"start":{"line":236,"column":12},"end":{"line":236,"column":25}}],"line":234},"7":{"loc":{"start":{"line":244,"column":13},"end":{"line":251,"column":13}},"type":"cond-expr","locations":[{"start":{"line":245,"column":14},"end":{"line":245,"column":47}},{"start":{"line":247,"column":14},"end":{"line":250,"column":16}}],"line":244},"8":{"loc":{"start":{"line":284,"column":15},"end":{"line":286,"column":57}},"type":"cond-expr","locations":[{"start":{"line":285,"column":18},"end":{"line":285,"column":33}},{"start":{"line":286,"column":18},"end":{"line":286,"column":57}}],"line":284},"9":{"loc":{"start":{"line":287,"column":15},"end":{"line":289,"column":33}},"type":"binary-expr","locations":[{"start":{"line":287,"column":16},"end":{"line":287,"column":55}},{"start":{"line":288,"column":16},"end":{"line":288,"column":46}},{"start":{"line":289,"column":16},"end":{"line":289,"column":33}}],"line":287},"10":{"loc":{"start":{"line":300,"column":15},"end":{"line":300,"column":44}},"type":"cond-expr","locations":[{"start":{"line":300,"column":24},"end":{"line":300,"column":39}},{"start":{"line":300,"column":42},"end":{"line":300,"column":44}}],"line":300}},"s":{"0":9,"1":9,"2":9,"3":9,"4":9,"5":9,"6":9,"7":1,"8":1,"9":1,"10":1,"11":1,"12":1,"13":0,"14":11,"15":11,"16":0,"17":0,"18":20,"19":20,"20":11,"21":20,"22":0,"23":0,"24":20,"25":20,"26":20,"27":20,"28":20,"29":20,"30":20,"31":20,"32":20,"33":20,"34":12,"35":12,"36":0,"37":12,"38":0},"f":{"0":9,"1":9,"2":9,"3":1,"4":1,"5":1,"6":1,"7":1,"8":11,"9":0,"10":0,"11":20,"12":20,"13":0,"14":0,"15":20,"16":0,"17":0},"b":{"0":[0,0],"1":[11,0],"2":[11,9],"3":[20,20,9],"4":[9,11],"5":[11,9],"6":[0,9],"7":[0,20],"8":[11,9],"9":[20,9,11],"10":[11,9]},"_coverageSchema":"332fd63041d2c1bcb487cc26dd0d5f7d97098a6c","hash":"54af0a26d2f300ab35be8b000482fb363ae7bf28"}
[...]
,"/Users/gabrielmicah/Desktop/projects/event-manager/client/src/components/modals/validateInput.js": {"path":"/Users/gabrielmicah/Desktop/projects/event-manager/client/src/components/modals/validateInput.js","statementMap":{"0":{"start":{"line":5,"column":15},"end":{"line":5,"column":17}},"1":{"start":{"line":7,"column":2},"end":{"line":9,"column":3}},"2":{"start":{"line":8,"column":4},"end":{"line":8,"column":44}},"3":{"start":{"line":11,"column":2},"end":{"line":13,"column":3}},"4":{"start":{"line":12,"column":4},"end":{"line":12,"column":59}},"5":{"start":{"line":14,"column":2},"end":{"line":16,"column":3}},"6":{"start":{"line":15,"column":4},"end":{"line":15,"column":50}},"7":{"start":{"line":18,"column":2},"end":{"line":21,"column":4}},"8":{"start":{"line":25,"column":15},"end":{"line":25,"column":17}},"9":{"start":{"line":27,"column":2},"end":{"line":29,"column":3}},"10":{"start":{"line":28,"column":4},"end":{"line":28,"column":45}},"11":{"start":{"line":31,"column":2},"end":{"line":33,"column":3}},"12":{"start":{"line":32,"column":4},"end":{"line":32,"column":51}},"13":{"start":{"line":35,"column":2},"end":{"line":37,"column":3}},"14":{"start":{"line":36,"column":4},"end":{"line":36,"column":57}},"15":{"start":{"line":39,"column":2},"end":{"line":41,"column":3}},"16":{"start":{"line":40,"column":4},"end":{"line":40,"column":51}},"17":{"start":{"line":43,"column":2},"end":{"line":46,"column":4}}},"fnMap":{"0":{"name":"validateEventInput","decl":{"start":{"line":4,"column":16},"end":{"line":4,"column":34}},"loc":{"start":{"line":4,"column":41},"end":{"line":22,"column":1}},"line":4},"1":{"name":"validateCenterInput","decl":{"start":{"line":24,"column":16},"end":{"line":24,"column":35}},"loc":{"start":{"line":24,"column":42},"end":{"line":47,"column":1}},"line":24}},"branchMap":{"0":{"loc":{"start":{"line":7,"column":2},"end":{"line":9,"column":3}},"type":"if","locations":[{"start":{"line":7,"column":2},"end":{"line":9,"column":3}},{"start":{"line":7,"column":2},"end":{"line":9,"column":3}}],"line":7},"1":{"loc":{"start":{"line":11,"column":2},"end":{"line":13,"column":3}},"type":"if","locations":[{"start":{"line":11,"column":2},"end":{"line":13,"column":3}},{"start":{"line":11,"column":2},"end":{"line":13,"column":3}}],"line":11},"2":{"loc":{"start":{"line":14,"column":2},"end":{"line":16,"column":3}},"type":"if","locations":[{"start":{"line":14,"column":2},"end":{"line":16,"column":3}},{"start":{"line":14,"column":2},"end":{"line":16,"column":3}}],"line":14},"3":{"loc":{"start":{"line":27,"column":2},"end":{"line":29,"column":3}},"type":"if","locations":[{"start":{"line":27,"column":2},"end":{"line":29,"column":3}},{"start":{"line":27,"column":2},"end":{"line":29,"column":3}}],"line":27},"4":{"loc":{"start":{"line":31,"column":2},"end":{"line":33,"column":3}},"type":"if","locations":[{"start":{"line":31,"column":2},"end":{"line":33,"column":3}},{"start":{"line":31,"column":2},"end":{"line":33,"column":3}}],"line":31},"5":{"loc":{"start":{"line":35,"column":2},"end":{"line":37,"column":3}},"type":"if","locations":[{"start":{"line":35,"column":2},"end":{"line":37,"column":3}},{"start":{"line":35,"column":2},"end":{"line":37,"column":3}}],"line":35},"6":{"loc":{"start":{"line":39,"column":2},"end":{"line":41,"column":3}},"type":"if","locations":[{"start":{"line":39,"column":2},"end":{"line":41,"column":3}},{"start":{"line":39,"column":2},"end":{"line":41,"column":3}}],"line":39}},"s":{"0":4,"1":4,"2":3,"3":4,"4":1,"5":4,"6":3,"7":4,"8":4,"9":4,"10":4,"11":4,"12":4,"13":4,"14":4,"15":4,"16":1,"17":4},"f":{"0":4,"1":4},"b":{"0":[3,1],"1":[1,3],"2":[3,1],"3":[4,0],"4":[4,0],"5":[4,0],"6":[1,3]},"_coverageSchema":"332fd63041d2c1bcb487cc26dd0d5f7d97098a6c","hash":"ec4719df1026264d02d70d1796e642b0079037c7"}
,"/Users/gabrielmicah/Desktop/projects/event-manager/client/src/helpers/index.js": {"path":"/Users/gabrielmicah/Desktop/projects/event-manager/client/src/helpers/index.js","statementMap":{"0":{"start":{"line":12,"column":4},"end":{"line":12,"column":25}},"1":{"start":{"line":22,"column":4},"end":{"line":22,"column":56}},"2":{"start":{"line":32,"column":4},"end":{"line":32,"column":62}}},"fnMap":{"0":{"name":"(anonymous_0)","decl":{"start":{"line":11,"column":2},"end":{"line":11,"column":3}},"loc":{"start":{"line":11,"column":21},"end":{"line":13,"column":3}},"line":11},"1":{"name":"(anonymous_1)","decl":{"start":{"line":21,"column":2},"end":{"line":21,"column":3}},"loc":{"start":{"line":21,"column":22},"end":{"line":23,"column":3}},"line":21},"2":{"name":"(anonymous_2)","decl":{"start":{"line":31,"column":2},"end":{"line":31,"column":3}},"loc":{"start":{"line":31,"column":22},"end":{"line":33,"column":3}},"line":31}},"branchMap":{},"s":{"0":2,"1":11,"2":2},"f":{"0":2,"1":11,"2":2},"b":{},"_coverageSchema":"332fd63041d2c1bcb487cc26dd0d5f7d97098a6c","hash":"8b2557bb237473f9b7431161c36a157c904c4743"}
,"/Users/gabrielmicah/Desktop/projects/event-manager/client/src/reducers/activeCenterReducer.js": {"path":"/Users/gabrielmicah/Desktop/projects/event-manager/client/src/reducers/activeCenterReducer.js","statementMap":{"0":{"start":{"line":12,"column":2},"end":{"line":47,"column":3}},"1":{"start":{"line":14,"column":6},"end":{"line":14,"column":27}},"2":{"start":{"line":17,"column":6},"end":{"line":20,"column":8}},"3":{"start":{"line":23,"column":6},"end":{"line":27,"column":8}},"4":{"start":{"line":28,"column":6},"end":{"line":28,"column":22}},"5":{"start":{"line":31,"column":6},"end":{"line":31,"column":30}},"6":{"start":{"line":32,"column":6},"end":{"line":32,"column":29}},"7":{"start":{"line":33,"column":6},"end":{"line":33,"column":16}},"8":{"start":{"line":36,"column":6},"end":{"line":39,"column":8}},"9":{"start":{"line":40,"column":6},"end":{"line":40,"column":22}},"10":{"start":{"line":43,"column":6},"end":{"line":43,"column":48}},"11":{"start":{"line":46,"column":6},"end":{"line":46,"column":19}}},"fnMap":{"0":{"name":"(anonymous_0)","decl":{"start":{"line":10,"column":15},"end":{"line":10,"column":16}},"loc":{"start":{"line":10,"column":44},"end":{"line":48,"column":1}},"line":10}},"branchMap":{"0":{"loc":{"start":{"line":10,"column":16},"end":{"line":10,"column":26}},"type":"default-arg","locations":[{"start":{"line":10,"column":24},"end":{"line":10,"column":26}}],"line":10},"1":{"loc":{"start":{"line":10,"column":28},"end":{"line":10,"column":39}},"type":"default-arg","locations":[{"start":{"line":10,"column":37},"end":{"line":10,"column":39}}],"line":10},"2":{"loc":{"start":{"line":12,"column":2},"end":{"line":47,"column":3}},"type":"switch","locations":[{"start":{"line":13,"column":4},"end":{"line":14,"column":27}},{"start":{"line":16,"column":4},"end":{"line":20,"column":8}},{"start":{"line":22,"column":4},"end":{"line":28,"column":22}},{"start":{"line":30,"column":4},"end":{"line":33,"column":16}},{"start":{"line":35,"column":4},"end":{"line":40,"column":22}},{"start":{"line":42,"column":4},"end":{"line":43,"column":48}},{"start":{"line":45,"column":4},"end":{"line":46,"column":19}}],"line":12}},"s":{"0":46,"1":1,"2":1,"3":1,"4":1,"5":1,"6":1,"7":1,"8":1,"9":1,"10":0,"11":41},"f":{"0":46},"b":{"0":[12],"1":[0],"2":[1,1,1,1,1,0,41]},"_coverageSchema":"332fd63041d2c1bcb487cc26dd0d5f7d97098a6c","hash":"4d16887be2c1e905b014fc1ade084b7b1c366512"}
,"/Users/gabrielmicah/Desktop/projects/event-manager/client/src/reducers/authReducer.js": {"path":"/Users/gabrielmicah/Desktop/projects/event-manager/client/src/reducers/authReducer.js","statementMap":{"0":{"start":{"line":4,"column":21},"end":{"line":11,"column":1}},"1":{"start":{"line":16,"column":2},"end":{"line":37,"column":3}},"2":{"start":{"line":18,"column":6},"end":{"line":18,"column":28}},"3":{"start":{"line":21,"column":6},"end":{"line":25,"column":8}},"4":{"start":{"line":28,"column":6},"end":{"line":33,"column":8}},"5":{"start":{"line":36,"column":6},"end":{"line":36,"column":19}}},"fnMap":{"0":{"name":"(anonymous_0)","decl":{"start":{"line":13,"column":15},"end":{"line":13,"column":16}},"loc":{"start":{"line":13,"column":54},"end":{"line":38,"column":1}},"line":13}},"branchMap":{"0":{"loc":{"start":{"line":13,"column":16},"end":{"line":13,"column":36}},"type":"default-arg","locations":[{"start":{"line":13,"column":24},"end":{"line":13,"column":36}}],"line":13},"1":{"loc":{"start":{"line":13,"column":38},"end":{"line":13,"column":49}},"type":"default-arg","locations":[{"start":{"line":13,"column":47},"end":{"line":13,"column":49}}],"line":13},"2":{"loc":{"start":{"line":16,"column":2},"end":{"line":37,"column":3}},"type":"switch","locations":[{"start":{"line":17,"column":4},"end":{"line":18,"column":28}},{"start":{"line":20,"column":4},"end":{"line":25,"column":8}},{"start":{"line":27,"column":4},"end":{"line":33,"column":8}},{"start":{"line":35,"column":4},"end":{"line":36,"column":19}}],"line":16}},"s":{"0":4,"1":46,"2":0,"3":1,"4":1,"5":44},"f":{"0":46},"b":{"0":[12],"1":[0],"2":[0,1,1,44]},"_coverageSchema":"332fd63041d2c1bcb487cc26dd0d5f7d97098a6c","hash":"9d5a877f15980cfddbed925eb1861a0fe7edc8da"}
,"/Users/gabrielmicah/Desktop/projects/event-manager/client/src/reducers/centerReducer.js": {"path":"/Users/gabrielmicah/Desktop/projects/event-manager/client/src/reducers/centerReducer.js","statementMap":{"0":{"start":{"line":16,"column":21},"end":{"line":18,"column":1}},"1":{"start":{"line":21,"column":2},"end":{"line":83,"column":3}},"2":{"start":{"line":23,"column":6},"end":{"line":23,"column":30}},"3":{"start":{"line":24,"column":6},"end":{"line":24,"column":64}},"4":{"start":{"line":25,"column":6},"end":{"line":25,"column":22}},"5":{"start":{"line":28,"column":6},"end":{"line":28,"column":30}},"6":{"start":{"line":29,"column":6},"end":{"line":29,"column":40}},"7":{"start":{"line":30,"column":6},"end":{"line":30,"column":22}},"8":{"start":{"line":33,"column":6},"end":{"line":33,"column":39}},"9":{"start":{"line":34,"column":6},"end":{"line":34,"column":23}},"10":{"start":{"line":37,"column":6},"end":{"line":37,"column":28}},"11":{"start":{"line":40,"column":6},"end":{"line":44,"column":8}},"12":{"start":{"line":47,"column":6},"end":{"line":50,"column":8}},"13":{"start":{"line":53,"column":6},"end":{"line":56,"column":8}},"14":{"start":{"line":57,"column":6},"end":{"line":57,"column":65}},"15":{"start":{"line":58,"column":6},"end":{"line":58,"column":64}},"16":{"start":{"line":59,"column":6},"end":{"line":62,"column":8}},"17":{"start":{"line":63,"column":6},"end":{"line":65,"column":7}},"18":{"start":{"line":64,"column":8},"end":{"line":64,"column":34}},"19":{"start":{"line":66,"column":6},"end":{"line":66,"column":22}},"20":{"start":{"line":69,"column":6},"end":{"line":71,"column":7}},"21":{"start":{"line":70,"column":8},"end":{"line":70,"column":37}},"22":{"start":{"line":72,"column":6},"end":{"line":72,"column":19}},"23":{"start":{"line":76,"column":6},"end":{"line":79,"column":8}},"24":{"start":{"line":82,"column":6},"end":{"line":82,"column":19}}},"fnMap":{"0":{"name":"(anonymous_0)","decl":{"start":{"line":20,"column":15},"end":{"line":20,"column":16}},"loc":{"start":{"line":20,"column":54},"end":{"line":84,"column":1}},"line":20}},"branchMap":{"0":{"loc":{"start":{"line":20,"column":16},"end":{"line":20,"column":36}},"type":"default-arg","locations":[{"start":{"line":20,"column":24},"end":{"line":20,"column":36}}],"line":20},"1":{"loc":{"start":{"line":20,"column":38},"end":{"line":20,"column":49}},"type":"default-arg","locations":[{"start":{"line":20,"column":47},"end":{"line":20,"column":49}}],"line":20},"2":{"loc":{"start":{"line":21,"column":2},"end":{"line":83,"column":3}},"type":"switch","locations":[{"start":{"line":22,"column":4},"end":{"line":25,"column":22}},{"start":{"line":27,"column":4},"end":{"line":30,"column":22}},{"start":{"line":32,"column":4},"end":{"line":34,"column":23}},{"start":{"line":36,"column":4},"end":{"line":37,"column":28}},{"start":{"line":39,"column":4},"end":{"line":44,"column":8}},{"start":{"line":46,"column":4},"end":{"line":50,"column":8}},{"start":{"line":52,"column":4},"end":{"line":66,"column":22}},{"start":{"line":68,"column":4},"end":{"line":72,"column":19}},{"start":{"line":75,"column":4},"end":{"line":79,"column":8}},{"start":{"line":81,"column":4},"end":{"line":82,"column":19}}],"line":21},"3":{"loc":{"start":{"line":63,"column":6},"end":{"line":65,"column":7}},"type":"if","locations":[{"start":{"line":63,"column":6},"end":{"line":65,"column":7}},{"start":{"line":63,"column":6},"end":{"line":65,"column":7}}],"line":63},"4":{"loc":{"start":{"line":69,"column":6},"end":{"line":71,"column":7}},"type":"if","locations":[{"start":{"line":69,"column":6},"end":{"line":71,"column":7}},{"start":{"line":69,"column":6},"end":{"line":71,"column":7}}],"line":69}},"s":{"0":4,"1":46,"2":1,"3":1,"4":1,"5":1,"6":1,"7":1,"8":1,"9":1,"10":1,"11":1,"12":1,"13":2,"14":2,"15":2,"16":2,"17":2,"18":1,"19":2,"20":2,"21":1,"22":1,"23":1,"24":35},"f":{"0":46},"b":{"0":[12],"1":[0],"2":[1,1,1,1,1,1,2,2,1,35],"3":[1,1],"4":[1,1]},"_coverageSchema":"332fd63041d2c1bcb487cc26dd0d5f7d97098a6c","hash":"a6720eb194b234be1cf2689801d9020af559e59a"}
,"/Users/gabrielmicah/Desktop/projects/event-manager/client/src/reducers/eventReducer.js": {"path":"/Users/gabrielmicah/Desktop/projects/event-manager/client/src/reducers/eventReducer.js","statementMap":{"0":{"start":{"line":19,"column":18},"end":{"line":19,"column":40}},"1":{"start":{"line":21,"column":19},"end":{"line":26,"column":1}},"2":{"start":{"line":29,"column":2},"end":{"line":151,"column":3}},"3":{"start":{"line":31,"column":6},"end":{"line":31,"column":43}},"4":{"start":{"line":32,"column":6},"end":{"line":32,"column":22}},"5":{"start":{"line":35,"column":6},"end":{"line":35,"column":30}},"6":{"start":{"line":36,"column":6},"end":{"line":37,"column":66}},"7":{"start":{"line":38,"column":6},"end":{"line":38,"column":78}},"8":{"start":{"line":39,"column":6},"end":{"line":40,"column":63}},"9":{"start":{"line":41,"column":6},"end":{"line":41,"column":46}},"10":{"start":{"line":42,"column":6},"end":{"line":42,"column":22}},"11":{"start":{"line":45,"column":6},"end":{"line":48,"column":8}},"12":{"start":{"line":49,"column":6},"end":{"line":49,"column":22}},"13":{"start":{"line":52,"column":6},"end":{"line":56,"column":8}},"14":{"start":{"line":59,"column":6},"end":{"line":62,"column":8}},"15":{"start":{"line":63,"column":6},"end":{"line":67,"column":9}},"16":{"start":{"line":64,"column":8},"end":{"line":66,"column":9}},"17":{"start":{"line":65,"column":10},"end":{"line":65,"column":61}},"18":{"start":{"line":68,"column":6},"end":{"line":68,"column":73}},"19":{"start":{"line":69,"column":6},"end":{"line":69,"column":68}},"20":{"start":{"line":70,"column":6},"end":{"line":71,"column":58}},"21":{"start":{"line":72,"column":6},"end":{"line":72,"column":22}},"22":{"start":{"line":75,"column":6},"end":{"line":78,"column":8}},"23":{"start":{"line":79,"column":6},"end":{"line":79,"column":22}},"24":{"start":{"line":82,"column":6},"end":{"line":82,"column":30}},"25":{"start":{"line":83,"column":6},"end":{"line":84,"column":57}},"26":{"start":{"line":84,"column":25},"end":{"line":84,"column":55}},"27":{"start":{"line":85,"column":6},"end":{"line":85,"column":78}},"28":{"start":{"line":86,"column":6},"end":{"line":86,"column":78}},"29":{"start":{"line":87,"column":6},"end":{"line":88,"column":67}},"30":{"start":{"line":89,"column":6},"end":{"line":89,"column":22}},"31":{"start":{"line":92,"column":6},"end":{"line":95,"column":8}},"32":{"start":{"line":98,"column":6},"end":{"line":101,"column":8}},"33":{"start":{"line":102,"column":6},"end":{"line":102,"column":22}},"34":{"start":{"line":105,"column":6},"end":{"line":108,"column":8}},"35":{"start":{"line":111,"column":6},"end":{"line":115,"column":8}},"36":{"start":{"line":118,"column":6},"end":{"line":118,"column":50}},"37":{"start":{"line":119,"column":6},"end":{"line":120,"column":32}},"38":{"start":{"line":121,"column":6},"end":{"line":124,"column":8}},"39":{"start":{"line":125,"column":6},"end":{"line":128,"column":8}},"40":{"start":{"line":129,"column":6},"end":{"line":134,"column":7}},"41":{"start":{"line":133,"column":8},"end":{"line":133,"column":34}},"42":{"start":{"line":135,"column":6},"end":{"line":135,"column":22}},"43":{"start":{"line":138,"column":6},"end":{"line":138,"column":30}},"44":{"start":{"line":139,"column":6},"end":{"line":143,"column":7}},"45":{"start":{"line":140,"column":8},"end":{"line":140,"column":40}},"46":{"start":{"line":142,"column":8},"end":{"line":142,"column":39}},"47":{"start":{"line":144,"column":6},"end":{"line":144,"column":22}},"48":{"start":{"line":147,"column":6},"end":{"line":147,"column":47}},"49":{"start":{"line":150,"column":6},"end":{"line":150,"column":19}}},"fnMap":{"0":{"name":"(anonymous_0)","decl":{"start":{"line":28,"column":15},"end":{"line":28,"column":16}},"loc":{"start":{"line":28,"column":54},"end":{"line":152,"column":1}},"line":28},"1":{"name":"(anonymous_1)","decl":{"start":{"line":63,"column":37},"end":{"line":63,"column":38}},"loc":{"start":{"line":63,"column":55},"end":{"line":67,"column":7}},"line":63},"2":{"name":"(anonymous_2)","decl":{"start":{"line":84,"column":16},"end":{"line":84,"column":17}},"loc":{"start":{"line":84,"column":25},"end":{"line":84,"column":55}},"line":84}},"branchMap":{"0":{"loc":{"start":{"line":28,"column":16},"end":{"line":28,"column":36}},"type":"default-arg","locations":[{"start":{"line":28,"column":24},"end":{"line":28,"column":36}}],"line":28},"1":{"loc":{"start":{"line":28,"column":38},"end":{"line":28,"column":49}},"type":"default-arg","locations":[{"start":{"line":28,"column":47},"end":{"line":28,"column":49}}],"line":28},"2":{"loc":{"start":{"line":29,"column":2},"end":{"line":151,"column":3}},"type":"switch","locations":[{"start":{"line":30,"column":4},"end":{"line":32,"column":22}},{"start":{"line":34,"column":4},"end":{"line":42,"column":22}},{"start":{"line":44,"column":4},"end":{"line":49,"column":22}},{"start":{"line":51,"column":4},"end":{"line":56,"column":8}},{"start":{"line":58,"column":4},"end":{"line":72,"column":22}},{"start":{"line":74,"column":4},"end":{"line":79,"column":22}},{"start":{"line":81,"column":4},"end":{"line":89,"column":22}},{"start":{"line":91,"column":4},"end":{"line":95,"column":8}},{"start":{"line":97,"column":4},"end":{"line":102,"column":22}},{"start":{"line":104,"column":4},"end":{"line":108,"column":8}},{"start":{"line":110,"column":4},"end":{"line":115,"column":8}},{"start":{"line":117,"column":4},"end":{"line":135,"column":22}},{"start":{"line":137,"column":4},"end":{"line":144,"column":22}},{"start":{"line":146,"column":4},"end":{"line":147,"column":47}},{"start":{"line":149,"column":4},"end":{"line":150,"column":19}}],"line":29},"3":{"loc":{"start":{"line":64,"column":8},"end":{"line":66,"column":9}},"type":"if","locations":[{"start":{"line":64,"column":8},"end":{"line":66,"column":9}},{"start":{"line":64,"column":8},"end":{"line":66,"column":9}}],"line":64},"4":{"loc":{"start":{"line":129,"column":6},"end":{"line":134,"column":7}},"type":"if","locations":[{"start":{"line":129,"column":6},"end":{"line":134,"column":7}},{"start":{"line":129,"column":6},"end":{"line":134,"column":7}}],"line":129},"5":{"loc":{"start":{"line":139,"column":6},"end":{"line":143,"column":7}},"type":"if","locations":[{"start":{"line":139,"column":6},"end":{"line":143,"column":7}},{"start":{"line":139,"column":6},"end":{"line":143,"column":7}}],"line":139}},"s":{"0":4,"1":4,"2":46,"3":4,"4":4,"5":2,"6":2,"7":2,"8":2,"9":2,"10":2,"11":0,"12":0,"13":1,"14":1,"15":1,"16":0,"17":0,"18":1,"19":1,"20":1,"21":1,"22":1,"23":1,"24":1,"25":1,"26":4,"27":1,"28":1,"29":1,"30":1,"31":1,"32":1,"33":1,"34":1,"35":1,"36":1,"37":1,"38":1,"39":1,"40":1,"41":0,"42":1,"43":1,"44":1,"45":1,"46":0,"47":1,"48":0,"49":30},"f":{"0":46,"1":0,"2":4},"b":{"0":[12],"1":[0],"2":[4,2,0,1,1,1,1,1,1,1,1,1,1,0,30],"3":[0,0],"4":[0,1],"5":[1,0]},"_coverageSchema":"332fd63041d2c1bcb487cc26dd0d5f7d97098a6c","hash":"0269e694974d74f04a16d0a12c718f92531af3f9"}
}
