TN:
SF:/Users/gabrielmicah/Desktop/projects/event-manager/client/src/actions/authActions.js
FN:9,(anonymous_0)
FN:14,(anonymous_1)
FN:19,(anonymous_2)
FN:25,(anonymous_3)
FN:25,(anonymous_4)
FN:27,(anonymous_5)
FN:27,(anonymous_6)
FN:28,(anonymous_7)
FNF:8
FNH:8
FNDA:3,(anonymous_0)
FNDA:1,(anonymous_1)
FNDA:2,(anonymous_2)
FNDA:1,(anonymous_3)
FNDA:1,(anonymous_4)
FNDA:1,(anonymous_5)
FNDA:1,(anonymous_6)
FNDA:1,(anonymous_7)
DA:7,16
DA:9,16
DA:14,16
DA:19,16
DA:20,2
DA:21,2
DA:22,2
DA:25,16
DA:27,16
DA:28,1
DA:29,1
DA:30,0
DA:31,0
DA:32,0
DA:33,0
DA:34,1
DA:35,0
DA:39,16
LF:18
LH:13
BRDA:29,0,0,0
BRDA:29,0,1,1
BRDA:34,1,0,0
BRDA:34,1,1,1
BRDA:34,2,0,1
BRDA:34,2,1,1
BRF:6
BRH:4
end_of_record
TN:
SF:/Users/gabrielmicah/Desktop/projects/event-manager/client/src/actions/index.js
FNF:0
FNH:0
DA:4,28
DA:10,28
DA:16,28
DA:23,28
DA:30,28
DA:37,28
DA:43,28
DA:49,28
DA:55,28
DA:62,28
DA:69,28
DA:75,28
DA:81,28
DA:87,28
DA:93,28
DA:99,28
DA:106,28
DA:112,28
DA:118,28
DA:124,28
DA:126,28
DA:127,28
DA:128,28
DA:130,28
DA:131,28
DA:132,28
DA:134,28
DA:135,28
DA:137,28
DA:138,28
DA:139,28
DA:140,28
DA:141,28
DA:142,28
DA:144,28
LF:35
LH:35
BRF:0
BRH:0
end_of_record
TN:
SF:/Users/gabrielmicah/Desktop/projects/event-manager/client/src/actions/center-actions/activeCenterAction.js
FN:6,(anonymous_0)
FN:29,(anonymous_1)
FN:31,(anonymous_2)
FN:34,(anonymous_3)
FN:37,(anonymous_4)
FN:43,(anonymous_5)
FN:43,(anonymous_6)
FNF:7
FNH:7
FNDA:5,(anonymous_0)
FNDA:4,(anonymous_1)
FNDA:2,(anonymous_2)
FNDA:1,(anonymous_3)
FNDA:1,(anonymous_4)
FNDA:3,(anonymous_5)
FNDA:1,(anonymous_6)
DA:4,5
DA:6,5
DA:7,5
DA:9,2
DA:15,2
DA:20,1
DA:25,0
DA:29,5
DA:30,4
DA:31,2
DA:32,2
DA:35,1
DA:38,1
DA:39,1
DA:43,5
DA:44,1
LF:16
LH:15
BRDA:6,0,0,0
BRDA:7,1,0,2
BRDA:7,1,1,2
BRDA:7,1,2,1
BRDA:7,1,3,0
BRDA:30,2,0,2
BRDA:30,2,1,2
BRF:7
BRH:5
end_of_record
TN:
SF:/Users/gabrielmicah/Desktop/projects/event-manager/client/src/actions/center-actions/deleteCenterAction.js
FN:4,(anonymous_0)
FN:9,(anonymous_1)
FN:11,(anonymous_2)
FN:14,(anonymous_3)
FN:17,(anonymous_4)
FNF:5
FNH:5
FNDA:2,(anonymous_0)
FNDA:2,(anonymous_1)
FNDA:2,(anonymous_2)
FNDA:1,(anonymous_3)
FNDA:1,(anonymous_4)
DA:4,5
DA:9,5
DA:10,2
DA:11,2
DA:12,2
DA:15,1
DA:18,1
DA:19,1
LF:8
LH:8
BRF:0
BRH:0
end_of_record
TN:
SF:/Users/gabrielmicah/Desktop/projects/event-manager/client/src/actions/center-actions/fetchCenterAction.js
FN:16,(anonymous_0)
FN:45,(anonymous_1)
FN:58,(anonymous_2)
FN:58,(anonymous_3)
FN:62,(anonymous_4)
FN:68,(anonymous_5)
FN:74,(anonymous_6)
FN:74,(anonymous_7)
FN:78,(anonymous_8)
FN:85,(anonymous_9)
FNF:10
FNH:9
FNDA:10,(anonymous_0)
FNDA:3,(anonymous_1)
FNDA:6,(anonymous_2)
FNDA:1,(anonymous_3)
FNDA:1,(anonymous_4)
FNDA:0,(anonymous_5)
FNDA:4,(anonymous_6)
FNDA:2,(anonymous_7)
FNDA:1,(anonymous_8)
FNDA:1,(anonymous_9)
DA:14,11
DA:16,11
DA:17,10
DA:19,2
DA:25,3
DA:30,2
DA:36,3
DA:41,0
DA:45,11
DA:46,3
DA:48,1
DA:51,2
DA:58,11
DA:59,1
DA:60,1
DA:63,1
DA:64,1
DA:65,1
DA:66,1
DA:69,0
DA:70,0
DA:74,11
DA:75,2
DA:76,2
DA:79,1
DA:80,0
DA:82,1
DA:86,1
DA:87,1
LF:29
LH:25
BRDA:16,0,0,0
BRDA:17,1,0,2
BRDA:17,1,1,3
BRDA:17,1,2,2
BRDA:17,1,3,3
BRDA:17,1,4,0
BRDA:45,2,0,2
BRDA:46,3,0,1
BRDA:46,3,1,2
BRDA:79,4,0,0
BRDA:79,4,1,1
BRDA:86,5,0,1
BRDA:86,5,1,0
BRF:13
BRH:9
end_of_record
TN:
SF:/Users/gabrielmicah/Desktop/projects/event-manager/client/src/actions/center-actions/fetchCenterRelatedTo.js
FN:3,(anonymous_0)
FNF:1
FNH:1
FNDA:2,(anonymous_0)
DA:3,5
DA:4,2
LF:2
LH:2
BRF:0
BRH:0
end_of_record
TN:
SF:/Users/gabrielmicah/Desktop/projects/event-manager/client/src/components/App.jsx
FN:11,(anonymous_0)
FNF:1
FNH:1
FNDA:1,(anonymous_0)
DA:12,1
LF:1
LH:1
BRF:0
BRH:0
end_of_record
TN:
SF:/Users/gabrielmicah/Desktop/projects/event-manager/client/src/components/HomePage.jsx
FN:18,(anonymous_0)
FNF:1
FNH:1
FNDA:1,(anonymous_0)
DA:19,1
LF:1
LH:1
BRF:0
BRH:0
end_of_record
TN:
SF:/Users/gabrielmicah/Desktop/projects/event-manager/client/src/components/Main.jsx
FN:20,(anonymous_0)
FNF:1
FNH:1
FNDA:1,(anonymous_0)
DA:21,1
LF:1
LH:1
BRF:0
BRH:0
end_of_record
TN:
SF:/Users/gabrielmicah/Desktop/projects/event-manager/client/src/components/NoMatch.jsx
FN:16,(anonymous_0)
FNF:1
FNH:1
FNDA:1,(anonymous_0)
DA:17,1
LF:1
LH:1
BRF:0
BRH:0
end_of_record
TN:
SF:/Users/gabrielmicah/Desktop/projects/event-manager/client/src/components/loader.jsx
FN:3,(anonymous_0)
FN:9,(anonymous_1)
FNF:2
FNH:2
FNDA:1,(anonymous_0)
FNDA:1,(anonymous_1)
DA:3,12
DA:4,1
DA:9,12
DA:10,1
DA:63,12
LF:5
LH:5
BRF:0
BRH:0
end_of_record
TN:
SF:/Users/gabrielmicah/Desktop/projects/event-manager/client/src/components/authentication/AuthFooter.jsx
FN:11,(anonymous_0)
FNF:1
FNH:1
FNDA:1,(anonymous_0)
DA:12,1
LF:1
LH:1
BRF:0
BRH:0
end_of_record
TN:
SF:/Users/gabrielmicah/Desktop/projects/event-manager/client/src/components/authentication/AuthHeader.jsx
FN:11,(anonymous_0)
FNF:1
FNH:1
FNDA:1,(anonymous_0)
DA:12,1
LF:1
LH:1
BRF:0
BRH:0
end_of_record
TN:
SF:/Users/gabrielmicah/Desktop/projects/event-manager/client/src/components/authentication/setAuthenticationToken.js
FN:3,(anonymous_0)
FNF:1
FNH:1
FNDA:7,(anonymous_0)
DA:3,29
DA:4,7
DA:5,1
DA:7,6
LF:4
LH:4
BRDA:4,0,0,1
BRDA:4,0,1,6
BRF:2
BRH:2
end_of_record
TN:
SF:/Users/gabrielmicah/Desktop/projects/event-manager/client/src/components/authentication/validateInput.js
FN:9,validateSignUpInput
FN:55,validateSignInInput
FNF:2
FNH:2
FNDA:4,validateSignUpInput
FNDA:3,validateSignInInput
DA:6,7
DA:7,7
DA:10,4
DA:11,4
DA:12,4
DA:13,4
DA:15,4
DA:16,4
DA:19,4
DA:20,1
DA:21,3
DA:22,1
DA:25,4
DA:26,3
DA:27,1
DA:28,1
DA:31,4
DA:32,3
DA:33,1
DA:34,1
DA:40,4
DA:41,3
DA:44,4
DA:45,1
DA:47,4
DA:49,4
DA:56,3
DA:57,3
DA:58,3
DA:59,2
DA:62,3
DA:63,3
DA:66,3
DA:67,2
DA:68,1
DA:69,1
DA:74,3
DA:76,3
LF:38
LH:38
BRDA:12,0,0,4
BRDA:12,0,1,0
BRDA:15,1,0,4
BRDA:15,1,1,0
BRDA:19,2,0,1
BRDA:19,2,1,3
BRDA:21,3,0,1
BRDA:21,3,1,2
BRDA:25,4,0,3
BRDA:25,4,1,1
BRDA:27,5,0,1
BRDA:27,5,1,0
BRDA:31,6,0,3
BRDA:31,6,1,1
BRDA:33,7,0,1
BRDA:33,7,1,0
BRDA:40,8,0,3
BRDA:40,8,1,1
BRDA:44,9,0,1
BRDA:44,9,1,3
BRDA:58,10,0,2
BRDA:58,10,1,1
BRDA:62,11,0,3
BRDA:62,11,1,0
BRDA:66,12,0,2
BRDA:66,12,1,1
BRDA:68,13,0,1
BRDA:68,13,1,0
BRF:28
BRH:22
end_of_record
TN:
SF:/Users/gabrielmicah/Desktop/projects/event-manager/client/src/components/authentication/signin/SignIn.jsx
FN:16,(anonymous_0)
FNF:1
FNH:1
FNDA:1,(anonymous_0)
DA:17,1
LF:1
LH:1
BRF:0
BRH:0
end_of_record
TN:
SF:/Users/gabrielmicah/Desktop/projects/event-manager/client/src/components/authentication/signin/SignInForm.jsx
FN:19,(anonymous_0)
FN:38,(anonymous_1)
FN:55,(anonymous_2)
FN:68,(anonymous_3)
FN:74,(anonymous_4)
FN:88,(anonymous_5)
FN:103,(anonymous_6)
FN:190,(anonymous_7)
FN:194,(anonymous_8)
FNF:9
FNH:7
FNDA:5,(anonymous_0)
FNDA:2,(anonymous_1)
FNDA:1,(anonymous_2)
FNDA:1,(anonymous_3)
FNDA:0,(anonymous_4)
FNDA:0,(anonymous_5)
FNDA:11,(anonymous_6)
FNDA:1,(anonymous_7)
FNDA:1,(anonymous_8)
DA:20,5
DA:21,5
DA:29,5
DA:30,5
DA:39,2
DA:40,1
DA:41,1
DA:42,1
DA:47,1
DA:56,1
DA:57,1
DA:58,1
DA:60,1
DA:69,1
DA:70,1
DA:71,0
DA:72,0
DA:75,0
DA:76,0
DA:81,0
DA:90,0
DA:104,11
DA:105,11
DA:107,11
DA:108,1
DA:111,10
DA:190,4
DA:194,4
DA:195,1
LF:29
LH:23
BRDA:39,0,0,1
BRDA:39,0,1,1
BRDA:57,1,0,1
BRDA:57,1,1,0
BRDA:70,2,0,0
BRDA:70,2,1,1
BRDA:75,3,0,0
BRDA:75,3,1,0
BRDA:107,4,0,1
BRDA:107,4,1,10
BRDA:129,5,0,10
BRDA:129,5,1,8
BRDA:143,6,0,10
BRDA:143,6,1,9
BRDA:161,7,0,0
BRDA:161,7,1,10
BRDA:163,8,0,10
BRDA:163,8,1,0
BRF:18
BRH:12
end_of_record
TN:
SF:/Users/gabrielmicah/Desktop/projects/event-manager/client/src/components/authentication/signout/SignOut.jsx
FN:14,(anonymous_0)
FN:23,(anonymous_1)
FN:34,(anonymous_2)
FN:41,(anonymous_3)
FN:45,(anonymous_4)
FNF:5
FNH:4
FNDA:2,(anonymous_0)
FNDA:1,(anonymous_1)
FNDA:3,(anonymous_2)
FNDA:0,(anonymous_3)
FNDA:1,(anonymous_4)
DA:15,2
DA:24,1
DA:25,1
DA:35,3
DA:41,3
DA:45,3
DA:46,1
LF:7
LH:7
BRDA:24,0,0,1
BRDA:24,0,1,0
BRF:2
BRH:1
end_of_record
TN:
SF:/Users/gabrielmicah/Desktop/projects/event-manager/client/src/components/authentication/signup/SignUp.jsx
FN:19,(anonymous_0)
FN:30,(anonymous_1)
FN:40,(anonymous_2)
FN:65,(anonymous_3)
FN:69,(anonymous_4)
FNF:5
FNH:4
FNDA:2,(anonymous_0)
FNDA:2,(anonymous_1)
FNDA:6,(anonymous_2)
FNDA:0,(anonymous_3)
FNDA:1,(anonymous_4)
DA:20,2
DA:21,2
DA:31,2
DA:32,1
DA:41,6
DA:42,3
DA:44,3
DA:65,3
DA:69,3
LF:9
LH:9
BRDA:31,0,0,1
BRDA:31,0,1,1
BRDA:41,1,0,3
BRDA:41,1,1,3
BRF:4
BRH:4
end_of_record
TN:
SF:/Users/gabrielmicah/Desktop/projects/event-manager/client/src/components/authentication/signup/SignUpForm.jsx
FN:16,(anonymous_0)
FN:41,(anonymous_1)
FN:58,(anonymous_2)
FN:71,(anonymous_3)
FN:82,(anonymous_4)
FN:89,(anonymous_5)
FN:96,(anonymous_6)
FN:113,(anonymous_7)
FNF:8
FNH:5
FNDA:1,(anonymous_0)
FNDA:2,(anonymous_1)
FNDA:2,(anonymous_2)
FNDA:1,(anonymous_3)
FNDA:0,(anonymous_4)
FNDA:0,(anonymous_5)
FNDA:0,(anonymous_6)
FNDA:10,(anonymous_7)
DA:17,1
DA:18,1
DA:32,1
DA:33,1
DA:42,2
DA:43,1
DA:44,1
DA:45,1
DA:50,1
DA:59,2
DA:60,2
DA:61,2
DA:63,2
DA:72,1
DA:74,1
DA:75,0
DA:80,0
DA:83,0
DA:89,0
DA:90,0
DA:91,0
DA:92,0
DA:97,0
DA:104,0
DA:116,10
DA:117,10
DA:118,10
DA:119,2
DA:122,8
DA:123,8
DA:236,4
LF:31
LH:22
BRDA:42,0,0,1
BRDA:42,0,1,1
BRDA:60,1,0,2
BRDA:60,1,1,0
BRDA:74,2,0,0
BRDA:74,2,1,1
BRDA:91,3,0,0
BRDA:91,3,1,0
BRDA:118,4,0,2
BRDA:118,4,1,8
BRDA:150,5,0,8
BRDA:150,5,1,7
BRDA:162,6,0,8
BRDA:162,6,1,6
BRDA:174,7,0,0
BRDA:174,7,1,8
BRDA:174,8,0,8
BRDA:174,8,1,6
BRDA:185,9,0,8
BRDA:185,9,1,6
BRDA:197,10,0,8
BRDA:197,10,1,6
BRDA:211,11,0,0
BRDA:211,11,1,8
BRDA:213,12,0,8
BRDA:213,12,1,0
BRF:26
BRH:19
end_of_record
TN:
SF:/Users/gabrielmicah/Desktop/projects/event-manager/client/src/components/bodyComponents/IndexCenterCardHolder.jsx
FN:28,(anonymous_0)
FN:41,(anonymous_1)
FN:51,(anonymous_2)
FN:73,(anonymous_3)
FN:76,(anonymous_4)
FN:77,(anonymous_5)
FN:90,(anonymous_6)
FN:102,(anonymous_7)
FN:118,(anonymous_8)
FN:132,(anonymous_9)
FN:147,(anonymous_10)
FN:177,(anonymous_11)
FN:184,(anonymous_12)
FNF:13
FNH:10
FNDA:4,(anonymous_0)
FNDA:4,(anonymous_1)
FNDA:1,(anonymous_2)
FNDA:3,(anonymous_3)
FNDA:0,(anonymous_4)
FNDA:0,(anonymous_5)
FNDA:1,(anonymous_6)
FNDA:4,(anonymous_7)
FNDA:0,(anonymous_8)
FNDA:3,(anonymous_9)
FNDA:7,(anonymous_10)
FNDA:1,(anonymous_11)
FNDA:1,(anonymous_12)
DA:29,4
DA:30,4
DA:31,4
DA:42,4
DA:43,4
DA:54,1
DA:55,1
DA:57,1
DA:58,1
DA:74,3
DA:75,3
DA:76,0
DA:78,0
DA:80,0
DA:94,1
DA:95,1
DA:109,4
DA:111,4
DA:112,4
DA:113,2
DA:115,2
DA:116,0
DA:118,0
DA:133,3
DA:134,3
DA:135,3
DA:148,7
DA:149,7
DA:171,4
DA:177,4
DA:178,1
DA:184,4
LF:32
LH:27
BRDA:57,0,0,1
BRDA:57,0,1,0
BRDA:111,1,0,4
BRDA:111,1,1,0
BRDA:111,2,0,4
BRDA:111,2,1,4
BRDA:112,3,0,2
BRDA:112,3,1,2
BRDA:115,4,0,0
BRDA:115,4,1,2
BRDA:134,5,0,3
BRDA:134,5,1,0
BRDA:152,6,0,4
BRDA:152,6,1,3
BRDA:161,7,0,0
BRDA:161,7,1,3
BRF:16
BRH:11
end_of_record
TN:
SF:/Users/gabrielmicah/Desktop/projects/event-manager/client/src/components/bodyComponents/MyEventCardHolder.jsx
FN:25,(anonymous_0)
FN:38,(anonymous_1)
FN:48,(anonymous_2)
FN:73,(anonymous_3)
FN:85,(anonymous_4)
FN:100,(anonymous_5)
FN:103,(anonymous_6)
FN:114,(anonymous_7)
FN:140,(anonymous_8)
FN:154,(anonymous_9)
FN:160,(anonymous_10)
FNF:11
FNH:8
FNDA:4,(anonymous_0)
FNDA:4,(anonymous_1)
FNDA:3,(anonymous_2)
FNDA:1,(anonymous_3)
FNDA:6,(anonymous_4)
FNDA:6,(anonymous_5)
FNDA:4,(anonymous_6)
FNDA:10,(anonymous_7)
FNDA:0,(anonymous_8)
FNDA:0,(anonymous_9)
FNDA:0,(anonymous_10)
DA:26,4
DA:27,4
DA:39,4
DA:40,4
DA:49,3
DA:52,1
DA:53,1
DA:55,1
DA:65,2
DA:77,1
DA:78,1
DA:86,6
DA:87,6
DA:88,4
DA:101,6
DA:102,6
DA:103,2
DA:104,4
DA:117,10
DA:118,10
DA:140,0
DA:154,4
DA:160,4
LF:23
LH:22
BRDA:49,0,0,1
BRDA:49,0,1,2
BRDA:87,1,0,4
BRDA:87,1,1,2
BRDA:102,2,0,2
BRDA:102,2,1,4
BRDA:125,3,0,4
BRDA:125,3,1,6
BRDA:136,4,0,2
BRDA:136,4,1,4
BRDA:137,5,0,0
BRDA:137,5,1,2
BRDA:138,6,0,0
BRDA:138,6,1,2
BRF:14
BRH:12
end_of_record
TN:
SF:/Users/gabrielmicah/Desktop/projects/event-manager/client/src/components/bodyComponents/MyEvents.jsx
FN:19,(anonymous_0)
FN:30,(anonymous_1)
FN:40,(anonymous_2)
FN:59,(anonymous_3)
FNF:4
FNH:3
FNDA:2,(anonymous_0)
FNDA:2,(anonymous_1)
FNDA:2,(anonymous_2)
FNDA:0,(anonymous_3)
DA:20,2
DA:21,2
DA:31,2
DA:32,1
DA:41,2
DA:42,1
DA:45,1
DA:59,3
LF:8
LH:8
BRDA:31,0,0,1
BRDA:31,0,1,1
BRDA:41,1,0,1
BRDA:41,1,1,1
BRF:4
BRH:4
end_of_record
TN:
SF:/Users/gabrielmicah/Desktop/projects/event-manager/client/src/components/bodyComponents/eventsCard/EventCard.jsx
FN:36,(anonymous_0)
FN:51,(anonymous_1)
FN:60,(anonymous_2)
FN:70,(anonymous_3)
FN:78,(anonymous_4)
FN:86,(anonymous_5)
FN:96,(anonymous_6)
FN:97,(anonymous_7)
FN:108,(anonymous_8)
FN:127,(anonymous_9)
FN:131,(anonymous_10)
FN:147,(anonymous_11)
FN:174,(anonymous_12)
FN:180,(anonymous_13)
FN:186,(anonymous_14)
FN:207,(anonymous_15)
FN:313,(anonymous_16)
FN:317,(anonymous_17)
FNF:18
FNH:12
FNDA:9,(anonymous_0)
FNDA:9,(anonymous_1)
FNDA:9,(anonymous_2)
FNDA:1,(anonymous_3)
FNDA:1,(anonymous_4)
FNDA:1,(anonymous_5)
FNDA:1,(anonymous_6)
FNDA:1,(anonymous_7)
FNDA:11,(anonymous_8)
FNDA:0,(anonymous_9)
FNDA:0,(anonymous_10)
FNDA:20,(anonymous_11)
FNDA:20,(anonymous_12)
FNDA:0,(anonymous_13)
FNDA:0,(anonymous_14)
FNDA:20,(anonymous_15)
FNDA:0,(anonymous_16)
FNDA:0,(anonymous_17)
DA:37,9
DA:38,9
DA:43,9
DA:44,9
DA:52,9
DA:53,9
DA:61,9
DA:71,1
DA:79,1
DA:87,1
DA:88,1
DA:97,1
DA:98,1
DA:99,0
DA:109,11
DA:110,11
DA:127,0
DA:131,0
DA:148,20
DA:149,20
DA:154,11
DA:175,20
DA:180,0
DA:186,0
DA:190,20
DA:208,20
DA:210,20
DA:212,20
DA:224,20
DA:226,20
DA:227,20
DA:230,20
DA:232,20
DA:238,20
DA:309,12
DA:313,12
DA:317,12
LF:37
LH:32
BRDA:98,0,0,0
BRDA:98,0,1,0
BRDA:109,1,0,11
BRDA:109,1,1,0
BRDA:149,2,0,11
BRDA:149,2,1,9
BRDA:150,3,0,20
BRDA:150,3,1,20
BRDA:150,3,2,9
BRDA:230,4,0,9
BRDA:230,4,1,11
BRDA:232,5,0,11
BRDA:232,5,1,9
BRDA:234,6,0,0
BRDA:234,6,1,9
BRDA:244,7,0,0
BRDA:244,7,1,20
BRDA:284,8,0,11
BRDA:284,8,1,9
BRDA:287,9,0,20
BRDA:287,9,1,9
BRDA:287,9,2,11
BRDA:300,10,0,11
BRDA:300,10,1,9
BRF:24
BRH:19
end_of_record
TN:
SF:/Users/gabrielmicah/Desktop/projects/event-manager/client/src/components/bodyComponents/floatingActionButton/FloatingActionButton.jsx
FN:12,(anonymous_0)
FN:20,(anonymous_1)
FN:37,(anonymous_2)
FN:52,(anonymous_3)
FNF:4
FNH:4
FNDA:2,(anonymous_0)
FNDA:1,(anonymous_1)
FNDA:2,(anonymous_2)
FNDA:1,(anonymous_3)
DA:13,2
DA:21,1
DA:38,2
DA:39,1
DA:40,1
DA:42,1
DA:48,1
DA:52,7
LF:8
LH:8
BRDA:38,0,0,1
BRDA:38,0,1,1
BRDA:40,1,0,1
BRDA:40,1,1,0
BRF:4
BRH:3
end_of_record
TN:
SF:/Users/gabrielmicah/Desktop/projects/event-manager/client/src/components/bodyComponents/footer/CallToAction.jsx
FN:12,(anonymous_0)
FN:20,(anonymous_1)
FNF:2
FNH:2
FNDA:1,(anonymous_0)
FNDA:1,(anonymous_1)
DA:13,1
DA:21,1
LF:2
LH:2
BRF:0
BRH:0
end_of_record
TN:
SF:/Users/gabrielmicah/Desktop/projects/event-manager/client/src/components/bodyComponents/footer/Footer.jsx
FN:12,(anonymous_0)
FNF:1
FNH:1
FNDA:1,(anonymous_0)
DA:13,1
DA:14,1
LF:2
LH:2
BRF:0
BRH:0
end_of_record
TN:
SF:/Users/gabrielmicah/Desktop/projects/event-manager/client/src/components/bodyComponents/headNav/fixedNav.jsx
FN:51,(anonymous_0)
FN:60,(anonymous_1)
FN:68,(anonymous_2)
FN:76,(anonymous_3)
FN:84,(anonymous_4)
FN:94,(anonymous_5)
FN:99,(anonymous_6)
FN:120,(anonymous_7)
FN:176,(anonymous_8)
FN:183,(anonymous_9)
FN:186,(anonymous_10)
FN:222,(anonymous_11)
FN:252,(anonymous_12)
FN:256,(anonymous_13)
FNF:14
FNH:11
FNDA:7,(anonymous_0)
FNDA:7,(anonymous_1)
FNDA:1,(anonymous_2)
FNDA:1,(anonymous_3)
FNDA:1,(anonymous_4)
FNDA:9,(anonymous_5)
FNDA:0,(anonymous_6)
FNDA:10,(anonymous_7)
FNDA:1,(anonymous_8)
FNDA:0,(anonymous_9)
FNDA:0,(anonymous_10)
FNDA:9,(anonymous_11)
FNDA:1,(anonymous_12)
FNDA:1,(anonymous_13)
DA:32,7
DA:36,7
DA:52,7
DA:53,7
DA:61,7
DA:69,1
DA:77,1
DA:85,1
DA:86,1
DA:87,1
DA:95,9
DA:99,0
DA:123,10
DA:124,2
DA:141,8
DA:177,1
DA:183,0
DA:186,0
DA:223,9
DA:252,7
DA:256,7
DA:257,1
LF:22
LH:19
BRDA:123,0,0,2
BRDA:123,0,1,8
BRDA:191,1,0,1
BRDA:191,1,1,0
BRDA:199,2,0,0
BRDA:199,2,1,1
BRF:6
BRH:4
end_of_record
TN:
SF:/Users/gabrielmicah/Desktop/projects/event-manager/client/src/components/bodyComponents/headNav/headbanner.jsx
FN:43,(anonymous_0)
FN:58,(anonymous_1)
FN:68,(anonymous_2)
FN:77,(anonymous_3)
FN:80,(anonymous_4)
FN:98,(anonymous_5)
FN:106,(anonymous_6)
FN:114,(anonymous_7)
FN:162,(anonymous_8)
FN:172,(anonymous_9)
FN:175,toggle
FN:192,(anonymous_11)
FN:199,(anonymous_12)
FN:202,(anonymous_13)
FN:239,(anonymous_14)
FN:253,(anonymous_15)
FN:297,(anonymous_16)
FN:302,(anonymous_17)
FNF:18
FNH:14
FNDA:8,(anonymous_0)
FNDA:8,(anonymous_1)
FNDA:1,(anonymous_2)
FNDA:9,(anonymous_3)
FNDA:9,(anonymous_4)
FNDA:1,(anonymous_5)
FNDA:1,(anonymous_6)
FNDA:12,(anonymous_7)
FNDA:1,(anonymous_8)
FNDA:8,(anonymous_9)
FNDA:0,toggle
FNDA:10,(anonymous_11)
FNDA:0,(anonymous_12)
FNDA:0,(anonymous_13)
FNDA:10,(anonymous_14)
FNDA:0,(anonymous_15)
FNDA:1,(anonymous_16)
FNDA:1,(anonymous_17)
DA:25,4
DA:44,8
DA:45,8
DA:49,8
DA:50,8
DA:51,8
DA:59,8
DA:60,8
DA:69,1
DA:70,1
DA:78,9
DA:79,9
DA:80,9
DA:81,9
DA:82,9
DA:86,9
DA:87,0
DA:89,9
DA:99,1
DA:107,1
DA:117,12
DA:118,3
DA:130,9
DA:163,1
DA:164,1
DA:165,1
DA:173,8
DA:174,8
DA:177,0
DA:183,0
DA:185,8
DA:193,10
DA:199,0
DA:202,0
DA:240,10
DA:253,0
DA:293,4
DA:297,4
DA:302,4
DA:303,1
LF:40
LH:34
BRDA:86,0,0,0
BRDA:86,0,1,9
BRDA:117,1,0,3
BRDA:117,1,1,9
BRDA:207,2,0,10
BRDA:207,2,1,0
BRDA:215,3,0,1
BRDA:215,3,1,9
BRF:8
BRH:6
end_of_record
TN:
SF:/Users/gabrielmicah/Desktop/projects/event-manager/client/src/components/bodyComponents/headNav/nav.jsx
FN:42,(anonymous_0)
FN:51,(anonymous_1)
FN:59,(anonymous_2)
FN:67,(anonymous_3)
FN:75,(anonymous_4)
FN:85,(anonymous_5)
FN:129,(anonymous_6)
FN:136,(anonymous_7)
FN:139,(anonymous_8)
FN:175,(anonymous_9)
FN:188,(anonymous_10)
FN:208,(anonymous_11)
FN:212,(anonymous_12)
FNF:13
FNH:10
FNDA:6,(anonymous_0)
FNDA:6,(anonymous_1)
FNDA:1,(anonymous_2)
FNDA:1,(anonymous_3)
FNDA:1,(anonymous_4)
FNDA:10,(anonymous_5)
FNDA:8,(anonymous_6)
FNDA:0,(anonymous_7)
FNDA:0,(anonymous_8)
FNDA:8,(anonymous_9)
FNDA:0,(anonymous_10)
FNDA:1,(anonymous_11)
FNDA:1,(anonymous_12)
DA:43,6
DA:44,6
DA:52,6
DA:60,1
DA:68,1
DA:76,1
DA:77,1
DA:78,1
DA:88,10
DA:89,3
DA:97,7
DA:130,8
DA:136,0
DA:139,0
DA:176,8
DA:188,0
DA:208,4
DA:212,4
DA:213,1
LF:19
LH:16
BRDA:88,0,0,3
BRDA:88,0,1,7
BRDA:144,1,0,8
BRDA:144,1,1,8
BRDA:152,2,0,1
BRDA:152,2,1,7
BRF:6
BRH:6
end_of_record
TN:
SF:/Users/gabrielmicah/Desktop/projects/event-manager/client/src/components/centerComponent/allCenters/AllCenters.jsx
FN:28,(anonymous_0)
FN:42,(anonymous_1)
FN:52,(anonymous_2)
FN:64,(anonymous_3)
FN:86,(anonymous_4)
FN:95,(anonymous_5)
FN:98,(anonymous_6)
FN:99,(anonymous_7)
FN:112,(anonymous_8)
FN:124,(anonymous_9)
FN:140,(anonymous_10)
FN:154,(anonymous_11)
FN:169,(anonymous_12)
FN:206,(anonymous_13)
FN:210,(anonymous_14)
FNF:15
FNH:10
FNDA:1,(anonymous_0)
FNDA:1,(anonymous_1)
FNDA:6,(anonymous_2)
FNDA:2,(anonymous_3)
FNDA:1,(anonymous_4)
FNDA:12,(anonymous_5)
FNDA:0,(anonymous_6)
FNDA:0,(anonymous_7)
FNDA:1,(anonymous_8)
FNDA:15,(anonymous_9)
FNDA:0,(anonymous_10)
FNDA:13,(anonymous_11)
FNDA:15,(anonymous_12)
FNDA:0,(anonymous_13)
FNDA:0,(anonymous_14)
DA:29,1
DA:30,1
DA:31,1
DA:35,1
DA:43,1
DA:44,1
DA:55,6
DA:56,6
DA:60,6
DA:61,2
DA:62,2
DA:63,2
DA:65,2
DA:69,6
DA:70,6
DA:87,1
DA:88,1
DA:96,12
DA:97,12
DA:98,0
DA:100,0
DA:102,0
DA:116,1
DA:117,1
DA:131,15
DA:133,15
DA:134,12
DA:135,0
DA:137,12
DA:138,12
DA:140,0
DA:155,13
DA:156,13
DA:157,13
DA:170,15
DA:171,15
DA:199,4
DA:206,4
DA:210,4
DA:211,0
LF:40
LH:34
BRDA:60,0,0,2
BRDA:60,0,1,4
BRDA:65,1,0,0
BRDA:65,1,1,2
BRDA:69,2,0,6
BRDA:69,2,1,0
BRDA:133,3,0,12
BRDA:133,3,1,3
BRDA:133,4,0,15
BRDA:133,4,1,12
BRDA:134,5,0,0
BRDA:134,5,1,12
BRDA:137,6,0,12
BRDA:137,6,1,0
BRDA:156,7,0,13
BRDA:156,7,1,0
BRDA:181,8,0,3
BRDA:181,8,1,12
BRDA:188,9,0,3
BRDA:188,9,1,12
BRF:20
BRH:15
end_of_record
TN:
SF:/Users/gabrielmicah/Desktop/projects/event-manager/client/src/components/centerComponent/allCenters/SearchFasterForm.jsx
FN:17,(anonymous_0)
FN:33,(anonymous_1)
FN:44,(anonymous_2)
FN:59,(anonymous_3)
FNF:4
FNH:4
FNDA:1,(anonymous_0)
FNDA:1,(anonymous_1)
FNDA:1,(anonymous_2)
FNDA:3,(anonymous_3)
DA:18,1
DA:19,1
DA:24,1
DA:25,1
DA:34,1
DA:45,1
DA:46,1
DA:50,1
DA:51,1
DA:62,3
DA:64,3
DA:115,7
LF:12
LH:12
BRDA:50,0,0,1
BRDA:50,0,1,0
BRDA:50,1,0,1
BRDA:50,1,1,0
BRDA:50,1,2,0
BRDA:74,2,0,3
BRDA:74,2,1,1
BRDA:86,3,0,3
BRDA:86,3,1,1
BRDA:97,4,0,3
BRDA:97,4,1,2
BRF:11
BRH:8
end_of_record
TN:
SF:/Users/gabrielmicah/Desktop/projects/event-manager/client/src/components/centerComponent/allCenters/index.jsx
FN:19,(anonymous_0)
FNF:1
FNH:1
FNDA:1,(anonymous_0)
DA:20,1
LF:1
LH:1
BRF:0
BRH:0
end_of_record
TN:
SF:/Users/gabrielmicah/Desktop/projects/event-manager/client/src/components/centerComponent/centerCard/CenterCard.jsx
FN:17,(anonymous_0)
FN:26,(anonymous_1)
FN:35,(anonymous_2)
FN:49,(anonymous_3)
FNF:4
FNH:4
FNDA:1,(anonymous_0)
FNDA:1,(anonymous_1)
FNDA:1,(anonymous_2)
FNDA:1,(anonymous_3)
DA:8,13
DA:18,1
DA:19,1
DA:27,1
DA:36,1
DA:50,1
DA:51,1
DA:88,13
LF:8
LH:8
BRDA:57,0,0,1
BRDA:57,0,1,0
BRF:2
BRH:1
end_of_record
TN:
SF:/Users/gabrielmicah/Desktop/projects/event-manager/client/src/components/centerComponent/centerDetail/CenterDetail.jsx
FN:41,(anonymous_0)
FN:63,(anonymous_1)
FN:78,(anonymous_2)
FN:103,(anonymous_3)
FN:111,(anonymous_4)
FN:120,(anonymous_5)
FN:128,(anonymous_6)
FN:136,(anonymous_7)
FN:144,(anonymous_8)
FN:179,(anonymous_9)
FN:191,(anonymous_10)
FN:207,(anonymous_11)
FN:208,(anonymous_12)
FN:217,(anonymous_13)
FN:345,(anonymous_14)
FN:350,(anonymous_15)
FNF:16
FNH:14
FNDA:1,(anonymous_0)
FNDA:1,(anonymous_1)
FNDA:2,(anonymous_2)
FNDA:1,(anonymous_3)
FNDA:1,(anonymous_4)
FNDA:1,(anonymous_5)
FNDA:0,(anonymous_6)
FNDA:0,(anonymous_7)
FNDA:1,(anonymous_8)
FNDA:1,(anonymous_9)
FNDA:1,(anonymous_10)
FNDA:1,(anonymous_11)
FNDA:13,(anonymous_12)
FNDA:8,(anonymous_13)
FNDA:1,(anonymous_14)
FNDA:1,(anonymous_15)
DA:31,4
DA:42,1
DA:44,1
DA:55,1
DA:56,1
DA:64,1
DA:65,1
DA:66,1
DA:67,1
DA:68,1
DA:69,1
DA:79,2
DA:80,2
DA:81,2
DA:83,2
DA:84,0
DA:87,2
DA:88,1
DA:89,0
DA:90,0
DA:92,1
DA:104,1
DA:112,1
DA:113,1
DA:121,1
DA:129,0
DA:137,0
DA:145,1
DA:149,1
DA:150,1
DA:180,1
DA:181,1
DA:182,1
DA:192,1
DA:193,1
DA:208,1
DA:209,13
DA:218,8
DA:219,8
DA:230,0
DA:232,0
DA:240,0
DA:335,8
DA:339,4
DA:345,4
DA:350,4
DA:351,1
LF:47
LH:39
BRDA:68,0,0,1
BRDA:68,0,1,0
BRDA:80,1,0,1
BRDA:80,1,1,1
BRDA:81,2,0,1
BRDA:81,2,1,1
BRDA:83,3,0,0
BRDA:83,3,1,2
BRDA:87,4,0,1
BRDA:87,4,1,1
BRDA:88,5,0,0
BRDA:88,5,1,1
BRDA:149,6,0,1
BRDA:149,6,1,0
BRDA:181,7,0,1
BRDA:181,7,1,0
BRDA:192,8,0,1
BRDA:192,8,1,0
BRDA:219,9,0,0
BRDA:219,9,1,8
BRDA:246,10,0,0
BRDA:246,10,1,0
BRDA:247,11,0,0
BRDA:247,11,1,0
BRDA:253,12,0,0
BRDA:253,12,1,0
BRF:26
BRH:13
end_of_record
TN:
SF:/Users/gabrielmicah/Desktop/projects/event-manager/client/src/components/centerComponent/centerDetail/CurrentEventForCenter.jsx
FN:17,(anonymous_0)
FN:27,(anonymous_1)
FN:31,(anonymous_2)
FN:35,(anonymous_3)
FN:41,(anonymous_4)
FN:63,(anonymous_5)
FN:64,(anonymous_6)
FN:89,(anonymous_7)
FN:110,(anonymous_8)
FN:115,(anonymous_9)
FN:154,(anonymous_10)
FNF:11
FNH:9
FNDA:2,(anonymous_0)
FNDA:1,(anonymous_1)
FNDA:1,(anonymous_2)
FNDA:13,(anonymous_3)
FNDA:0,(anonymous_4)
FNDA:13,(anonymous_5)
FNDA:12,(anonymous_6)
FNDA:0,(anonymous_7)
FNDA:4,(anonymous_8)
FNDA:12,(anonymous_9)
FNDA:1,(anonymous_10)
DA:18,2
DA:19,2
DA:23,2
DA:24,2
DA:28,1
DA:32,1
DA:36,13
DA:41,0
DA:51,13
DA:64,13
DA:65,12
DA:81,13
DA:82,13
DA:89,0
DA:112,4
DA:114,4
DA:115,3
DA:116,12
DA:132,1
DA:139,4
DA:150,5
DA:154,5
DA:155,1
LF:23
LH:21
BRDA:81,0,0,13
BRDA:81,0,1,0
BRDA:84,1,0,0
BRDA:84,1,1,13
BRDA:100,2,0,1
BRDA:100,2,1,12
BRDA:114,3,0,3
BRDA:114,3,1,1
BRF:8
BRH:6
end_of_record
TN:
SF:/Users/gabrielmicah/Desktop/projects/event-manager/client/src/components/centerComponent/centerDetail/RecommCenter.jsx
FN:19,(anonymous_0)
FN:35,(anonymous_1)
FN:44,(anonymous_2)
FN:53,(anonymous_3)
FN:55,(anonymous_4)
FN:58,(anonymous_5)
FN:71,(anonymous_6)
FN:73,(anonymous_7)
FN:92,(anonymous_8)
FNF:9
FNH:8
FNDA:1,(anonymous_0)
FNDA:1,(anonymous_1)
FNDA:1,(anonymous_2)
FNDA:2,(anonymous_3)
FNDA:0,(anonymous_4)
FNDA:2,(anonymous_5)
FNDA:5,(anonymous_6)
FNDA:8,(anonymous_7)
FNDA:4,(anonymous_8)
DA:20,1
DA:21,1
DA:22,1
DA:36,1
DA:45,1
DA:54,2
DA:56,0
DA:59,2
DA:72,5
DA:73,2
DA:74,8
DA:76,8
DA:83,3
DA:95,4
DA:96,4
DA:97,4
DA:113,5
LF:17
LH:16
BRDA:72,0,0,2
BRDA:72,0,1,3
BRDA:101,1,0,1
BRDA:101,1,1,3
BRDA:103,2,0,3
BRDA:103,2,1,0
BRDA:104,3,0,0
BRDA:104,3,1,0
BRF:8
BRH:5
end_of_record
TN:
SF:/Users/gabrielmicah/Desktop/projects/event-manager/client/src/components/centerComponent/centerDetail/index.jsx
FN:18,(anonymous_0)
FN:65,(anonymous_1)
FNF:2
FNH:2
FNDA:1,(anonymous_0)
FNDA:1,(anonymous_1)
DA:19,1
DA:66,1
LF:2
LH:2
BRF:0
BRH:0
end_of_record
TN:
SF:/Users/gabrielmicah/Desktop/projects/event-manager/client/src/components/form/formInput.jsx
FN:4,(anonymous_0)
FNF:1
FNH:1
FNDA:20,(anonymous_0)
DA:4,18
DA:7,20
DA:23,18
DA:24,18
DA:25,18
DA:27,18
LF:6
LH:6
BRDA:5,0,0,10
BRDA:15,1,0,20
BRDA:15,1,1,10
BRDA:19,2,0,20
BRDA:19,2,1,3
BRF:5
BRH:5
end_of_record
TN:
SF:/Users/gabrielmicah/Desktop/projects/event-manager/client/src/components/modals/CenterModal.jsx
FN:12,(anonymous_0)
FNF:1
FNH:1
FNDA:1,(anonymous_0)
DA:13,1
LF:1
LH:1
BRF:0
BRH:0
end_of_record
TN:
SF:/Users/gabrielmicah/Desktop/projects/event-manager/client/src/components/modals/EventModal.jsx
FN:25,(anonymous_0)
FN:59,(anonymous_1)
FN:87,(anonymous_2)
FN:91,(anonymous_3)
FN:97,(anonymous_4)
FN:105,(anonymous_5)
FN:122,(anonymous_6)
FN:139,(anonymous_7)
FN:143,(anonymous_8)
FN:147,(anonymous_9)
FN:160,(anonymous_10)
FN:164,(anonymous_11)
FN:180,(anonymous_12)
FN:190,(anonymous_13)
FN:340,(anonymous_14)
FN:348,(anonymous_15)
FNF:16
FNH:16
FNDA:1,(anonymous_0)
FNDA:1,(anonymous_1)
FNDA:1,(anonymous_2)
FNDA:1,(anonymous_3)
FNDA:1,(anonymous_4)
FNDA:1,(anonymous_5)
FNDA:1,(anonymous_6)
FNDA:1,(anonymous_7)
FNDA:1,(anonymous_8)
FNDA:2,(anonymous_9)
FNDA:1,(anonymous_10)
FNDA:3,(anonymous_11)
FNDA:1,(anonymous_12)
FNDA:16,(anonymous_13)
FNDA:1,(anonymous_14)
FNDA:1,(anonymous_15)
DA:18,5
DA:26,1
DA:28,1
DA:29,1
DA:30,1
DA:31,1
DA:33,1
DA:49,1
DA:50,1
DA:51,1
DA:52,1
DA:53,1
DA:54,1
DA:55,1
DA:56,1
DA:60,1
DA:61,1
DA:68,1
DA:69,1
DA:80,0
DA:88,1
DA:92,1
DA:93,1
DA:94,1
DA:98,1
DA:99,1
DA:100,0
DA:102,1
DA:106,1
DA:107,1
DA:112,1
DA:116,0
DA:123,1
DA:124,1
DA:129,1
DA:133,0
DA:140,1
DA:144,1
DA:148,2
DA:149,1
DA:150,1
DA:151,1
DA:156,1
DA:161,1
DA:165,3
DA:166,3
DA:168,2
DA:169,1
DA:173,1
DA:176,1
DA:181,1
DA:182,1
DA:183,1
DA:186,1
DA:199,16
DA:200,16
DA:219,16
DA:340,5
DA:341,1
DA:348,5
DA:349,1
LF:61
LH:57
BRDA:60,0,0,1
BRDA:60,0,1,0
BRDA:61,1,0,1
BRDA:61,1,1,0
BRDA:92,2,0,1
BRDA:92,2,1,0
BRDA:93,3,0,1
BRDA:93,3,1,0
BRDA:94,4,0,0
BRDA:94,4,1,1
BRDA:99,5,0,0
BRDA:99,5,1,1
BRDA:106,6,0,1
BRDA:106,6,1,0
BRDA:123,7,0,1
BRDA:123,7,1,0
BRDA:148,8,0,1
BRDA:148,8,1,1
BRDA:166,9,0,2
BRDA:166,9,1,1
BRDA:166,10,0,3
BRDA:166,10,1,3
BRDA:168,11,0,1
BRDA:168,11,1,1
BRDA:182,12,0,1
BRDA:182,12,1,0
BRDA:204,13,0,1
BRDA:204,13,1,15
BRDA:228,14,0,14
BRDA:228,14,1,2
BRDA:267,15,0,16
BRDA:267,15,1,16
BRDA:282,16,0,16
BRDA:282,16,1,0
BRDA:297,17,0,16
BRDA:297,17,1,0
BRDA:314,18,0,16
BRDA:314,18,1,1
BRF:38
BRH:27
end_of_record
TN:
SF:/Users/gabrielmicah/Desktop/projects/event-manager/client/src/components/modals/SearchModal.jsx
FN:24,(anonymous_0)
FN:38,(anonymous_1)
FN:40,(anonymous_2)
FN:51,(anonymous_3)
FN:67,(anonymous_4)
FN:81,(anonymous_5)
FN:84,(anonymous_6)
FN:95,(anonymous_7)
FN:98,(anonymous_8)
FN:113,(anonymous_9)
FN:169,(anonymous_10)
FN:174,(anonymous_11)
FNF:12
FNH:10
FNDA:1,(anonymous_0)
FNDA:1,(anonymous_1)
FNDA:1,(anonymous_2)
FNDA:1,(anonymous_3)
FNDA:1,(anonymous_4)
FNDA:3,(anonymous_5)
FNDA:1,(anonymous_6)
FNDA:3,(anonymous_7)
FNDA:2,(anonymous_8)
FNDA:3,(anonymous_9)
FNDA:0,(anonymous_10)
FNDA:0,(anonymous_11)
DA:25,1
DA:26,1
DA:27,1
DA:31,1
DA:39,1
DA:40,1
DA:41,1
DA:42,1
DA:52,1
DA:53,1
DA:54,1
DA:56,1
DA:57,1
DA:58,1
DA:68,1
DA:69,1
DA:70,1
DA:71,1
DA:72,1
DA:73,1
DA:82,3
DA:83,3
DA:84,1
DA:85,1
DA:88,2
DA:96,3
DA:97,3
DA:98,2
DA:99,2
DA:101,2
DA:106,1
DA:114,3
DA:164,8
DA:169,8
DA:174,8
DA:175,0
LF:36
LH:35
BRDA:52,0,0,1
BRDA:52,0,1,0
BRDA:56,1,0,1
BRDA:56,1,1,0
BRDA:70,2,0,1
BRDA:70,2,1,0
BRDA:83,3,0,1
BRDA:83,3,1,2
BRDA:97,4,0,2
BRDA:97,4,1,1
BRF:10
BRH:7
end_of_record
TN:
SF:/Users/gabrielmicah/Desktop/projects/event-manager/client/src/components/modals/index.jsx
FN:14,(anonymous_0)
FN:39,(anonymous_1)
FNF:2
FNH:2
FNDA:1,(anonymous_0)
FNDA:1,(anonymous_1)
DA:15,1
DA:40,1
LF:2
LH:2
BRF:0
BRH:0
end_of_record
TN:
SF:/Users/gabrielmicah/Desktop/projects/event-manager/client/src/components/modals/validateInput.js
FN:4,validateEventInput
FN:24,validateCenterInput
FNF:2
FNH:2
FNDA:4,validateEventInput
FNDA:4,validateCenterInput
DA:5,4
DA:7,4
DA:8,3
DA:11,4
DA:12,1
DA:14,4
DA:15,3
DA:18,4
DA:25,4
DA:27,4
DA:28,4
DA:31,4
DA:32,4
DA:35,4
DA:36,4
DA:39,4
DA:40,1
DA:43,4
LF:18
LH:18
BRDA:7,0,0,3
BRDA:7,0,1,1
BRDA:11,1,0,1
BRDA:11,1,1,3
BRDA:14,2,0,3
BRDA:14,2,1,1
BRDA:27,3,0,4
BRDA:27,3,1,0
BRDA:31,4,0,4
BRDA:31,4,1,0
BRDA:35,5,0,4
BRDA:35,5,1,0
BRDA:39,6,0,1
BRDA:39,6,1,3
BRF:14
BRH:11
end_of_record
TN:
SF:/Users/gabrielmicah/Desktop/projects/event-manager/client/src/helpers/index.js
FN:11,(anonymous_0)
FN:21,(anonymous_1)
FN:31,(anonymous_2)
FNF:3
FNH:3
FNDA:2,(anonymous_0)
FNDA:11,(anonymous_1)
FNDA:2,(anonymous_2)
DA:12,2
DA:22,11
DA:32,2
LF:3
LH:3
BRF:0
BRH:0
end_of_record
TN:
SF:/Users/gabrielmicah/Desktop/projects/event-manager/client/src/reducers/activeCenterReducer.js
FN:10,(anonymous_0)
FNF:1
FNH:1
FNDA:46,(anonymous_0)
DA:12,46
DA:14,1
DA:17,1
DA:23,1
DA:28,1
DA:31,1
DA:32,1
DA:33,1
DA:36,1
DA:40,1
DA:43,0
DA:46,41
LF:12
LH:11
BRDA:10,0,0,12
BRDA:10,1,0,0
BRDA:12,2,0,1
BRDA:12,2,1,1
BRDA:12,2,2,1
BRDA:12,2,3,1
BRDA:12,2,4,1
BRDA:12,2,5,0
BRDA:12,2,6,41
BRF:9
BRH:7
end_of_record
TN:
SF:/Users/gabrielmicah/Desktop/projects/event-manager/client/src/reducers/authReducer.js
FN:13,(anonymous_0)
FNF:1
FNH:1
FNDA:46,(anonymous_0)
DA:4,4
DA:16,46
DA:18,0
DA:21,1
DA:28,1
DA:36,44
LF:6
LH:5
BRDA:13,0,0,12
BRDA:13,1,0,0
BRDA:16,2,0,0
BRDA:16,2,1,1
BRDA:16,2,2,1
BRDA:16,2,3,44
BRF:6
BRH:4
end_of_record
TN:
SF:/Users/gabrielmicah/Desktop/projects/event-manager/client/src/reducers/centerReducer.js
FN:20,(anonymous_0)
FNF:1
FNH:1
FNDA:46,(anonymous_0)
DA:16,4
DA:21,46
DA:23,1
DA:24,1
DA:25,1
DA:28,1
DA:29,1
DA:30,1
DA:33,1
DA:34,1
DA:37,1
DA:40,1
DA:47,1
DA:53,2
DA:57,2
DA:58,2
DA:59,2
DA:63,2
DA:64,1
DA:66,2
DA:69,2
DA:70,1
DA:72,1
DA:76,1
DA:82,35
LF:25
LH:25
BRDA:20,0,0,12
BRDA:20,1,0,0
BRDA:21,2,0,1
BRDA:21,2,1,1
BRDA:21,2,2,1
BRDA:21,2,3,1
BRDA:21,2,4,1
BRDA:21,2,5,1
BRDA:21,2,6,2
BRDA:21,2,7,2
BRDA:21,2,8,1
BRDA:21,2,9,35
BRDA:63,3,0,1
BRDA:63,3,1,1
BRDA:69,4,0,1
BRDA:69,4,1,1
BRF:16
BRH:15
end_of_record
TN:
SF:/Users/gabrielmicah/Desktop/projects/event-manager/client/src/reducers/eventReducer.js
FN:28,(anonymous_0)
FN:63,(anonymous_1)
FN:84,(anonymous_2)
FNF:3
FNH:2
FNDA:46,(anonymous_0)
FNDA:0,(anonymous_1)
FNDA:4,(anonymous_2)
DA:19,4
DA:21,4
DA:29,46
DA:31,4
DA:32,4
DA:35,2
DA:36,2
DA:38,2
DA:39,2
DA:41,2
DA:42,2
DA:45,0
DA:49,0
DA:52,1
DA:59,1
DA:63,1
DA:64,0
DA:65,0
DA:68,1
DA:69,1
DA:70,1
DA:72,1
DA:75,1
DA:79,1
DA:82,1
DA:83,1
DA:84,4
DA:85,1
DA:86,1
DA:87,1
DA:89,1
DA:92,1
DA:98,1
DA:102,1
DA:105,1
DA:111,1
DA:118,1
DA:119,1
DA:121,1
DA:125,1
DA:129,1
DA:133,0
DA:135,1
DA:138,1
DA:139,1
DA:140,1
DA:142,0
DA:144,1
DA:147,0
DA:150,30
LF:50
LH:43
BRDA:28,0,0,12
BRDA:28,1,0,0
BRDA:29,2,0,4
BRDA:29,2,1,2
BRDA:29,2,2,0
BRDA:29,2,3,1
BRDA:29,2,4,1
BRDA:29,2,5,1
BRDA:29,2,6,1
BRDA:29,2,7,1
BRDA:29,2,8,1
BRDA:29,2,9,1
BRDA:29,2,10,1
BRDA:29,2,11,1
BRDA:29,2,12,1
BRDA:29,2,13,0
BRDA:29,2,14,30
BRDA:64,3,0,0
BRDA:64,3,1,0
BRDA:129,4,0,0
BRDA:129,4,1,1
BRDA:139,5,0,1
BRDA:139,5,1,0
BRF:23
BRH:16
end_of_record
